
> mcp@0.5.0 test
> vitest run --coverage --run --reporter=json

{"numTotalTestSuites":35,"numPassedTestSuites":35,"numFailedTestSuites":0,"numPendingTestSuites":0,"numTotalTests":60,"numPassedTests":60,"numFailedTests":0,"numPendingTests":0,"numTodoTests":0,"snapshot":{"added":0,"failure":false,"filesAdded":0,"filesRemoved":0,"filesRemovedList":[],"filesUnmatched":0,"filesUpdated":0,"matched":0,"total":0,"unchecked":0,"uncheckedKeysByFile":[],"unmatched":0,"updated":0,"didUpdate":false},"startTime":1749048319097,"success":true,"testResults":[{"assertionResults":[{"ancestorTitles":["fetchArticleContent"],"fullName":"fetchArticleContent 有効なURLから記事内容を正常に取得する","status":"passed","title":"有効なURLから記事内容を正常に取得する","duration":2.2852499999999907,"failureMessages":[],"meta":{}},{"ancestorTitles":["fetchArticleContent"],"fullName":"fetchArticleContent 無効なURLでエラーを投げる","status":"passed","title":"無効なURLでエラーを投げる","duration":0.7339170000000195,"failureMessages":[],"meta":{}},{"ancestorTitles":["fetchArticleContent"],"fullName":"fetchArticleContent 存在しないURLで適切なエラーを投げる","status":"passed","title":"存在しないURLで適切なエラーを投げる","duration":0.11133399999999938,"failureMessages":[],"meta":{}},{"ancestorTitles":["generateRatingPrompt"],"fullName":"generateRatingPrompt 記事内容から適切な評価プロンプトを生成する","status":"passed","title":"記事内容から適切な評価プロンプトを生成する","duration":0.22445899999999597,"failureMessages":[],"meta":{}},{"ancestorTitles":["generateRatingPrompt"],"fullName":"generateRatingPrompt 記事内容がnullの場合でもプロンプトを生成する","status":"passed","title":"記事内容がnullの場合でもプロンプトを生成する","duration":0.07250000000001933,"failureMessages":[],"meta":{}},{"ancestorTitles":["generateRatingPrompt"],"fullName":"generateRatingPrompt メタデータが不完全でもプロンプトを生成する","status":"passed","title":"メタデータが不完全でもプロンプトを生成する","duration":0.10345799999998917,"failureMessages":[],"meta":{}},{"ancestorTitles":["generateRatingPrompt","エラーハンドリングテスト"],"fullName":"generateRatingPrompt エラーハンドリングテスト ネットワークエラーを適切に処理する","status":"passed","title":"ネットワークエラーを適切に処理する","duration":0.12162499999999454,"failureMessages":[],"meta":{}},{"ancestorTitles":["generateRatingPrompt","エラーハンドリングテスト"],"fullName":"generateRatingPrompt エラーハンドリングテスト JSONパースエラーを適切に処理する","status":"passed","title":"JSONパースエラーを適切に処理する","duration":0.32124999999999204,"failureMessages":[],"meta":{}},{"ancestorTitles":["generateRatingPrompt","エラーハンドリングテスト"],"fullName":"generateRatingPrompt エラーハンドリングテスト 空のHTMLドキュメントを処理する","status":"passed","title":"空のHTMLドキュメントを処理する","duration":0.3693330000000117,"failureMessages":[],"meta":{}},{"ancestorTitles":[],"fullName":"記事内容取得機能が正しくエクスポートされている","status":"passed","title":"記事内容取得機能が正しくエクスポートされている","duration":0.06620800000001736,"failureMessages":[],"meta":{}},{"ancestorTitles":[],"fullName":"ArticleContent型が適切に定義されている","status":"passed","title":"ArticleContent型が適切に定義されている","duration":0.06816700000001674,"failureMessages":[],"meta":{}}],"startTime":1749048319320,"endTime":1749048319325.068,"status":"passed","message":"","name":"/Users/r-horie/private/yomimono/main/mcp/src/test/articleContentFetcher.test.ts"},{"assertionResults":[{"ancestorTitles":["getUnreadArticlesByLabel"],"fullName":"getUnreadArticlesByLabel APIクライアント関数が正しくエクスポートされている","status":"passed","title":"APIクライアント関数が正しくエクスポートされている","duration":0.6784999999999854,"failureMessages":[],"meta":{}},{"ancestorTitles":["getUnreadArticlesByLabel"],"fullName":"getUnreadArticlesByLabel 関数が正しいパラメータを受け取る","status":"passed","title":"関数が正しいパラメータを受け取る","duration":0.23995799999997303,"failureMessages":[],"meta":{}}],"startTime":1749048319322,"endTime":1749048319323.24,"status":"passed","message":"","name":"/Users/r-horie/private/yomimono/main/mcp/src/test/getUnreadArticlesByLabel.test.ts"},{"assertionResults":[{"ancestorTitles":["MCP↔API統合テスト","記事評価ワークフロー統合"],"fullName":"MCP↔API統合テスト 記事評価ワークフロー統合 記事内容取得→評価作成→評価取得の完全なワークフローが動作すること","status":"passed","title":"記事内容取得→評価作成→評価取得の完全なワークフローが動作すること","duration":3.054000000000002,"failureMessages":[],"meta":{}},{"ancestorTitles":["MCP↔API統合テスト","記事評価ワークフロー統合"],"fullName":"MCP↔API統合テスト 記事評価ワークフロー統合 評価更新→統計取得のワークフローが動作すること","status":"passed","title":"評価更新→統計取得のワークフローが動作すること","duration":0.714334000000008,"failureMessages":[],"meta":{}},{"ancestorTitles":["MCP↔API統合テスト","記事評価ワークフロー統合"],"fullName":"MCP↔API統合テスト 記事評価ワークフロー統合 評価一覧取得とフィルタリングが動作すること","status":"passed","title":"評価一覧取得とフィルタリングが動作すること","duration":0.6285829999999919,"failureMessages":[],"meta":{}},{"ancestorTitles":["MCP↔API統合テスト","エラーハンドリング統合"],"fullName":"MCP↔API統合テスト エラーハンドリング統合 記事内容取得失敗→フォールバック→評価作成のワークフローが動作すること","status":"passed","title":"記事内容取得失敗→フォールバック→評価作成のワークフローが動作すること","duration":0.7057920000000024,"failureMessages":[],"meta":{}},{"ancestorTitles":["MCP↔API統合テスト","エラーハンドリング統合"],"fullName":"MCP↔API統合テスト エラーハンドリング統合 API エラーレスポンスが適切に処理されること","status":"passed","title":"API エラーレスポンスが適切に処理されること","duration":0.26054199999998673,"failureMessages":[],"meta":{}},{"ancestorTitles":["MCP↔API統合テスト","エラーハンドリング統合"],"fullName":"MCP↔API統合テスト エラーハンドリング統合 ネットワークエラーが適切に伝播されること","status":"passed","title":"ネットワークエラーが適切に伝播されること","duration":0.16916599999998994,"failureMessages":[],"meta":{}},{"ancestorTitles":["MCP↔API統合テスト","データ整合性チェック"],"fullName":"MCP↔API統合テスト データ整合性チェック MCPツールからAPIへのデータ変換が正しく行われること","status":"passed","title":"MCPツールからAPIへのデータ変換が正しく行われること","duration":0.4591250000000002,"failureMessages":[],"meta":{}},{"ancestorTitles":["MCP↔API統合テスト","データ整合性チェック"],"fullName":"MCP↔API統合テスト データ整合性チェック APIレスポンスの型安全性が保たれていること","status":"passed","title":"APIレスポンスの型安全性が保たれていること","duration":0.25670800000000327,"failureMessages":[],"meta":{}},{"ancestorTitles":[],"fullName":"MCP↔API統合テストが正しく設定されている","status":"passed","title":"MCP↔API統合テストが正しく設定されている","duration":0.09858299999999076,"failureMessages":[],"meta":{}}],"startTime":1749048319328,"endTime":1749048319335.0986,"status":"passed","message":"","name":"/Users/r-horie/private/yomimono/main/mcp/src/test/integration-mcp-api.test.ts"},{"assertionResults":[{"ancestorTitles":["MCP評価ツール統合テスト","rateArticleWithContent ツール"],"fullName":"MCP評価ツール統合テスト rateArticleWithContent ツール 記事内容を取得して評価プロンプトを生成する","status":"passed","title":"記事内容を取得して評価プロンプトを生成する","duration":1.7425829999999962,"failureMessages":[],"meta":{}},{"ancestorTitles":["MCP評価ツール統合テスト","rateArticleWithContent ツール"],"fullName":"MCP評価ツール統合テスト rateArticleWithContent ツール 記事内容取得をスキップした場合","status":"passed","title":"記事内容取得をスキップした場合","duration":0.20350000000001955,"failureMessages":[],"meta":{}},{"ancestorTitles":["MCP評価ツール統合テスト","rateArticleWithContent ツール"],"fullName":"MCP評価ツール統合テスト rateArticleWithContent ツール 記事内容取得エラー時のエラーハンドリング","status":"passed","title":"記事内容取得エラー時のエラーハンドリング","duration":0.17095799999998462,"failureMessages":[],"meta":{}},{"ancestorTitles":["MCP評価ツール統合テスト","createArticleRating ツール"],"fullName":"MCP評価ツール統合テスト createArticleRating ツール 記事評価を正常に作成する","status":"passed","title":"記事評価を正常に作成する","duration":0.29325000000000045,"failureMessages":[],"meta":{}},{"ancestorTitles":["MCP評価ツール統合テスト","createArticleRating ツール"],"fullName":"MCP評価ツール統合テスト createArticleRating ツール API エラー時のエラーハンドリング","status":"passed","title":"API エラー時のエラーハンドリング","duration":0.13187500000000796,"failureMessages":[],"meta":{}},{"ancestorTitles":["MCP評価ツール統合テスト","getArticleRating ツール"],"fullName":"MCP評価ツール統合テスト getArticleRating ツール 記事評価を正常に取得する","status":"passed","title":"記事評価を正常に取得する","duration":0.15454100000002313,"failureMessages":[],"meta":{}},{"ancestorTitles":["MCP評価ツール統合テスト","getArticleRating ツール"],"fullName":"MCP評価ツール統合テスト getArticleRating ツール 評価が存在しない場合","status":"passed","title":"評価が存在しない場合","duration":0.07729199999999992,"failureMessages":[],"meta":{}},{"ancestorTitles":["MCP評価ツール統合テスト","updateArticleRating ツール"],"fullName":"MCP評価ツール統合テスト updateArticleRating ツール 記事評価を正常に更新する","status":"passed","title":"記事評価を正常に更新する","duration":0.29025000000001455,"failureMessages":[],"meta":{}},{"ancestorTitles":["MCP評価ツール統合テスト","updateArticleRating ツール"],"fullName":"MCP評価ツール統合テスト updateArticleRating ツール 更新項目が空の場合のエラーハンドリング","status":"passed","title":"更新項目が空の場合のエラーハンドリング","duration":0.19874999999998977,"failureMessages":[],"meta":{}},{"ancestorTitles":["MCP評価ツール統合テスト","getArticleRatings ツール"],"fullName":"MCP評価ツール統合テスト getArticleRatings ツール フィルター付きで評価一覧を取得する","status":"passed","title":"フィルター付きで評価一覧を取得する","duration":9.676083000000006,"failureMessages":[],"meta":{}},{"ancestorTitles":["MCP評価ツール統合テスト","getRatingStats ツール"],"fullName":"MCP評価ツール統合テスト getRatingStats ツール 評価統計情報を取得する","status":"passed","title":"評価統計情報を取得する","duration":0.29108300000001464,"failureMessages":[],"meta":{}},{"ancestorTitles":["MCP評価ツール統合テスト","bulkRateArticles ツール"],"fullName":"MCP評価ツール統合テスト bulkRateArticles ツール 複数記事の一括評価を実行する","status":"passed","title":"複数記事の一括評価を実行する","duration":0.27070800000001327,"failureMessages":[],"meta":{}},{"ancestorTitles":["MCP評価ツール統合テスト","bulkRateArticles ツール"],"fullName":"MCP評価ツール統合テスト bulkRateArticles ツール 一部失敗する一括評価のテスト","status":"passed","title":"一部失敗する一括評価のテスト","duration":0.21716600000002018,"failureMessages":[],"meta":{}},{"ancestorTitles":[],"fullName":"MCPサーバーツール統合テストファイルが正しく設定されている","status":"passed","title":"MCPサーバーツール統合テストファイルが正しく設定されている","duration":0.028582999999997583,"failureMessages":[],"meta":{}}],"startTime":1749048319329,"endTime":1749048319343.2173,"status":"passed","message":"","name":"/Users/r-horie/private/yomimono/main/mcp/src/test/mcpServer.test.ts"},{"assertionResults":[{"ancestorTitles":["createArticleRating"],"fullName":"createArticleRating 記事評価を正常に作成する","status":"passed","title":"記事評価を正常に作成する","duration":2.2427079999999933,"failureMessages":[],"meta":{}},{"ancestorTitles":["createArticleRating"],"fullName":"createArticleRating API エラー時にエラーを投げる","status":"passed","title":"API エラー時にエラーを投げる","duration":0.6582080000000019,"failureMessages":[],"meta":{}},{"ancestorTitles":["getArticleRating"],"fullName":"getArticleRating 記事評価を正常に取得する","status":"passed","title":"記事評価を正常に取得する","duration":0.31466700000001424,"failureMessages":[],"meta":{}},{"ancestorTitles":["getArticleRating"],"fullName":"getArticleRating 評価が存在しない場合にnullを返す","status":"passed","title":"評価が存在しない場合にnullを返す","duration":0.06012499999999932,"failureMessages":[],"meta":{}},{"ancestorTitles":["getArticleRating"],"fullName":"getArticleRating API エラー時にエラーを投げる","status":"passed","title":"API エラー時にエラーを投げる","duration":0.1204580000000135,"failureMessages":[],"meta":{}},{"ancestorTitles":["updateArticleRating"],"fullName":"updateArticleRating 記事評価を正常に更新する","status":"passed","title":"記事評価を正常に更新する","duration":0.4602920000000097,"failureMessages":[],"meta":{}},{"ancestorTitles":["updateArticleRating"],"fullName":"updateArticleRating 評価が存在しない場合にエラーを投げる","status":"passed","title":"評価が存在しない場合にエラーを投げる","duration":0.08066699999997695,"failureMessages":[],"meta":{}},{"ancestorTitles":["getArticleRatings"],"fullName":"getArticleRatings 評価一覧を正常に取得する","status":"passed","title":"評価一覧を正常に取得する","duration":0.33754100000001586,"failureMessages":[],"meta":{}},{"ancestorTitles":["getArticleRatings"],"fullName":"getArticleRatings フィルターオプション付きで評価一覧を取得する","status":"passed","title":"フィルターオプション付きで評価一覧を取得する","duration":0.3295829999999853,"failureMessages":[],"meta":{}},{"ancestorTitles":["getArticleRatings"],"fullName":"getArticleRatings オプションなしで評価一覧を取得する","status":"passed","title":"オプションなしで評価一覧を取得する","duration":0.13245799999998553,"failureMessages":[],"meta":{}},{"ancestorTitles":["getArticleRatings"],"fullName":"getArticleRatings API エラー時にエラーを投げる","status":"passed","title":"API エラー時にエラーを投げる","duration":0.07770800000000122,"failureMessages":[],"meta":{}},{"ancestorTitles":["getRatingStats"],"fullName":"getRatingStats 評価統計情報を正常に取得する","status":"passed","title":"評価統計情報を正常に取得する","duration":0.2704159999999831,"failureMessages":[],"meta":{}},{"ancestorTitles":["getRatingStats"],"fullName":"getRatingStats API エラー時にエラーを投げる","status":"passed","title":"API エラー時にエラーを投げる","duration":0.071124999999995,"failureMessages":[],"meta":{}},{"ancestorTitles":[],"fullName":"記事評価APIクライアント関数が正しくエクスポートされている","status":"passed","title":"記事評価APIクライアント関数が正しくエクスポートされている","duration":0.11074999999999591,"failureMessages":[],"meta":{}}],"startTime":1749048319323,"endTime":1749048319329.2705,"status":"passed","message":"","name":"/Users/r-horie/private/yomimono/main/mcp/src/test/ratingApiClient.test.ts"},{"assertionResults":[{"ancestorTitles":["rateArticleWithContent tool"],"fullName":"rateArticleWithContent tool 記事内容を取得して評価プロンプトを生成する","status":"passed","title":"記事内容を取得して評価プロンプトを生成する","duration":1.578374999999994,"failureMessages":[],"meta":{}},{"ancestorTitles":["rateArticleWithContent tool"],"fullName":"rateArticleWithContent tool 記事内容取得をスキップした場合の処理","status":"passed","title":"記事内容取得をスキップした場合の処理","duration":0.2565409999999986,"failureMessages":[],"meta":{}},{"ancestorTitles":["rateArticleWithContent tool"],"fullName":"rateArticleWithContent tool 記事内容取得エラー時の処理","status":"passed","title":"記事内容取得エラー時の処理","duration":0.5846249999999884,"failureMessages":[],"meta":{}},{"ancestorTitles":["getArticleRating tool"],"fullName":"getArticleRating tool 記事の評価を正常に取得する","status":"passed","title":"記事の評価を正常に取得する","duration":0.15141600000001176,"failureMessages":[],"meta":{}},{"ancestorTitles":["getArticleRating tool"],"fullName":"getArticleRating tool 評価が存在しない場合","status":"passed","title":"評価が存在しない場合","duration":0.0992080000000044,"failureMessages":[],"meta":{}},{"ancestorTitles":["updateArticleRating tool"],"fullName":"updateArticleRating tool 記事の評価を正常に更新する","status":"passed","title":"記事の評価を正常に更新する","duration":0.14229199999999764,"failureMessages":[],"meta":{}}],"startTime":1749048319326,"endTime":1749048319329.1423,"status":"passed","message":"","name":"/Users/r-horie/private/yomimono/main/mcp/src/test/ratingMcpTools.test.ts"},{"assertionResults":[{"ancestorTitles":["Read/Unread Bookmarks MCP API Client","getUnreadBookmarks"],"fullName":"Read/Unread Bookmarks MCP API Client getUnreadBookmarks 未読のブックマークリストを取得できる","status":"passed","title":"未読のブックマークリストを取得できる","duration":1.1112500000000125,"failureMessages":[],"meta":{}},{"ancestorTitles":["Read/Unread Bookmarks MCP API Client","getUnreadBookmarks"],"fullName":"Read/Unread Bookmarks MCP API Client getUnreadBookmarks 未読のブックマークがない場合空配列を返す","status":"passed","title":"未読のブックマークがない場合空配列を返す","duration":0.1769999999999925,"failureMessages":[],"meta":{}},{"ancestorTitles":["Read/Unread Bookmarks MCP API Client","getReadBookmarks"],"fullName":"Read/Unread Bookmarks MCP API Client getReadBookmarks 既読のブックマークリストを取得できる","status":"passed","title":"既読のブックマークリストを取得できる","duration":0.11208300000001259,"failureMessages":[],"meta":{}},{"ancestorTitles":["Read/Unread Bookmarks MCP API Client","markBookmarkAsRead"],"fullName":"Read/Unread Bookmarks MCP API Client markBookmarkAsRead ブックマークを既読にマークできる","status":"passed","title":"ブックマークを既読にマークできる","duration":0.35754200000002356,"failureMessages":[],"meta":{}}],"startTime":1749048319289,"endTime":1749048319291.3574,"status":"passed","message":"","name":"/Users/r-horie/private/yomimono/main/mcp/src/test/readStatus.test.ts"}],"coverageMap":{"/Users/r-horie/private/yomimono/main/mcp/src/lib/apiClient.ts":{"path":"/Users/r-horie/private/yomimono/main/mcp/src/lib/apiClient.ts","all":false,"statementMap":{"0":{"start":{"line":1,"column":0},"end":{"line":1,"column":24}},"3":{"start":{"line":4,"column":0},"end":{"line":4,"column":32}},"4":{"start":{"line":5,"column":0},"end":{"line":5,"column":16}},"5":{"start":{"line":6,"column":0},"end":{"line":6,"column":19}},"6":{"start":{"line":7,"column":0},"end":{"line":7,"column":17}},"8":{"start":{"line":9,"column":0},"end":{"line":9,"column":3}},"10":{"start":{"line":11,"column":0},"end":{"line":11,"column":41}},"11":{"start":{"line":12,"column":0},"end":{"line":12,"column":26}},"12":{"start":{"line":13,"column":0},"end":{"line":13,"column":73}},"13":{"start":{"line":14,"column":0},"end":{"line":14,"column":3}},"15":{"start":{"line":16,"column":0},"end":{"line":16,"column":30}},"16":{"start":{"line":17,"column":0},"end":{"line":17,"column":16}},"17":{"start":{"line":18,"column":0},"end":{"line":18,"column":18}},"18":{"start":{"line":19,"column":0},"end":{"line":19,"column":47}},"19":{"start":{"line":20,"column":0},"end":{"line":20,"column":57}},"20":{"start":{"line":21,"column":0},"end":{"line":21,"column":57}},"21":{"start":{"line":22,"column":0},"end":{"line":22,"column":3}},"22":{"start":{"line":23,"column":0},"end":{"line":23,"column":39}},"23":{"start":{"line":24,"column":0},"end":{"line":24,"column":81}},"24":{"start":{"line":25,"column":0},"end":{"line":25,"column":30}},"25":{"start":{"line":26,"column":0},"end":{"line":26,"column":3}},"28":{"start":{"line":29,"column":0},"end":{"line":29,"column":44}},"29":{"start":{"line":30,"column":0},"end":{"line":30,"column":26}},"30":{"start":{"line":31,"column":0},"end":{"line":31,"column":20}},"31":{"start":{"line":32,"column":0},"end":{"line":32,"column":3}},"34":{"start":{"line":35,"column":0},"end":{"line":35,"column":45}},"35":{"start":{"line":36,"column":0},"end":{"line":36,"column":26}},"36":{"start":{"line":37,"column":0},"end":{"line":37,"column":20}},"37":{"start":{"line":38,"column":0},"end":{"line":38,"column":3}},"40":{"start":{"line":41,"column":0},"end":{"line":41,"column":55}},"41":{"start":{"line":42,"column":0},"end":{"line":42,"column":26}},"42":{"start":{"line":43,"column":0},"end":{"line":43,"column":20}},"43":{"start":{"line":44,"column":0},"end":{"line":44,"column":3}},"46":{"start":{"line":47,"column":0},"end":{"line":47,"column":44}},"47":{"start":{"line":48,"column":0},"end":{"line":48,"column":26}},"48":{"start":{"line":49,"column":0},"end":{"line":49,"column":21}},"49":{"start":{"line":50,"column":0},"end":{"line":50,"column":3}},"52":{"start":{"line":53,"column":0},"end":{"line":53,"column":34}},"53":{"start":{"line":54,"column":0},"end":{"line":54,"column":47}},"54":{"start":{"line":55,"column":0},"end":{"line":55,"column":21}},"55":{"start":{"line":56,"column":0},"end":{"line":56,"column":67}},"56":{"start":{"line":57,"column":0},"end":{"line":57,"column":2}},"57":{"start":{"line":58,"column":0},"end":{"line":58,"column":21}},"58":{"start":{"line":59,"column":0},"end":{"line":59,"column":1}},"64":{"start":{"line":65,"column":0},"end":{"line":65,"column":46}},"66":{"start":{"line":67,"column":0},"end":{"line":67,"column":76}},"67":{"start":{"line":68,"column":0},"end":{"line":68,"column":20}},"68":{"start":{"line":69,"column":0},"end":{"line":69,"column":18}},"69":{"start":{"line":70,"column":0},"end":{"line":70,"column":64}},"70":{"start":{"line":71,"column":0},"end":{"line":71,"column":4}},"71":{"start":{"line":72,"column":0},"end":{"line":72,"column":2}},"72":{"start":{"line":73,"column":0},"end":{"line":73,"column":36}},"73":{"start":{"line":74,"column":0},"end":{"line":74,"column":55}},"74":{"start":{"line":75,"column":0},"end":{"line":75,"column":23}},"76":{"start":{"line":77,"column":0},"end":{"line":77,"column":18}},"77":{"start":{"line":78,"column":0},"end":{"line":78,"column":159}},"78":{"start":{"line":79,"column":0},"end":{"line":79,"column":4}},"79":{"start":{"line":80,"column":0},"end":{"line":80,"column":2}},"81":{"start":{"line":82,"column":0},"end":{"line":82,"column":30}},"82":{"start":{"line":83,"column":0},"end":{"line":83,"column":1}},"88":{"start":{"line":89,"column":0},"end":{"line":89,"column":35}},"89":{"start":{"line":90,"column":0},"end":{"line":90,"column":63}},"90":{"start":{"line":91,"column":0},"end":{"line":91,"column":20}},"91":{"start":{"line":92,"column":0},"end":{"line":92,"column":68}},"92":{"start":{"line":93,"column":0},"end":{"line":93,"column":2}},"93":{"start":{"line":94,"column":0},"end":{"line":94,"column":75}},"94":{"start":{"line":95,"column":0},"end":{"line":95,"column":53}},"95":{"start":{"line":96,"column":0},"end":{"line":96,"column":23}},"97":{"start":{"line":98,"column":0},"end":{"line":98,"column":78}},"98":{"start":{"line":99,"column":0},"end":{"line":99,"column":2}},"100":{"start":{"line":101,"column":0},"end":{"line":101,"column":28}},"101":{"start":{"line":102,"column":0},"end":{"line":102,"column":18}},"102":{"start":{"line":103,"column":0},"end":{"line":103,"column":80}},"103":{"start":{"line":104,"column":0},"end":{"line":104,"column":4}},"104":{"start":{"line":105,"column":0},"end":{"line":105,"column":2}},"105":{"start":{"line":106,"column":0},"end":{"line":106,"column":27}},"106":{"start":{"line":107,"column":0},"end":{"line":107,"column":1}},"115":{"start":{"line":116,"column":0},"end":{"line":116,"column":43}},"116":{"start":{"line":117,"column":0},"end":{"line":117,"column":19}},"117":{"start":{"line":118,"column":0},"end":{"line":118,"column":19}},"118":{"start":{"line":119,"column":0},"end":{"line":119,"column":22}},"119":{"start":{"line":120,"column":0},"end":{"line":120,"column":3}},"121":{"start":{"line":122,"column":0},"end":{"line":122,"column":30}},"122":{"start":{"line":123,"column":0},"end":{"line":123,"column":56}},"123":{"start":{"line":124,"column":0},"end":{"line":124,"column":3}},"124":{"start":{"line":125,"column":0},"end":{"line":125,"column":17}},"125":{"start":{"line":126,"column":0},"end":{"line":126,"column":13}},"126":{"start":{"line":127,"column":0},"end":{"line":127,"column":39}},"127":{"start":{"line":128,"column":0},"end":{"line":128,"column":5}},"128":{"start":{"line":129,"column":0},"end":{"line":129,"column":25}},"129":{"start":{"line":130,"column":0},"end":{"line":130,"column":14}},"130":{"start":{"line":131,"column":0},"end":{"line":131,"column":16}},"131":{"start":{"line":132,"column":0},"end":{"line":132,"column":6}},"132":{"start":{"line":133,"column":0},"end":{"line":133,"column":4}},"133":{"start":{"line":134,"column":0},"end":{"line":134,"column":3}},"135":{"start":{"line":136,"column":0},"end":{"line":136,"column":20}},"137":{"start":{"line":138,"column":0},"end":{"line":138,"column":18}},"138":{"start":{"line":139,"column":0},"end":{"line":139,"column":91}},"139":{"start":{"line":140,"column":0},"end":{"line":140,"column":4}},"140":{"start":{"line":141,"column":0},"end":{"line":141,"column":2}},"143":{"start":{"line":144,"column":0},"end":{"line":144,"column":1}},"151":{"start":{"line":152,"column":0},"end":{"line":152,"column":76}},"152":{"start":{"line":153,"column":0},"end":{"line":153,"column":64}},"153":{"start":{"line":154,"column":0},"end":{"line":154,"column":17}},"154":{"start":{"line":155,"column":0},"end":{"line":155,"column":12}},"155":{"start":{"line":156,"column":0},"end":{"line":156,"column":38}},"156":{"start":{"line":157,"column":0},"end":{"line":157,"column":4}},"157":{"start":{"line":158,"column":0},"end":{"line":158,"column":24}},"158":{"start":{"line":159,"column":0},"end":{"line":159,"column":19}},"159":{"start":{"line":160,"column":0},"end":{"line":160,"column":28}},"160":{"start":{"line":161,"column":0},"end":{"line":161,"column":5}},"161":{"start":{"line":162,"column":0},"end":{"line":162,"column":4}},"163":{"start":{"line":164,"column":0},"end":{"line":164,"column":19}},"164":{"start":{"line":165,"column":0},"end":{"line":165,"column":6}},"166":{"start":{"line":167,"column":0},"end":{"line":167,"column":59}},"167":{"start":{"line":168,"column":0},"end":{"line":168,"column":6}},"168":{"start":{"line":169,"column":0},"end":{"line":169,"column":17}},"169":{"start":{"line":170,"column":0},"end":{"line":170,"column":62}},"170":{"start":{"line":171,"column":0},"end":{"line":171,"column":5}},"175":{"start":{"line":176,"column":0},"end":{"line":176,"column":3}},"176":{"start":{"line":177,"column":0},"end":{"line":177,"column":56}},"177":{"start":{"line":178,"column":0},"end":{"line":178,"column":32}},"179":{"start":{"line":180,"column":0},"end":{"line":180,"column":22}},"180":{"start":{"line":181,"column":0},"end":{"line":181,"column":73}},"181":{"start":{"line":182,"column":0},"end":{"line":182,"column":21}},"183":{"start":{"line":184,"column":0},"end":{"line":184,"column":19}},"184":{"start":{"line":185,"column":0},"end":{"line":185,"column":147}},"185":{"start":{"line":186,"column":0},"end":{"line":186,"column":5}},"186":{"start":{"line":187,"column":0},"end":{"line":187,"column":3}},"188":{"start":{"line":189,"column":0},"end":{"line":189,"column":18}},"189":{"start":{"line":190,"column":0},"end":{"line":190,"column":140}},"190":{"start":{"line":191,"column":0},"end":{"line":191,"column":4}},"191":{"start":{"line":192,"column":0},"end":{"line":192,"column":2}},"193":{"start":{"line":194,"column":0},"end":{"line":194,"column":20}},"195":{"start":{"line":196,"column":0},"end":{"line":196,"column":61}},"196":{"start":{"line":197,"column":0},"end":{"line":197,"column":6}},"197":{"start":{"line":198,"column":0},"end":{"line":198,"column":30}},"198":{"start":{"line":199,"column":0},"end":{"line":199,"column":19}},"199":{"start":{"line":200,"column":0},"end":{"line":200,"column":23}},"200":{"start":{"line":201,"column":0},"end":{"line":201,"column":35}},"201":{"start":{"line":202,"column":0},"end":{"line":202,"column":5}},"202":{"start":{"line":203,"column":0},"end":{"line":203,"column":31}},"203":{"start":{"line":204,"column":0},"end":{"line":204,"column":3}},"204":{"start":{"line":205,"column":0},"end":{"line":205,"column":18}},"205":{"start":{"line":206,"column":0},"end":{"line":206,"column":74}},"206":{"start":{"line":207,"column":0},"end":{"line":207,"column":4}},"207":{"start":{"line":208,"column":0},"end":{"line":208,"column":2}},"210":{"start":{"line":211,"column":0},"end":{"line":211,"column":58}},"211":{"start":{"line":212,"column":0},"end":{"line":212,"column":23}},"212":{"start":{"line":213,"column":0},"end":{"line":213,"column":18}},"213":{"start":{"line":214,"column":0},"end":{"line":214,"column":122}},"214":{"start":{"line":215,"column":0},"end":{"line":215,"column":4}},"215":{"start":{"line":216,"column":0},"end":{"line":216,"column":2}},"217":{"start":{"line":218,"column":0},"end":{"line":218,"column":26}},"218":{"start":{"line":219,"column":0},"end":{"line":219,"column":1}},"225":{"start":{"line":226,"column":0},"end":{"line":226,"column":48}},"226":{"start":{"line":227,"column":0},"end":{"line":227,"column":69}},"227":{"start":{"line":228,"column":0},"end":{"line":228,"column":20}},"228":{"start":{"line":229,"column":0},"end":{"line":229,"column":18}},"229":{"start":{"line":230,"column":0},"end":{"line":230,"column":65}},"230":{"start":{"line":231,"column":0},"end":{"line":231,"column":4}},"231":{"start":{"line":232,"column":0},"end":{"line":232,"column":2}},"233":{"start":{"line":234,"column":0},"end":{"line":234,"column":19}},"234":{"start":{"line":235,"column":0},"end":{"line":235,"column":6}},"235":{"start":{"line":236,"column":0},"end":{"line":236,"column":31}},"236":{"start":{"line":237,"column":0},"end":{"line":237,"column":32}},"237":{"start":{"line":238,"column":0},"end":{"line":238,"column":22}},"238":{"start":{"line":239,"column":0},"end":{"line":239,"column":73}},"239":{"start":{"line":240,"column":0},"end":{"line":240,"column":18}},"240":{"start":{"line":241,"column":0},"end":{"line":241,"column":73}},"241":{"start":{"line":242,"column":0},"end":{"line":242,"column":4}},"242":{"start":{"line":243,"column":0},"end":{"line":243,"column":2}},"244":{"start":{"line":245,"column":0},"end":{"line":245,"column":59}},"245":{"start":{"line":246,"column":0},"end":{"line":246,"column":23}},"246":{"start":{"line":247,"column":0},"end":{"line":247,"column":18}},"247":{"start":{"line":248,"column":0},"end":{"line":248,"column":67}},"248":{"start":{"line":249,"column":0},"end":{"line":249,"column":4}},"249":{"start":{"line":250,"column":0},"end":{"line":250,"column":2}},"251":{"start":{"line":252,"column":0},"end":{"line":252,"column":26}},"252":{"start":{"line":253,"column":0},"end":{"line":253,"column":1}},"260":{"start":{"line":261,"column":0},"end":{"line":261,"column":45}},"261":{"start":{"line":262,"column":0},"end":{"line":262,"column":12}},"262":{"start":{"line":263,"column":0},"end":{"line":263,"column":28}},"263":{"start":{"line":264,"column":0},"end":{"line":264,"column":3}},"264":{"start":{"line":265,"column":0},"end":{"line":265,"column":70}},"265":{"start":{"line":266,"column":0},"end":{"line":266,"column":18}},"266":{"start":{"line":267,"column":0},"end":{"line":267,"column":12}},"267":{"start":{"line":268,"column":0},"end":{"line":268,"column":38}},"268":{"start":{"line":269,"column":0},"end":{"line":269,"column":4}},"269":{"start":{"line":270,"column":0},"end":{"line":270,"column":40}},"270":{"start":{"line":271,"column":0},"end":{"line":271,"column":4}},"272":{"start":{"line":273,"column":0},"end":{"line":273,"column":20}},"273":{"start":{"line":274,"column":0},"end":{"line":274,"column":18}},"274":{"start":{"line":275,"column":0},"end":{"line":275,"column":74}},"275":{"start":{"line":276,"column":0},"end":{"line":276,"column":4}},"276":{"start":{"line":277,"column":0},"end":{"line":277,"column":2}},"278":{"start":{"line":279,"column":0},"end":{"line":279,"column":19}},"279":{"start":{"line":280,"column":0},"end":{"line":280,"column":6}},"280":{"start":{"line":281,"column":0},"end":{"line":281,"column":31}},"281":{"start":{"line":282,"column":0},"end":{"line":282,"column":32}},"282":{"start":{"line":283,"column":0},"end":{"line":283,"column":22}},"283":{"start":{"line":284,"column":0},"end":{"line":284,"column":73}},"284":{"start":{"line":285,"column":0},"end":{"line":285,"column":18}},"285":{"start":{"line":286,"column":0},"end":{"line":286,"column":85}},"286":{"start":{"line":287,"column":0},"end":{"line":287,"column":4}},"287":{"start":{"line":288,"column":0},"end":{"line":288,"column":2}},"289":{"start":{"line":290,"column":0},"end":{"line":290,"column":69}},"290":{"start":{"line":291,"column":0},"end":{"line":291,"column":23}},"291":{"start":{"line":292,"column":0},"end":{"line":292,"column":18}},"292":{"start":{"line":293,"column":0},"end":{"line":293,"column":84}},"293":{"start":{"line":294,"column":0},"end":{"line":294,"column":4}},"294":{"start":{"line":295,"column":0},"end":{"line":295,"column":2}},"296":{"start":{"line":297,"column":0},"end":{"line":297,"column":26}},"297":{"start":{"line":298,"column":0},"end":{"line":298,"column":1}},"299":{"start":{"line":300,"column":0},"end":{"line":300,"column":62}},"300":{"start":{"line":301,"column":0},"end":{"line":301,"column":70}},"301":{"start":{"line":302,"column":0},"end":{"line":302,"column":19}},"302":{"start":{"line":303,"column":0},"end":{"line":303,"column":4}},"304":{"start":{"line":305,"column":0},"end":{"line":305,"column":19}},"305":{"start":{"line":306,"column":0},"end":{"line":306,"column":6}},"306":{"start":{"line":307,"column":0},"end":{"line":307,"column":31}},"307":{"start":{"line":308,"column":0},"end":{"line":308,"column":32}},"308":{"start":{"line":309,"column":0},"end":{"line":309,"column":22}},"309":{"start":{"line":310,"column":0},"end":{"line":310,"column":73}},"310":{"start":{"line":311,"column":0},"end":{"line":311,"column":21}},"311":{"start":{"line":312,"column":0},"end":{"line":312,"column":19}},"312":{"start":{"line":313,"column":0},"end":{"line":313,"column":86}},"313":{"start":{"line":314,"column":0},"end":{"line":314,"column":5}},"314":{"start":{"line":315,"column":0},"end":{"line":315,"column":3}},"315":{"start":{"line":316,"column":0},"end":{"line":316,"column":18}},"316":{"start":{"line":317,"column":0},"end":{"line":317,"column":75}},"317":{"start":{"line":318,"column":0},"end":{"line":318,"column":4}},"318":{"start":{"line":319,"column":0},"end":{"line":319,"column":2}},"320":{"start":{"line":321,"column":0},"end":{"line":321,"column":20}},"321":{"start":{"line":322,"column":0},"end":{"line":322,"column":52}},"322":{"start":{"line":323,"column":0},"end":{"line":323,"column":6}},"323":{"start":{"line":324,"column":0},"end":{"line":324,"column":30}},"324":{"start":{"line":325,"column":0},"end":{"line":325,"column":19}},"325":{"start":{"line":326,"column":0},"end":{"line":326,"column":23}},"326":{"start":{"line":327,"column":0},"end":{"line":327,"column":35}},"327":{"start":{"line":328,"column":0},"end":{"line":328,"column":5}},"328":{"start":{"line":329,"column":0},"end":{"line":329,"column":31}},"329":{"start":{"line":330,"column":0},"end":{"line":330,"column":3}},"330":{"start":{"line":331,"column":0},"end":{"line":331,"column":18}},"331":{"start":{"line":332,"column":0},"end":{"line":332,"column":74}},"332":{"start":{"line":333,"column":0},"end":{"line":333,"column":4}},"333":{"start":{"line":334,"column":0},"end":{"line":334,"column":2}},"335":{"start":{"line":336,"column":0},"end":{"line":336,"column":58}},"336":{"start":{"line":337,"column":0},"end":{"line":337,"column":23}},"337":{"start":{"line":338,"column":0},"end":{"line":338,"column":18}},"338":{"start":{"line":339,"column":0},"end":{"line":339,"column":84}},"339":{"start":{"line":340,"column":0},"end":{"line":340,"column":4}},"340":{"start":{"line":341,"column":0},"end":{"line":341,"column":2}},"341":{"start":{"line":342,"column":0},"end":{"line":342,"column":1}},"350":{"start":{"line":351,"column":0},"end":{"line":351,"column":53}},"351":{"start":{"line":352,"column":0},"end":{"line":352,"column":22}},"352":{"start":{"line":353,"column":0},"end":{"line":353,"column":19}},"353":{"start":{"line":354,"column":0},"end":{"line":354,"column":22}},"359":{"start":{"line":360,"column":0},"end":{"line":360,"column":4}},"360":{"start":{"line":361,"column":0},"end":{"line":361,"column":79}},"361":{"start":{"line":362,"column":0},"end":{"line":362,"column":16}},"362":{"start":{"line":363,"column":0},"end":{"line":363,"column":12}},"363":{"start":{"line":364,"column":0},"end":{"line":364,"column":38}},"364":{"start":{"line":365,"column":0},"end":{"line":365,"column":4}},"365":{"start":{"line":366,"column":0},"end":{"line":366,"column":24}},"366":{"start":{"line":367,"column":0},"end":{"line":367,"column":14}},"367":{"start":{"line":368,"column":0},"end":{"line":368,"column":13}},"368":{"start":{"line":369,"column":0},"end":{"line":369,"column":15}},"369":{"start":{"line":370,"column":0},"end":{"line":370,"column":5}},"370":{"start":{"line":371,"column":0},"end":{"line":371,"column":4}},"372":{"start":{"line":373,"column":0},"end":{"line":373,"column":19}},"373":{"start":{"line":374,"column":0},"end":{"line":374,"column":6}},"374":{"start":{"line":375,"column":0},"end":{"line":375,"column":31}},"375":{"start":{"line":376,"column":0},"end":{"line":376,"column":32}},"376":{"start":{"line":377,"column":0},"end":{"line":377,"column":22}},"377":{"start":{"line":378,"column":0},"end":{"line":378,"column":73}},"378":{"start":{"line":379,"column":0},"end":{"line":379,"column":18}},"379":{"start":{"line":380,"column":0},"end":{"line":380,"column":74}},"380":{"start":{"line":381,"column":0},"end":{"line":381,"column":4}},"381":{"start":{"line":382,"column":0},"end":{"line":382,"column":2}},"383":{"start":{"line":384,"column":0},"end":{"line":384,"column":20}},"384":{"start":{"line":385,"column":0},"end":{"line":385,"column":67}},"385":{"start":{"line":386,"column":0},"end":{"line":386,"column":6}},"386":{"start":{"line":387,"column":0},"end":{"line":387,"column":30}},"387":{"start":{"line":388,"column":0},"end":{"line":388,"column":19}},"388":{"start":{"line":389,"column":0},"end":{"line":389,"column":23}},"389":{"start":{"line":390,"column":0},"end":{"line":390,"column":35}},"390":{"start":{"line":391,"column":0},"end":{"line":391,"column":5}},"391":{"start":{"line":392,"column":0},"end":{"line":392,"column":31}},"392":{"start":{"line":393,"column":0},"end":{"line":393,"column":3}},"393":{"start":{"line":394,"column":0},"end":{"line":394,"column":61}},"394":{"start":{"line":395,"column":0},"end":{"line":395,"column":2}},"397":{"start":{"line":398,"column":0},"end":{"line":398,"column":37}},"398":{"start":{"line":399,"column":0},"end":{"line":399,"column":27}},"399":{"start":{"line":400,"column":0},"end":{"line":400,"column":25}},"400":{"start":{"line":401,"column":0},"end":{"line":401,"column":22}},"401":{"start":{"line":402,"column":0},"end":{"line":402,"column":18}},"402":{"start":{"line":403,"column":0},"end":{"line":403,"column":13}},"403":{"start":{"line":404,"column":0},"end":{"line":404,"column":26}},"404":{"start":{"line":405,"column":0},"end":{"line":405,"column":22}},"405":{"start":{"line":406,"column":0},"end":{"line":406,"column":6}},"406":{"start":{"line":407,"column":0},"end":{"line":407,"column":4}},"407":{"start":{"line":408,"column":0},"end":{"line":408,"column":21}},"408":{"start":{"line":409,"column":0},"end":{"line":409,"column":4}},"410":{"start":{"line":411,"column":0},"end":{"line":411,"column":50}},"411":{"start":{"line":412,"column":0},"end":{"line":412,"column":23}},"412":{"start":{"line":413,"column":0},"end":{"line":413,"column":18}},"413":{"start":{"line":414,"column":0},"end":{"line":414,"column":78}},"414":{"start":{"line":415,"column":0},"end":{"line":415,"column":4}},"415":{"start":{"line":416,"column":0},"end":{"line":416,"column":2}},"418":{"start":{"line":419,"column":0},"end":{"line":419,"column":44}},"419":{"start":{"line":420,"column":0},"end":{"line":420,"column":15}},"420":{"start":{"line":421,"column":0},"end":{"line":421,"column":1}},"423":{"start":{"line":424,"column":0},"end":{"line":424,"column":33}},"424":{"start":{"line":425,"column":0},"end":{"line":425,"column":16}},"425":{"start":{"line":426,"column":0},"end":{"line":426,"column":17}},"426":{"start":{"line":427,"column":0},"end":{"line":427,"column":30}},"427":{"start":{"line":428,"column":0},"end":{"line":428,"column":21}},"428":{"start":{"line":429,"column":0},"end":{"line":429,"column":23}},"429":{"start":{"line":430,"column":0},"end":{"line":430,"column":23}},"430":{"start":{"line":431,"column":0},"end":{"line":431,"column":3}},"433":{"start":{"line":434,"column":0},"end":{"line":434,"column":41}},"434":{"start":{"line":435,"column":0},"end":{"line":435,"column":26}},"435":{"start":{"line":436,"column":0},"end":{"line":436,"column":26}},"436":{"start":{"line":437,"column":0},"end":{"line":437,"column":3}},"443":{"start":{"line":444,"column":0},"end":{"line":444,"column":59}},"444":{"start":{"line":445,"column":0},"end":{"line":445,"column":30}},"445":{"start":{"line":446,"column":0},"end":{"line":446,"column":51}},"446":{"start":{"line":447,"column":0},"end":{"line":447,"column":3}},"447":{"start":{"line":448,"column":0},"end":{"line":448,"column":20}},"448":{"start":{"line":449,"column":0},"end":{"line":449,"column":18}},"449":{"start":{"line":450,"column":0},"end":{"line":450,"column":68}},"450":{"start":{"line":451,"column":0},"end":{"line":451,"column":4}},"451":{"start":{"line":452,"column":0},"end":{"line":452,"column":2}},"453":{"start":{"line":454,"column":0},"end":{"line":454,"column":36}},"454":{"start":{"line":455,"column":0},"end":{"line":455,"column":55}},"455":{"start":{"line":456,"column":0},"end":{"line":456,"column":23}},"456":{"start":{"line":457,"column":0},"end":{"line":457,"column":18}},"457":{"start":{"line":458,"column":0},"end":{"line":458,"column":78}},"458":{"start":{"line":459,"column":0},"end":{"line":459,"column":4}},"459":{"start":{"line":460,"column":0},"end":{"line":460,"column":2}},"460":{"start":{"line":461,"column":0},"end":{"line":461,"column":29}},"461":{"start":{"line":462,"column":0},"end":{"line":462,"column":1}},"464":{"start":{"line":465,"column":0},"end":{"line":465,"column":47}},"465":{"start":{"line":466,"column":0},"end":{"line":466,"column":16}},"466":{"start":{"line":467,"column":0},"end":{"line":467,"column":17}},"467":{"start":{"line":468,"column":0},"end":{"line":468,"column":19}},"468":{"start":{"line":469,"column":0},"end":{"line":469,"column":29}},"469":{"start":{"line":470,"column":0},"end":{"line":470,"column":21}},"470":{"start":{"line":471,"column":0},"end":{"line":471,"column":25}},"471":{"start":{"line":472,"column":0},"end":{"line":472,"column":23}},"472":{"start":{"line":473,"column":0},"end":{"line":473,"column":31}},"473":{"start":{"line":474,"column":0},"end":{"line":474,"column":3}},"476":{"start":{"line":477,"column":0},"end":{"line":477,"column":46}},"477":{"start":{"line":478,"column":0},"end":{"line":478,"column":26}},"478":{"start":{"line":479,"column":0},"end":{"line":479,"column":50}},"479":{"start":{"line":480,"column":0},"end":{"line":480,"column":3}},"482":{"start":{"line":483,"column":0},"end":{"line":483,"column":43}},"483":{"start":{"line":484,"column":0},"end":{"line":484,"column":26}},"484":{"start":{"line":485,"column":0},"end":{"line":485,"column":21}},"485":{"start":{"line":486,"column":0},"end":{"line":486,"column":3}},"492":{"start":{"line":493,"column":0},"end":{"line":493,"column":67}},"493":{"start":{"line":494,"column":0},"end":{"line":494,"column":30}},"494":{"start":{"line":495,"column":0},"end":{"line":495,"column":76}},"495":{"start":{"line":496,"column":0},"end":{"line":496,"column":3}},"496":{"start":{"line":497,"column":0},"end":{"line":497,"column":20}},"497":{"start":{"line":498,"column":0},"end":{"line":498,"column":18}},"498":{"start":{"line":499,"column":0},"end":{"line":499,"column":86}},"499":{"start":{"line":500,"column":0},"end":{"line":500,"column":4}},"500":{"start":{"line":501,"column":0},"end":{"line":501,"column":2}},"502":{"start":{"line":503,"column":0},"end":{"line":503,"column":36}},"503":{"start":{"line":504,"column":0},"end":{"line":504,"column":55}},"504":{"start":{"line":505,"column":0},"end":{"line":505,"column":23}},"505":{"start":{"line":506,"column":0},"end":{"line":506,"column":18}},"506":{"start":{"line":507,"column":0},"end":{"line":507,"column":80}},"507":{"start":{"line":508,"column":0},"end":{"line":508,"column":4}},"508":{"start":{"line":509,"column":0},"end":{"line":509,"column":2}},"509":{"start":{"line":510,"column":0},"end":{"line":510,"column":30}},"510":{"start":{"line":511,"column":0},"end":{"line":511,"column":1}},"516":{"start":{"line":517,"column":0},"end":{"line":517,"column":44}},"518":{"start":{"line":519,"column":0},"end":{"line":519,"column":66}},"519":{"start":{"line":520,"column":0},"end":{"line":520,"column":20}},"520":{"start":{"line":521,"column":0},"end":{"line":521,"column":78}},"521":{"start":{"line":522,"column":0},"end":{"line":522,"column":2}},"523":{"start":{"line":524,"column":0},"end":{"line":524,"column":36}},"524":{"start":{"line":525,"column":0},"end":{"line":525,"column":60}},"525":{"start":{"line":526,"column":0},"end":{"line":526,"column":23}},"526":{"start":{"line":527,"column":0},"end":{"line":527,"column":18}},"527":{"start":{"line":528,"column":0},"end":{"line":528,"column":72}},"528":{"start":{"line":529,"column":0},"end":{"line":529,"column":4}},"529":{"start":{"line":530,"column":0},"end":{"line":530,"column":2}},"530":{"start":{"line":531,"column":0},"end":{"line":531,"column":30}},"531":{"start":{"line":532,"column":0},"end":{"line":532,"column":1}},"536":{"start":{"line":537,"column":0},"end":{"line":537,"column":42}},"538":{"start":{"line":539,"column":0},"end":{"line":539,"column":71}},"539":{"start":{"line":540,"column":0},"end":{"line":540,"column":20}},"540":{"start":{"line":541,"column":0},"end":{"line":541,"column":76}},"541":{"start":{"line":542,"column":0},"end":{"line":542,"column":2}},"543":{"start":{"line":544,"column":0},"end":{"line":544,"column":36}},"544":{"start":{"line":545,"column":0},"end":{"line":545,"column":60}},"545":{"start":{"line":546,"column":0},"end":{"line":546,"column":23}},"546":{"start":{"line":547,"column":0},"end":{"line":547,"column":18}},"547":{"start":{"line":548,"column":0},"end":{"line":548,"column":70}},"548":{"start":{"line":549,"column":0},"end":{"line":549,"column":4}},"549":{"start":{"line":550,"column":0},"end":{"line":550,"column":2}},"550":{"start":{"line":551,"column":0},"end":{"line":551,"column":30}},"551":{"start":{"line":552,"column":0},"end":{"line":552,"column":1}},"558":{"start":{"line":559,"column":0},"end":{"line":559,"column":62}},"559":{"start":{"line":560,"column":0},"end":{"line":560,"column":30}},"560":{"start":{"line":561,"column":0},"end":{"line":561,"column":56}},"561":{"start":{"line":562,"column":0},"end":{"line":562,"column":3}},"562":{"start":{"line":563,"column":0},"end":{"line":563,"column":19}},"563":{"start":{"line":564,"column":0},"end":{"line":564,"column":4}},"564":{"start":{"line":565,"column":0},"end":{"line":565,"column":3}},"566":{"start":{"line":567,"column":0},"end":{"line":567,"column":20}},"567":{"start":{"line":568,"column":0},"end":{"line":568,"column":18}},"568":{"start":{"line":569,"column":0},"end":{"line":569,"column":75}},"569":{"start":{"line":570,"column":0},"end":{"line":570,"column":4}},"570":{"start":{"line":571,"column":0},"end":{"line":571,"column":2}},"572":{"start":{"line":573,"column":0},"end":{"line":573,"column":36}},"573":{"start":{"line":574,"column":0},"end":{"line":574,"column":57}},"574":{"start":{"line":575,"column":0},"end":{"line":575,"column":23}},"575":{"start":{"line":576,"column":0},"end":{"line":576,"column":18}},"576":{"start":{"line":577,"column":0},"end":{"line":577,"column":82}},"577":{"start":{"line":578,"column":0},"end":{"line":578,"column":4}},"578":{"start":{"line":579,"column":0},"end":{"line":579,"column":2}},"579":{"start":{"line":580,"column":0},"end":{"line":580,"column":20}},"580":{"start":{"line":581,"column":0},"end":{"line":581,"column":1}},"602":{"start":{"line":603,"column":0},"end":{"line":603,"column":38}},"603":{"start":{"line":604,"column":0},"end":{"line":604,"column":16}},"604":{"start":{"line":605,"column":0},"end":{"line":605,"column":23}},"605":{"start":{"line":606,"column":0},"end":{"line":606,"column":28}},"606":{"start":{"line":607,"column":0},"end":{"line":607,"column":28}},"607":{"start":{"line":608,"column":0},"end":{"line":608,"column":27}},"608":{"start":{"line":609,"column":0},"end":{"line":609,"column":21}},"609":{"start":{"line":610,"column":0},"end":{"line":610,"column":24}},"610":{"start":{"line":611,"column":0},"end":{"line":611,"column":24}},"611":{"start":{"line":612,"column":0},"end":{"line":612,"column":32}},"612":{"start":{"line":613,"column":0},"end":{"line":613,"column":23}},"613":{"start":{"line":614,"column":0},"end":{"line":614,"column":23}},"614":{"start":{"line":615,"column":0},"end":{"line":615,"column":3}},"616":{"start":{"line":617,"column":0},"end":{"line":617,"column":45}},"617":{"start":{"line":618,"column":0},"end":{"line":618,"column":26}},"618":{"start":{"line":619,"column":0},"end":{"line":619,"column":29}},"619":{"start":{"line":620,"column":0},"end":{"line":620,"column":3}},"621":{"start":{"line":622,"column":0},"end":{"line":622,"column":42}},"622":{"start":{"line":623,"column":0},"end":{"line":623,"column":26}},"623":{"start":{"line":624,"column":0},"end":{"line":624,"column":29}},"624":{"start":{"line":625,"column":0},"end":{"line":625,"column":3}},"626":{"start":{"line":627,"column":0},"end":{"line":627,"column":45}},"627":{"start":{"line":628,"column":0},"end":{"line":628,"column":26}},"628":{"start":{"line":629,"column":0},"end":{"line":629,"column":29}},"629":{"start":{"line":630,"column":0},"end":{"line":630,"column":3}},"639":{"start":{"line":640,"column":0},"end":{"line":640,"column":42}},"640":{"start":{"line":641,"column":0},"end":{"line":641,"column":19}},"641":{"start":{"line":642,"column":0},"end":{"line":642,"column":30}},"642":{"start":{"line":643,"column":0},"end":{"line":643,"column":3}},"643":{"start":{"line":644,"column":0},"end":{"line":644,"column":30}},"644":{"start":{"line":645,"column":0},"end":{"line":645,"column":57}},"645":{"start":{"line":646,"column":0},"end":{"line":646,"column":3}},"646":{"start":{"line":647,"column":0},"end":{"line":647,"column":18}},"647":{"start":{"line":648,"column":0},"end":{"line":648,"column":13}},"648":{"start":{"line":649,"column":0},"end":{"line":649,"column":39}},"649":{"start":{"line":650,"column":0},"end":{"line":650,"column":5}},"650":{"start":{"line":651,"column":0},"end":{"line":651,"column":36}},"651":{"start":{"line":652,"column":0},"end":{"line":652,"column":4}},"652":{"start":{"line":653,"column":0},"end":{"line":653,"column":3}},"654":{"start":{"line":655,"column":0},"end":{"line":655,"column":20}},"655":{"start":{"line":656,"column":0},"end":{"line":656,"column":18}},"656":{"start":{"line":657,"column":0},"end":{"line":657,"column":78}},"657":{"start":{"line":658,"column":0},"end":{"line":658,"column":4}},"658":{"start":{"line":659,"column":0},"end":{"line":659,"column":2}},"660":{"start":{"line":661,"column":0},"end":{"line":661,"column":19}},"661":{"start":{"line":662,"column":0},"end":{"line":662,"column":6}},"662":{"start":{"line":663,"column":0},"end":{"line":663,"column":31}},"663":{"start":{"line":664,"column":0},"end":{"line":664,"column":32}},"664":{"start":{"line":665,"column":0},"end":{"line":665,"column":22}},"665":{"start":{"line":666,"column":0},"end":{"line":666,"column":73}},"666":{"start":{"line":667,"column":0},"end":{"line":667,"column":18}},"667":{"start":{"line":668,"column":0},"end":{"line":668,"column":93}},"668":{"start":{"line":669,"column":0},"end":{"line":669,"column":4}},"669":{"start":{"line":670,"column":0},"end":{"line":670,"column":2}},"671":{"start":{"line":672,"column":0},"end":{"line":672,"column":59}},"672":{"start":{"line":673,"column":0},"end":{"line":673,"column":23}},"673":{"start":{"line":674,"column":0},"end":{"line":674,"column":18}},"674":{"start":{"line":675,"column":0},"end":{"line":675,"column":73}},"675":{"start":{"line":676,"column":0},"end":{"line":676,"column":4}},"676":{"start":{"line":677,"column":0},"end":{"line":677,"column":2}},"678":{"start":{"line":679,"column":0},"end":{"line":679,"column":27}},"679":{"start":{"line":680,"column":0},"end":{"line":680,"column":1}},"686":{"start":{"line":687,"column":0},"end":{"line":687,"column":59}},"687":{"start":{"line":688,"column":0},"end":{"line":688,"column":30}},"688":{"start":{"line":689,"column":0},"end":{"line":689,"column":57}},"689":{"start":{"line":690,"column":0},"end":{"line":690,"column":3}},"691":{"start":{"line":692,"column":0},"end":{"line":692,"column":31}},"692":{"start":{"line":693,"column":0},"end":{"line":693,"column":28}},"693":{"start":{"line":694,"column":0},"end":{"line":694,"column":2}},"695":{"start":{"line":696,"column":0},"end":{"line":696,"column":20}},"696":{"start":{"line":697,"column":0},"end":{"line":697,"column":18}},"697":{"start":{"line":698,"column":0},"end":{"line":698,"column":75}},"698":{"start":{"line":699,"column":0},"end":{"line":699,"column":4}},"699":{"start":{"line":700,"column":0},"end":{"line":700,"column":2}},"701":{"start":{"line":702,"column":0},"end":{"line":702,"column":19}},"702":{"start":{"line":703,"column":0},"end":{"line":703,"column":6}},"703":{"start":{"line":704,"column":0},"end":{"line":704,"column":31}},"704":{"start":{"line":705,"column":0},"end":{"line":705,"column":32}},"705":{"start":{"line":706,"column":0},"end":{"line":706,"column":22}},"706":{"start":{"line":707,"column":0},"end":{"line":707,"column":73}},"707":{"start":{"line":708,"column":0},"end":{"line":708,"column":18}},"708":{"start":{"line":709,"column":0},"end":{"line":709,"column":92}},"709":{"start":{"line":710,"column":0},"end":{"line":710,"column":4}},"710":{"start":{"line":711,"column":0},"end":{"line":711,"column":2}},"712":{"start":{"line":713,"column":0},"end":{"line":713,"column":56}},"713":{"start":{"line":714,"column":0},"end":{"line":714,"column":23}},"714":{"start":{"line":715,"column":0},"end":{"line":715,"column":18}},"715":{"start":{"line":716,"column":0},"end":{"line":716,"column":75}},"716":{"start":{"line":717,"column":0},"end":{"line":717,"column":4}},"717":{"start":{"line":718,"column":0},"end":{"line":718,"column":2}},"719":{"start":{"line":720,"column":0},"end":{"line":720,"column":27}},"720":{"start":{"line":721,"column":0},"end":{"line":721,"column":1}},"728":{"start":{"line":729,"column":0},"end":{"line":729,"column":42}},"729":{"start":{"line":730,"column":0},"end":{"line":730,"column":19}},"730":{"start":{"line":731,"column":0},"end":{"line":731,"column":30}},"731":{"start":{"line":732,"column":0},"end":{"line":732,"column":3}},"732":{"start":{"line":733,"column":0},"end":{"line":733,"column":30}},"733":{"start":{"line":734,"column":0},"end":{"line":734,"column":57}},"734":{"start":{"line":735,"column":0},"end":{"line":735,"column":3}},"735":{"start":{"line":736,"column":0},"end":{"line":736,"column":19}},"736":{"start":{"line":737,"column":0},"end":{"line":737,"column":13}},"737":{"start":{"line":738,"column":0},"end":{"line":738,"column":39}},"738":{"start":{"line":739,"column":0},"end":{"line":739,"column":5}},"739":{"start":{"line":740,"column":0},"end":{"line":740,"column":36}},"740":{"start":{"line":741,"column":0},"end":{"line":741,"column":4}},"741":{"start":{"line":742,"column":0},"end":{"line":742,"column":3}},"743":{"start":{"line":744,"column":0},"end":{"line":744,"column":20}},"744":{"start":{"line":745,"column":0},"end":{"line":745,"column":18}},"745":{"start":{"line":746,"column":0},"end":{"line":746,"column":78}},"746":{"start":{"line":747,"column":0},"end":{"line":747,"column":4}},"747":{"start":{"line":748,"column":0},"end":{"line":748,"column":2}},"749":{"start":{"line":750,"column":0},"end":{"line":750,"column":19}},"750":{"start":{"line":751,"column":0},"end":{"line":751,"column":6}},"751":{"start":{"line":752,"column":0},"end":{"line":752,"column":31}},"752":{"start":{"line":753,"column":0},"end":{"line":753,"column":32}},"753":{"start":{"line":754,"column":0},"end":{"line":754,"column":22}},"754":{"start":{"line":755,"column":0},"end":{"line":755,"column":73}},"755":{"start":{"line":756,"column":0},"end":{"line":756,"column":18}},"756":{"start":{"line":757,"column":0},"end":{"line":757,"column":93}},"757":{"start":{"line":758,"column":0},"end":{"line":758,"column":4}},"758":{"start":{"line":759,"column":0},"end":{"line":759,"column":2}},"760":{"start":{"line":761,"column":0},"end":{"line":761,"column":59}},"761":{"start":{"line":762,"column":0},"end":{"line":762,"column":23}},"762":{"start":{"line":763,"column":0},"end":{"line":763,"column":18}},"763":{"start":{"line":764,"column":0},"end":{"line":764,"column":73}},"764":{"start":{"line":765,"column":0},"end":{"line":765,"column":4}},"765":{"start":{"line":766,"column":0},"end":{"line":766,"column":2}},"767":{"start":{"line":768,"column":0},"end":{"line":768,"column":27}},"768":{"start":{"line":769,"column":0},"end":{"line":769,"column":1}},"774":{"start":{"line":775,"column":0},"end":{"line":775,"column":77}},"775":{"start":{"line":776,"column":0},"end":{"line":776,"column":30}},"776":{"start":{"line":777,"column":0},"end":{"line":777,"column":57}},"777":{"start":{"line":778,"column":0},"end":{"line":778,"column":3}},"778":{"start":{"line":779,"column":0},"end":{"line":779,"column":20}},"779":{"start":{"line":780,"column":0},"end":{"line":780,"column":4}},"780":{"start":{"line":781,"column":0},"end":{"line":781,"column":3}},"782":{"start":{"line":783,"column":0},"end":{"line":783,"column":20}},"783":{"start":{"line":784,"column":0},"end":{"line":784,"column":18}},"784":{"start":{"line":785,"column":0},"end":{"line":785,"column":78}},"785":{"start":{"line":786,"column":0},"end":{"line":786,"column":4}},"786":{"start":{"line":787,"column":0},"end":{"line":787,"column":2}},"787":{"start":{"line":788,"column":0},"end":{"line":788,"column":1}},"849":{"start":{"line":850,"column":0},"end":{"line":850,"column":44}},"850":{"start":{"line":851,"column":0},"end":{"line":851,"column":26}},"851":{"start":{"line":852,"column":0},"end":{"line":852,"column":39}},"852":{"start":{"line":853,"column":0},"end":{"line":853,"column":19}},"853":{"start":{"line":854,"column":0},"end":{"line":854,"column":3}},"855":{"start":{"line":856,"column":0},"end":{"line":856,"column":44}},"856":{"start":{"line":857,"column":0},"end":{"line":857,"column":26}},"857":{"start":{"line":858,"column":0},"end":{"line":858,"column":18}},"858":{"start":{"line":859,"column":0},"end":{"line":859,"column":27}},"859":{"start":{"line":860,"column":0},"end":{"line":860,"column":27}},"860":{"start":{"line":861,"column":0},"end":{"line":861,"column":26}},"861":{"start":{"line":862,"column":0},"end":{"line":862,"column":31}},"862":{"start":{"line":863,"column":0},"end":{"line":863,"column":30}},"863":{"start":{"line":864,"column":0},"end":{"line":864,"column":30}},"864":{"start":{"line":865,"column":0},"end":{"line":865,"column":29}},"865":{"start":{"line":866,"column":0},"end":{"line":866,"column":23}},"866":{"start":{"line":867,"column":0},"end":{"line":867,"column":26}},"867":{"start":{"line":868,"column":0},"end":{"line":868,"column":5}},"868":{"start":{"line":869,"column":0},"end":{"line":869,"column":29}},"869":{"start":{"line":870,"column":0},"end":{"line":870,"column":13}},"870":{"start":{"line":871,"column":0},"end":{"line":871,"column":22}},"871":{"start":{"line":872,"column":0},"end":{"line":872,"column":22}},"872":{"start":{"line":873,"column":0},"end":{"line":873,"column":27}},"873":{"start":{"line":874,"column":0},"end":{"line":874,"column":6}},"874":{"start":{"line":875,"column":0},"end":{"line":875,"column":4}},"875":{"start":{"line":876,"column":0},"end":{"line":876,"column":28}},"876":{"start":{"line":877,"column":0},"end":{"line":877,"column":13}},"877":{"start":{"line":878,"column":0},"end":{"line":878,"column":19}},"878":{"start":{"line":879,"column":0},"end":{"line":879,"column":22}},"879":{"start":{"line":880,"column":0},"end":{"line":880,"column":20}},"880":{"start":{"line":881,"column":0},"end":{"line":881,"column":27}},"881":{"start":{"line":882,"column":0},"end":{"line":882,"column":6}},"882":{"start":{"line":883,"column":0},"end":{"line":883,"column":4}},"883":{"start":{"line":884,"column":0},"end":{"line":884,"column":4}},"884":{"start":{"line":885,"column":0},"end":{"line":885,"column":3}},"891":{"start":{"line":892,"column":0},"end":{"line":892,"column":74}},"892":{"start":{"line":893,"column":0},"end":{"line":893,"column":43}},"894":{"start":{"line":895,"column":0},"end":{"line":895,"column":66}},"895":{"start":{"line":896,"column":0},"end":{"line":896,"column":63}},"896":{"start":{"line":897,"column":0},"end":{"line":897,"column":74}},"897":{"start":{"line":898,"column":0},"end":{"line":898,"column":77}},"898":{"start":{"line":899,"column":0},"end":{"line":899,"column":22}},"899":{"start":{"line":900,"column":0},"end":{"line":900,"column":62}},"900":{"start":{"line":901,"column":0},"end":{"line":901,"column":22}},"901":{"start":{"line":902,"column":0},"end":{"line":902,"column":62}},"902":{"start":{"line":903,"column":0},"end":{"line":903,"column":38}},"903":{"start":{"line":904,"column":0},"end":{"line":904,"column":66}},"905":{"start":{"line":906,"column":0},"end":{"line":906,"column":30}},"906":{"start":{"line":907,"column":0},"end":{"line":907,"column":61}},"907":{"start":{"line":908,"column":0},"end":{"line":908,"column":3}},"909":{"start":{"line":910,"column":0},"end":{"line":910,"column":20}},"910":{"start":{"line":911,"column":0},"end":{"line":911,"column":75}},"911":{"start":{"line":912,"column":0},"end":{"line":912,"column":2}},"913":{"start":{"line":914,"column":0},"end":{"line":914,"column":19}},"914":{"start":{"line":915,"column":0},"end":{"line":915,"column":6}},"915":{"start":{"line":916,"column":0},"end":{"line":916,"column":31}},"916":{"start":{"line":917,"column":0},"end":{"line":917,"column":32}},"917":{"start":{"line":918,"column":0},"end":{"line":918,"column":22}},"918":{"start":{"line":919,"column":0},"end":{"line":919,"column":73}},"919":{"start":{"line":920,"column":0},"end":{"line":920,"column":18}},"920":{"start":{"line":921,"column":0},"end":{"line":921,"column":76}},"921":{"start":{"line":922,"column":0},"end":{"line":922,"column":4}},"922":{"start":{"line":923,"column":0},"end":{"line":923,"column":2}},"924":{"start":{"line":925,"column":0},"end":{"line":925,"column":58}},"925":{"start":{"line":926,"column":0},"end":{"line":926,"column":23}},"926":{"start":{"line":927,"column":0},"end":{"line":927,"column":18}},"927":{"start":{"line":928,"column":0},"end":{"line":928,"column":71}},"928":{"start":{"line":929,"column":0},"end":{"line":929,"column":4}},"929":{"start":{"line":930,"column":0},"end":{"line":930,"column":2}},"931":{"start":{"line":932,"column":0},"end":{"line":932,"column":28}},"932":{"start":{"line":933,"column":0},"end":{"line":933,"column":1}},"938":{"start":{"line":939,"column":0},"end":{"line":939,"column":62}},"939":{"start":{"line":940,"column":0},"end":{"line":940,"column":70}},"941":{"start":{"line":942,"column":0},"end":{"line":942,"column":20}},"942":{"start":{"line":943,"column":0},"end":{"line":943,"column":72}},"943":{"start":{"line":944,"column":0},"end":{"line":944,"column":2}},"945":{"start":{"line":946,"column":0},"end":{"line":946,"column":19}},"946":{"start":{"line":947,"column":0},"end":{"line":947,"column":6}},"947":{"start":{"line":948,"column":0},"end":{"line":948,"column":31}},"948":{"start":{"line":949,"column":0},"end":{"line":949,"column":32}},"949":{"start":{"line":950,"column":0},"end":{"line":950,"column":22}},"950":{"start":{"line":951,"column":0},"end":{"line":951,"column":73}},"951":{"start":{"line":952,"column":0},"end":{"line":952,"column":18}},"952":{"start":{"line":953,"column":0},"end":{"line":953,"column":73}},"953":{"start":{"line":954,"column":0},"end":{"line":954,"column":4}},"954":{"start":{"line":955,"column":0},"end":{"line":955,"column":2}},"956":{"start":{"line":957,"column":0},"end":{"line":957,"column":58}},"957":{"start":{"line":958,"column":0},"end":{"line":958,"column":23}},"958":{"start":{"line":959,"column":0},"end":{"line":959,"column":18}},"959":{"start":{"line":960,"column":0},"end":{"line":960,"column":68}},"960":{"start":{"line":961,"column":0},"end":{"line":961,"column":4}},"961":{"start":{"line":962,"column":0},"end":{"line":962,"column":2}},"963":{"start":{"line":964,"column":0},"end":{"line":964,"column":26}},"964":{"start":{"line":965,"column":0},"end":{"line":965,"column":1}},"966":{"start":{"line":967,"column":0},"end":{"line":967,"column":25}},"967":{"start":{"line":968,"column":0},"end":{"line":968,"column":71}},"969":{"start":{"line":970,"column":0},"end":{"line":970,"column":49}},"970":{"start":{"line":971,"column":0},"end":{"line":971,"column":20}},"971":{"start":{"line":972,"column":0},"end":{"line":972,"column":22}},"972":{"start":{"line":973,"column":0},"end":{"line":973,"column":56}},"973":{"start":{"line":974,"column":0},"end":{"line":974,"column":5}},"975":{"start":{"line":976,"column":0},"end":{"line":976,"column":22}},"976":{"start":{"line":977,"column":0},"end":{"line":977,"column":9}},"977":{"start":{"line":978,"column":0},"end":{"line":978,"column":18}},"978":{"start":{"line":979,"column":0},"end":{"line":979,"column":21}},"979":{"start":{"line":980,"column":0},"end":{"line":980,"column":21}},"980":{"start":{"line":981,"column":0},"end":{"line":981,"column":20}},"981":{"start":{"line":982,"column":0},"end":{"line":982,"column":14}},"982":{"start":{"line":983,"column":0},"end":{"line":983,"column":17}},"983":{"start":{"line":984,"column":0},"end":{"line":984,"column":18}},"984":{"start":{"line":985,"column":0},"end":{"line":985,"column":26}},"985":{"start":{"line":986,"column":0},"end":{"line":986,"column":37}},"986":{"start":{"line":987,"column":0},"end":{"line":987,"column":37}},"987":{"start":{"line":988,"column":0},"end":{"line":988,"column":4}},"989":{"start":{"line":990,"column":0},"end":{"line":990,"column":52}},"990":{"start":{"line":991,"column":0},"end":{"line":991,"column":45}},"991":{"start":{"line":992,"column":0},"end":{"line":992,"column":13}},"992":{"start":{"line":993,"column":0},"end":{"line":993,"column":24}},"993":{"start":{"line":994,"column":0},"end":{"line":994,"column":19}},"994":{"start":{"line":995,"column":0},"end":{"line":995,"column":24}},"995":{"start":{"line":996,"column":0},"end":{"line":996,"column":7}},"996":{"start":{"line":997,"column":0},"end":{"line":997,"column":6}},"998":{"start":{"line":999,"column":0},"end":{"line":999,"column":41}},"999":{"start":{"line":1000,"column":0},"end":{"line":1000,"column":22}},"1000":{"start":{"line":1001,"column":0},"end":{"line":1001,"column":22}},"1001":{"start":{"line":1002,"column":0},"end":{"line":1002,"column":21}},"1002":{"start":{"line":1003,"column":0},"end":{"line":1003,"column":15}},"1003":{"start":{"line":1004,"column":0},"end":{"line":1004,"column":18}},"1004":{"start":{"line":1005,"column":0},"end":{"line":1005,"column":27}},"1005":{"start":{"line":1006,"column":0},"end":{"line":1006,"column":5}},"1007":{"start":{"line":1008,"column":0},"end":{"line":1008,"column":61}},"1008":{"start":{"line":1009,"column":0},"end":{"line":1009,"column":38}},"1009":{"start":{"line":1010,"column":0},"end":{"line":1010,"column":5}},"1011":{"start":{"line":1012,"column":0},"end":{"line":1012,"column":52}},"1012":{"start":{"line":1013,"column":0},"end":{"line":1013,"column":45}},"1013":{"start":{"line":1014,"column":0},"end":{"line":1014,"column":13}},"1014":{"start":{"line":1015,"column":0},"end":{"line":1015,"column":16}},"1015":{"start":{"line":1016,"column":0},"end":{"line":1016,"column":24}},"1016":{"start":{"line":1017,"column":0},"end":{"line":1017,"column":19}},"1017":{"start":{"line":1018,"column":0},"end":{"line":1018,"column":24}},"1018":{"start":{"line":1019,"column":0},"end":{"line":1019,"column":7}},"1019":{"start":{"line":1020,"column":0},"end":{"line":1020,"column":6}},"1021":{"start":{"line":1022,"column":0},"end":{"line":1022,"column":46}},"1022":{"start":{"line":1023,"column":0},"end":{"line":1023,"column":38}},"1023":{"start":{"line":1024,"column":0},"end":{"line":1024,"column":5}},"1025":{"start":{"line":1026,"column":0},"end":{"line":1026,"column":53}},"1026":{"start":{"line":1027,"column":0},"end":{"line":1027,"column":45}},"1027":{"start":{"line":1028,"column":0},"end":{"line":1028,"column":14}},"1028":{"start":{"line":1029,"column":0},"end":{"line":1029,"column":16}},"1029":{"start":{"line":1030,"column":0},"end":{"line":1030,"column":6}},"1031":{"start":{"line":1032,"column":0},"end":{"line":1032,"column":46}},"1032":{"start":{"line":1033,"column":0},"end":{"line":1033,"column":29}},"1033":{"start":{"line":1034,"column":0},"end":{"line":1034,"column":5}},"1035":{"start":{"line":1036,"column":0},"end":{"line":1036,"column":52}},"1036":{"start":{"line":1037,"column":0},"end":{"line":1037,"column":26}},"1037":{"start":{"line":1038,"column":0},"end":{"line":1038,"column":18}},"1038":{"start":{"line":1039,"column":0},"end":{"line":1039,"column":22}},"1039":{"start":{"line":1040,"column":0},"end":{"line":1040,"column":19}},"1040":{"start":{"line":1041,"column":0},"end":{"line":1041,"column":5}},"1042":{"start":{"line":1043,"column":0},"end":{"line":1043,"column":45}},"1043":{"start":{"line":1044,"column":0},"end":{"line":1044,"column":13}},"1044":{"start":{"line":1045,"column":0},"end":{"line":1045,"column":24}},"1045":{"start":{"line":1046,"column":0},"end":{"line":1046,"column":19}},"1046":{"start":{"line":1047,"column":0},"end":{"line":1047,"column":27}},"1047":{"start":{"line":1048,"column":0},"end":{"line":1048,"column":7}},"1048":{"start":{"line":1049,"column":0},"end":{"line":1049,"column":6}},"1050":{"start":{"line":1051,"column":0},"end":{"line":1051,"column":41}},"1051":{"start":{"line":1052,"column":0},"end":{"line":1052,"column":22}},"1052":{"start":{"line":1053,"column":0},"end":{"line":1053,"column":5}},"1054":{"start":{"line":1055,"column":0},"end":{"line":1055,"column":61}},"1055":{"start":{"line":1056,"column":0},"end":{"line":1056,"column":41}},"1056":{"start":{"line":1057,"column":0},"end":{"line":1057,"column":5}},"1057":{"start":{"line":1058,"column":0},"end":{"line":1058,"column":4}},"1058":{"start":{"line":1059,"column":0},"end":{"line":1059,"column":1}}},"s":{"0":1,"3":1,"4":1,"5":1,"6":1,"8":1,"10":1,"11":1,"12":1,"13":1,"15":1,"16":1,"17":1,"18":1,"19":1,"20":1,"21":1,"22":1,"23":1,"24":1,"25":1,"28":1,"29":1,"30":1,"31":1,"34":1,"35":1,"36":1,"37":1,"40":1,"41":1,"42":1,"43":1,"46":1,"47":1,"48":1,"49":1,"52":28,"53":28,"54":28,"55":1,"56":1,"57":27,"58":27,"64":0,"66":0,"67":0,"68":0,"69":0,"70":0,"71":0,"72":0,"73":0,"74":0,"76":0,"77":0,"78":0,"79":0,"81":0,"82":0,"88":0,"89":0,"90":0,"91":0,"92":0,"93":0,"94":0,"95":0,"97":0,"98":0,"100":0,"101":0,"102":0,"103":0,"104":0,"105":0,"106":0,"115":0,"116":0,"117":0,"118":0,"119":0,"121":0,"122":0,"123":0,"124":0,"125":0,"126":0,"127":0,"128":0,"129":0,"130":0,"131":0,"132":0,"133":0,"135":0,"137":0,"138":0,"139":0,"140":0,"143":0,"151":0,"152":0,"153":0,"154":0,"155":0,"156":0,"157":0,"158":0,"159":0,"160":0,"161":0,"163":0,"164":0,"166":0,"167":0,"168":0,"169":0,"170":0,"175":0,"176":0,"177":0,"179":0,"180":0,"181":0,"183":0,"184":0,"185":0,"186":0,"188":0,"189":0,"190":0,"191":0,"193":0,"195":0,"196":0,"197":0,"198":0,"199":0,"200":0,"201":0,"202":0,"203":0,"204":0,"205":0,"206":0,"207":0,"210":0,"211":0,"212":0,"213":0,"214":0,"215":0,"217":0,"218":0,"225":0,"226":0,"227":0,"228":0,"229":0,"230":0,"231":0,"233":0,"234":0,"235":0,"236":0,"237":0,"238":0,"239":0,"240":0,"241":0,"242":0,"244":0,"245":0,"246":0,"247":0,"248":0,"249":0,"251":0,"252":0,"260":0,"261":0,"262":0,"263":0,"264":0,"265":0,"266":0,"267":0,"268":0,"269":0,"270":0,"272":0,"273":0,"274":0,"275":0,"276":0,"278":0,"279":0,"280":0,"281":0,"282":0,"283":0,"284":0,"285":0,"286":0,"287":0,"289":0,"290":0,"291":0,"292":0,"293":0,"294":0,"296":0,"297":0,"299":0,"300":0,"301":0,"302":0,"304":0,"305":0,"306":0,"307":0,"308":0,"309":0,"310":0,"311":0,"312":0,"313":0,"314":0,"315":0,"316":0,"317":0,"318":0,"320":0,"321":0,"322":0,"323":0,"324":0,"325":0,"326":0,"327":0,"328":0,"329":0,"330":0,"331":0,"332":0,"333":0,"335":0,"336":0,"337":0,"338":0,"339":0,"340":0,"341":0,"350":0,"351":0,"352":0,"353":0,"359":0,"360":0,"361":0,"362":0,"363":0,"364":0,"365":0,"366":0,"367":0,"368":0,"369":0,"370":0,"372":0,"373":0,"374":0,"375":0,"376":0,"377":0,"378":0,"379":0,"380":0,"381":0,"383":0,"384":0,"385":0,"386":0,"387":0,"388":0,"389":0,"390":0,"391":0,"392":0,"393":0,"394":0,"397":0,"398":0,"399":0,"400":0,"401":0,"402":0,"403":0,"404":0,"405":0,"406":0,"407":0,"408":0,"410":0,"411":0,"412":0,"413":0,"414":0,"415":0,"418":0,"419":0,"420":0,"423":1,"424":1,"425":1,"426":1,"427":1,"428":1,"429":1,"430":1,"433":1,"434":1,"435":1,"436":1,"443":0,"444":0,"445":0,"446":0,"447":0,"448":0,"449":0,"450":0,"451":0,"453":0,"454":0,"455":0,"456":0,"457":0,"458":0,"459":0,"460":0,"461":0,"464":1,"465":1,"466":1,"467":1,"468":1,"469":1,"470":1,"471":1,"472":1,"473":1,"476":1,"477":1,"478":1,"479":1,"482":1,"483":1,"484":1,"485":1,"492":1,"493":1,"494":1,"495":1,"496":0,"497":0,"498":0,"499":0,"500":0,"502":0,"503":0,"504":0,"505":0,"506":0,"507":0,"508":0,"509":0,"510":0,"516":0,"518":0,"519":0,"520":0,"521":0,"523":0,"524":0,"525":0,"526":0,"527":0,"528":0,"529":0,"530":0,"531":0,"536":0,"538":0,"539":0,"540":0,"541":0,"543":0,"544":0,"545":0,"546":0,"547":0,"548":0,"549":0,"550":0,"551":0,"558":0,"559":0,"560":0,"561":0,"562":0,"563":0,"564":0,"566":0,"567":0,"568":0,"569":0,"570":0,"572":0,"573":0,"574":0,"575":0,"576":0,"577":0,"578":0,"579":0,"580":0,"602":1,"603":1,"604":1,"605":1,"606":1,"607":1,"608":1,"609":1,"610":1,"611":1,"612":1,"613":1,"614":1,"616":1,"617":1,"618":1,"619":1,"621":1,"622":1,"623":1,"624":1,"626":1,"627":1,"628":1,"629":1,"639":7,"640":7,"641":7,"642":7,"643":7,"644":7,"645":7,"646":7,"647":7,"648":7,"649":7,"650":7,"651":7,"652":7,"654":6,"655":2,"656":2,"657":2,"658":2,"660":4,"661":4,"662":4,"663":7,"664":0,"665":0,"666":0,"667":0,"668":0,"669":0,"671":4,"672":7,"673":0,"674":0,"675":0,"676":0,"678":4,"679":4,"686":7,"687":7,"688":7,"689":7,"691":7,"692":2,"693":2,"695":7,"696":1,"697":1,"698":1,"699":1,"701":3,"702":3,"703":3,"704":7,"705":0,"706":0,"707":0,"708":0,"709":0,"710":0,"712":3,"713":7,"714":0,"715":0,"716":0,"717":0,"719":3,"720":3,"728":3,"729":3,"730":3,"731":3,"732":3,"733":3,"734":3,"735":3,"736":3,"737":3,"738":3,"739":3,"740":3,"741":3,"743":3,"744":1,"745":1,"746":1,"747":1,"749":2,"750":2,"751":2,"752":3,"753":0,"754":0,"755":0,"756":0,"757":0,"758":0,"760":2,"761":3,"762":0,"763":0,"764":0,"765":0,"767":2,"768":2,"774":0,"775":0,"776":0,"777":0,"778":0,"779":0,"780":0,"782":0,"783":0,"784":0,"785":0,"786":0,"787":0,"849":1,"850":1,"851":1,"852":1,"853":1,"855":1,"856":1,"857":1,"858":1,"859":1,"860":1,"861":1,"862":1,"863":1,"864":1,"865":1,"866":1,"867":1,"868":1,"869":1,"870":1,"871":1,"872":1,"873":1,"874":1,"875":1,"876":1,"877":1,"878":1,"879":1,"880":1,"881":1,"882":1,"883":1,"884":1,"891":5,"892":5,"894":5,"895":5,"896":5,"897":5,"898":5,"899":5,"900":5,"901":5,"902":5,"903":5,"905":5,"906":5,"907":5,"909":5,"910":1,"911":1,"913":4,"914":4,"915":4,"916":5,"917":0,"918":0,"919":0,"920":0,"921":0,"922":0,"924":4,"925":5,"926":0,"927":0,"928":0,"929":0,"931":4,"932":4,"938":5,"939":5,"941":5,"942":2,"943":2,"945":2,"946":2,"947":2,"948":5,"949":0,"950":0,"951":0,"952":0,"953":0,"954":0,"956":2,"957":5,"958":0,"959":0,"960":0,"961":0,"963":2,"964":2,"966":1,"967":0,"969":0,"970":0,"971":0,"972":0,"973":0,"975":0,"976":0,"977":0,"978":0,"979":0,"980":0,"981":0,"982":0,"983":0,"984":0,"985":0,"986":0,"987":0,"989":0,"990":0,"991":0,"992":0,"993":0,"994":0,"995":0,"996":0,"998":0,"999":0,"1000":0,"1001":0,"1002":0,"1003":0,"1004":0,"1005":0,"1007":0,"1008":0,"1009":0,"1011":0,"1012":0,"1013":0,"1014":0,"1015":0,"1016":0,"1017":0,"1018":0,"1019":0,"1021":0,"1022":0,"1023":0,"1025":0,"1026":0,"1027":0,"1028":0,"1029":0,"1031":0,"1032":0,"1033":0,"1035":0,"1036":0,"1037":0,"1038":0,"1039":0,"1040":0,"1042":0,"1043":0,"1044":0,"1045":0,"1046":0,"1047":0,"1048":0,"1050":0,"1051":0,"1052":0,"1054":0,"1055":0,"1056":0,"1057":0,"1058":0},"branchMap":{"0":{"type":"branch","line":967,"loc":{"start":{"line":967,"column":24},"end":{"line":1059,"column":1}},"locations":[{"start":{"line":967,"column":24},"end":{"line":1059,"column":1}}]},"1":{"type":"branch","line":967,"loc":{"start":{"line":967,"column":24},"end":{"line":1059,"column":1}},"locations":[{"start":{"line":967,"column":24},"end":{"line":1059,"column":1}}]},"2":{"type":"branch","line":53,"loc":{"start":{"line":53,"column":0},"end":{"line":59,"column":1}},"locations":[{"start":{"line":53,"column":0},"end":{"line":59,"column":1}}]},"3":{"type":"branch","line":55,"loc":{"start":{"line":55,"column":20},"end":{"line":57,"column":2}},"locations":[{"start":{"line":55,"column":20},"end":{"line":57,"column":2}}]},"4":{"type":"branch","line":57,"loc":{"start":{"line":57,"column":1},"end":{"line":59,"column":1}},"locations":[{"start":{"line":57,"column":1},"end":{"line":59,"column":1}}]},"5":{"type":"branch","line":493,"loc":{"start":{"line":493,"column":0},"end":{"line":511,"column":1}},"locations":[{"start":{"line":493,"column":0},"end":{"line":511,"column":1}}]},"6":{"type":"branch","line":496,"loc":{"start":{"line":496,"column":1},"end":{"line":511,"column":1}},"locations":[{"start":{"line":496,"column":1},"end":{"line":511,"column":1}}]},"7":{"type":"branch","line":640,"loc":{"start":{"line":640,"column":0},"end":{"line":680,"column":1}},"locations":[{"start":{"line":640,"column":0},"end":{"line":680,"column":1}}]},"8":{"type":"branch","line":653,"loc":{"start":{"line":653,"column":1},"end":{"line":664,"column":10}},"locations":[{"start":{"line":653,"column":1},"end":{"line":664,"column":10}}]},"9":{"type":"branch","line":655,"loc":{"start":{"line":655,"column":19},"end":{"line":659,"column":2}},"locations":[{"start":{"line":655,"column":19},"end":{"line":659,"column":2}}]},"10":{"type":"branch","line":659,"loc":{"start":{"line":659,"column":1},"end":{"line":664,"column":10}},"locations":[{"start":{"line":659,"column":1},"end":{"line":664,"column":10}}]},"11":{"type":"branch","line":664,"loc":{"start":{"line":664,"column":1},"end":{"line":670,"column":2}},"locations":[{"start":{"line":664,"column":1},"end":{"line":670,"column":2}}]},"12":{"type":"branch","line":670,"loc":{"start":{"line":670,"column":1},"end":{"line":673,"column":22}},"locations":[{"start":{"line":670,"column":1},"end":{"line":673,"column":22}}]},"13":{"type":"branch","line":673,"loc":{"start":{"line":673,"column":22},"end":{"line":677,"column":2}},"locations":[{"start":{"line":673,"column":22},"end":{"line":677,"column":2}}]},"14":{"type":"branch","line":677,"loc":{"start":{"line":677,"column":1},"end":{"line":680,"column":1}},"locations":[{"start":{"line":677,"column":1},"end":{"line":680,"column":1}}]},"15":{"type":"branch","line":687,"loc":{"start":{"line":687,"column":0},"end":{"line":721,"column":1}},"locations":[{"start":{"line":687,"column":0},"end":{"line":721,"column":1}}]},"16":{"type":"branch","line":690,"loc":{"start":{"line":690,"column":1},"end":{"line":692,"column":30}},"locations":[{"start":{"line":690,"column":1},"end":{"line":692,"column":30}}]},"17":{"type":"branch","line":692,"loc":{"start":{"line":692,"column":30},"end":{"line":694,"column":2}},"locations":[{"start":{"line":692,"column":30},"end":{"line":694,"column":2}}]},"18":{"type":"branch","line":694,"loc":{"start":{"line":694,"column":1},"end":{"line":696,"column":19}},"locations":[{"start":{"line":694,"column":1},"end":{"line":696,"column":19}}]},"19":{"type":"branch","line":696,"loc":{"start":{"line":696,"column":19},"end":{"line":705,"column":10}},"locations":[{"start":{"line":696,"column":19},"end":{"line":705,"column":10}}]},"20":{"type":"branch","line":696,"loc":{"start":{"line":696,"column":19},"end":{"line":700,"column":2}},"locations":[{"start":{"line":696,"column":19},"end":{"line":700,"column":2}}]},"21":{"type":"branch","line":700,"loc":{"start":{"line":700,"column":1},"end":{"line":705,"column":10}},"locations":[{"start":{"line":700,"column":1},"end":{"line":705,"column":10}}]},"22":{"type":"branch","line":705,"loc":{"start":{"line":705,"column":1},"end":{"line":711,"column":2}},"locations":[{"start":{"line":705,"column":1},"end":{"line":711,"column":2}}]},"23":{"type":"branch","line":711,"loc":{"start":{"line":711,"column":1},"end":{"line":714,"column":22}},"locations":[{"start":{"line":711,"column":1},"end":{"line":714,"column":22}}]},"24":{"type":"branch","line":714,"loc":{"start":{"line":714,"column":22},"end":{"line":718,"column":2}},"locations":[{"start":{"line":714,"column":22},"end":{"line":718,"column":2}}]},"25":{"type":"branch","line":718,"loc":{"start":{"line":718,"column":1},"end":{"line":721,"column":1}},"locations":[{"start":{"line":718,"column":1},"end":{"line":721,"column":1}}]},"26":{"type":"branch","line":729,"loc":{"start":{"line":729,"column":0},"end":{"line":769,"column":1}},"locations":[{"start":{"line":729,"column":0},"end":{"line":769,"column":1}}]},"27":{"type":"branch","line":744,"loc":{"start":{"line":744,"column":19},"end":{"line":753,"column":10}},"locations":[{"start":{"line":744,"column":19},"end":{"line":753,"column":10}}]},"28":{"type":"branch","line":744,"loc":{"start":{"line":744,"column":19},"end":{"line":748,"column":2}},"locations":[{"start":{"line":744,"column":19},"end":{"line":748,"column":2}}]},"29":{"type":"branch","line":753,"loc":{"start":{"line":753,"column":1},"end":{"line":759,"column":2}},"locations":[{"start":{"line":753,"column":1},"end":{"line":759,"column":2}}]},"30":{"type":"branch","line":759,"loc":{"start":{"line":759,"column":1},"end":{"line":762,"column":22}},"locations":[{"start":{"line":759,"column":1},"end":{"line":762,"column":22}}]},"31":{"type":"branch","line":762,"loc":{"start":{"line":762,"column":22},"end":{"line":766,"column":2}},"locations":[{"start":{"line":762,"column":22},"end":{"line":766,"column":2}}]},"32":{"type":"branch","line":766,"loc":{"start":{"line":766,"column":1},"end":{"line":769,"column":1}},"locations":[{"start":{"line":766,"column":1},"end":{"line":769,"column":1}}]},"33":{"type":"branch","line":892,"loc":{"start":{"line":892,"column":0},"end":{"line":933,"column":1}},"locations":[{"start":{"line":892,"column":0},"end":{"line":933,"column":1}}]},"34":{"type":"branch","line":895,"loc":{"start":{"line":895,"column":21},"end":{"line":895,"column":66}},"locations":[{"start":{"line":895,"column":21},"end":{"line":895,"column
[...]
"column":20}},"1002":{"start":{"line":1003,"column":0},"end":{"line":1003,"column":6}},"1003":{"start":{"line":1004,"column":0},"end":{"line":1004,"column":4}},"1005":{"start":{"line":1006,"column":0},"end":{"line":1006,"column":28}},"1006":{"start":{"line":1007,"column":0},"end":{"line":1007,"column":9}},"1007":{"start":{"line":1008,"column":0},"end":{"line":1008,"column":23}},"1008":{"start":{"line":1009,"column":0},"end":{"line":1009,"column":70}},"1009":{"start":{"line":1010,"column":0},"end":{"line":1010,"column":31}},"1010":{"start":{"line":1011,"column":0},"end":{"line":1011,"column":142}},"1011":{"start":{"line":1012,"column":0},"end":{"line":1012,"column":37}},"1012":{"start":{"line":1013,"column":0},"end":{"line":1013,"column":5}},"1013":{"start":{"line":1014,"column":0},"end":{"line":1014,"column":18}},"1015":{"start":{"line":1016,"column":0},"end":{"line":1016,"column":11}},"1016":{"start":{"line":1017,"column":0},"end":{"line":1017,"column":14}},"1017":{"start":{"line":1018,"column":0},"end":{"line":1018,"column":6}},"1018":{"start":{"line":1019,"column":0},"end":{"line":1019,"column":19}},"1019":{"start":{"line":1020,"column":0},"end":{"line":1020,"column":52}},"1020":{"start":{"line":1021,"column":0},"end":{"line":1021,"column":7}},"1021":{"start":{"line":1022,"column":0},"end":{"line":1022,"column":6}},"1022":{"start":{"line":1023,"column":0},"end":{"line":1023,"column":19}},"1023":{"start":{"line":1024,"column":0},"end":{"line":1024,"column":5}},"1024":{"start":{"line":1025,"column":0},"end":{"line":1025,"column":28}},"1025":{"start":{"line":1026,"column":0},"end":{"line":1026,"column":23}},"1026":{"start":{"line":1027,"column":0},"end":{"line":1027,"column":59}},"1027":{"start":{"line":1028,"column":0},"end":{"line":1028,"column":69}},"1028":{"start":{"line":1029,"column":0},"end":{"line":1029,"column":11}},"1029":{"start":{"line":1030,"column":0},"end":{"line":1030,"column":14}},"1030":{"start":{"line":1031,"column":0},"end":{"line":1031,"column":6}},"1031":{"start":{"line":1032,"column":0},"end":{"line":1032,"column":19}},"1032":{"start":{"line":1033,"column":0},"end":{"line":1033,"column":47}},"1033":{"start":{"line":1034,"column":0},"end":{"line":1034,"column":7}},"1034":{"start":{"line":1035,"column":0},"end":{"line":1035,"column":6}},"1035":{"start":{"line":1036,"column":0},"end":{"line":1036,"column":18}},"1036":{"start":{"line":1037,"column":0},"end":{"line":1037,"column":5}},"1037":{"start":{"line":1038,"column":0},"end":{"line":1038,"column":3}},"1038":{"start":{"line":1039,"column":0},"end":{"line":1039,"column":3}},"1039":{"start":{"line":1040,"column":0},"end":{"line":1040,"column":2}},"1042":{"start":{"line":1043,"column":0},"end":{"line":1043,"column":12}},"1043":{"start":{"line":1044,"column":0},"end":{"line":1044,"column":20}},"1044":{"start":{"line":1045,"column":0},"end":{"line":1045,"column":2}},"1045":{"start":{"line":1046,"column":0},"end":{"line":1046,"column":12}},"1046":{"start":{"line":1047,"column":0},"end":{"line":1047,"column":10}},"1047":{"start":{"line":1048,"column":0},"end":{"line":1048,"column":14}},"1048":{"start":{"line":1049,"column":0},"end":{"line":1049,"column":44}},"1049":{"start":{"line":1050,"column":0},"end":{"line":1050,"column":53}},"1050":{"start":{"line":1051,"column":0},"end":{"line":1051,"column":53}},"1051":{"start":{"line":1052,"column":0},"end":{"line":1052,"column":52}},"1052":{"start":{"line":1053,"column":0},"end":{"line":1053,"column":46}},"1053":{"start":{"line":1054,"column":0},"end":{"line":1054,"column":49}},"1054":{"start":{"line":1055,"column":0},"end":{"line":1055,"column":36}},"1055":{"start":{"line":1056,"column":0},"end":{"line":1056,"column":7}},"1056":{"start":{"line":1057,"column":0},"end":{"line":1057,"column":4}},"1057":{"start":{"line":1058,"column":0},"end":{"line":1058,"column":24}},"1058":{"start":{"line":1059,"column":0},"end":{"line":1059,"column":3}},"1059":{"start":{"line":1060,"column":0},"end":{"line":1060,"column":25}},"1060":{"start":{"line":1061,"column":0},"end":{"line":1061,"column":7}},"1061":{"start":{"line":1062,"column":0},"end":{"line":1062,"column":44}},"1062":{"start":{"line":1063,"column":0},"end":{"line":1063,"column":33}},"1063":{"start":{"line":1064,"column":0},"end":{"line":1064,"column":55}},"1064":{"start":{"line":1065,"column":0},"end":{"line":1065,"column":67}},"1065":{"start":{"line":1066,"column":0},"end":{"line":1066,"column":7}},"1066":{"start":{"line":1067,"column":0},"end":{"line":1067,"column":5}},"1068":{"start":{"line":1069,"column":0},"end":{"line":1069,"column":76}},"1069":{"start":{"line":1070,"column":0},"end":{"line":1070,"column":72}},"1071":{"start":{"line":1072,"column":0},"end":{"line":1072,"column":36}},"1072":{"start":{"line":1073,"column":0},"end":{"line":1073,"column":71}},"1073":{"start":{"line":1074,"column":0},"end":{"line":1074,"column":58}},"1074":{"start":{"line":1075,"column":0},"end":{"line":1075,"column":41}},"1075":{"start":{"line":1076,"column":0},"end":{"line":1076,"column":9}},"1076":{"start":{"line":1077,"column":0},"end":{"line":1077,"column":74}},"1077":{"start":{"line":1078,"column":0},"end":{"line":1078,"column":13}},"1078":{"start":{"line":1079,"column":0},"end":{"line":1079,"column":47}},"1079":{"start":{"line":1080,"column":0},"end":{"line":1080,"column":8}},"1081":{"start":{"line":1082,"column":0},"end":{"line":1082,"column":32}},"1082":{"start":{"line":1083,"column":0},"end":{"line":1083,"column":71}},"1083":{"start":{"line":1084,"column":0},"end":{"line":1084,"column":57}},"1084":{"start":{"line":1085,"column":0},"end":{"line":1085,"column":41}},"1085":{"start":{"line":1086,"column":0},"end":{"line":1086,"column":39}},"1086":{"start":{"line":1087,"column":0},"end":{"line":1087,"column":53}},"1087":{"start":{"line":1088,"column":0},"end":{"line":1088,"column":8}},"1089":{"start":{"line":1090,"column":0},"end":{"line":1090,"column":74}},"1091":{"start":{"line":1092,"column":0},"end":{"line":1092,"column":38}},"1092":{"start":{"line":1093,"column":0},"end":{"line":1093,"column":38}},"1093":{"start":{"line":1094,"column":0},"end":{"line":1094,"column":37}},"1094":{"start":{"line":1095,"column":0},"end":{"line":1095,"column":10}},"1095":{"start":{"line":1096,"column":0},"end":{"line":1096,"column":17}},"1096":{"start":{"line":1097,"column":0},"end":{"line":1097,"column":93}},"1097":{"start":{"line":1098,"column":0},"end":{"line":1098,"column":6}},"1098":{"start":{"line":1099,"column":0},"end":{"line":1099,"column":17}},"1099":{"start":{"line":1100,"column":0},"end":{"line":1100,"column":4}},"1101":{"start":{"line":1102,"column":0},"end":{"line":1102,"column":34}},"1102":{"start":{"line":1103,"column":0},"end":{"line":1103,"column":38}},"1103":{"start":{"line":1104,"column":0},"end":{"line":1104,"column":33}},"1104":{"start":{"line":1105,"column":0},"end":{"line":1105,"column":71}},"1105":{"start":{"line":1106,"column":0},"end":{"line":1106,"column":17}},"1106":{"start":{"line":1107,"column":0},"end":{"line":1107,"column":4}},"1108":{"start":{"line":1109,"column":0},"end":{"line":1109,"column":11}},"1109":{"start":{"line":1110,"column":0},"end":{"line":1110,"column":14}},"1110":{"start":{"line":1111,"column":0},"end":{"line":1111,"column":6}},"1111":{"start":{"line":1112,"column":0},"end":{"line":1112,"column":19}},"1112":{"start":{"line":1113,"column":0},"end":{"line":1113,"column":25}},"1113":{"start":{"line":1114,"column":0},"end":{"line":1114,"column":7}},"1114":{"start":{"line":1115,"column":0},"end":{"line":1115,"column":6}},"1115":{"start":{"line":1116,"column":0},"end":{"line":1116,"column":24}},"1116":{"start":{"line":1117,"column":0},"end":{"line":1117,"column":5}},"1117":{"start":{"line":1118,"column":0},"end":{"line":1118,"column":28}},"1118":{"start":{"line":1119,"column":0},"end":{"line":1119,"column":23}},"1119":{"start":{"line":1120,"column":0},"end":{"line":1120,"column":59}},"1120":{"start":{"line":1121,"column":0},"end":{"line":1121,"column":66}},"1121":{"start":{"line":1122,"column":0},"end":{"line":1122,"column":11}},"1122":{"start":{"line":1123,"column":0},"end":{"line":1123,"column":14}},"1123":{"start":{"line":1124,"column":0},"end":{"line":1124,"column":6}},"1124":{"start":{"line":1125,"column":0},"end":{"line":1125,"column":19}},"1125":{"start":{"line":1126,"column":0},"end":{"line":1126,"column":46}},"1126":{"start":{"line":1127,"column":0},"end":{"line":1127,"column":7}},"1127":{"start":{"line":1128,"column":0},"end":{"line":1128,"column":6}},"1128":{"start":{"line":1129,"column":0},"end":{"line":1129,"column":18}},"1129":{"start":{"line":1130,"column":0},"end":{"line":1130,"column":5}},"1130":{"start":{"line":1131,"column":0},"end":{"line":1131,"column":3}},"1131":{"start":{"line":1132,"column":0},"end":{"line":1132,"column":3}},"1132":{"start":{"line":1133,"column":0},"end":{"line":1133,"column":2}},"1136":{"start":{"line":1137,"column":0},"end":{"line":1137,"column":23}},"1138":{"start":{"line":1139,"column":0},"end":{"line":1139,"column":46}},"1140":{"start":{"line":1141,"column":0},"end":{"line":1141,"column":6}},"1142":{"start":{"line":1143,"column":0},"end":{"line":1143,"column":34}},"1143":{"start":{"line":1144,"column":0},"end":{"line":1144,"column":18}},"1145":{"start":{"line":1146,"column":0},"end":{"line":1146,"column":56}},"1146":{"start":{"line":1147,"column":0},"end":{"line":1147,"column":46}},"1147":{"start":{"line":1148,"column":0},"end":{"line":1148,"column":2}},"1148":{"start":{"line":1149,"column":0},"end":{"line":1149,"column":1}},"1150":{"start":{"line":1151,"column":0},"end":{"line":1151,"column":7}}},"s":{"0":0,"1":0,"2":0,"3":0,"4":0,"5":0,"12":0,"15":0,"16":0,"17":0,"18":0,"23":0,"24":0,"25":0,"26":0,"27":0,"28":0,"31":0,"32":0,"33":0,"34":0,"35":0,"36":0,"37":0,"38":0,"39":0,"40":0,"41":0,"42":0,"43":0,"44":0,"45":0,"46":0,"47":0,"48":0,"49":0,"50":0,"53":0,"54":0,"55":0,"56":0,"57":0,"58":0,"60":0,"61":0,"62":0,"63":0,"64":0,"65":0,"66":0,"67":0,"68":0,"69":0,"70":0,"71":0,"72":0,"73":0,"74":0,"75":0,"76":0,"79":0,"80":0,"82":0,"83":0,"84":0,"85":0,"86":0,"87":0,"89":0,"90":0,"91":0,"92":0,"93":0,"94":0,"95":0,"96":0,"97":0,"98":0,"99":0,"100":0,"101":0,"102":0,"103":0,"104":0,"105":0,"106":0,"107":0,"108":0,"109":0,"110":0,"111":0,"112":0,"113":0,"114":0,"115":0,"116":0,"117":0,"118":0,"119":0,"120":0,"121":0,"122":0,"125":0,"126":0,"128":0,"129":0,"130":0,"131":0,"132":0,"134":0,"135":0,"136":0,"137":0,"138":0,"139":0,"140":0,"141":0,"142":0,"143":0,"144":0,"145":0,"146":0,"147":0,"148":0,"149":0,"150":0,"151":0,"152":0,"153":0,"154":0,"155":0,"156":0,"157":0,"158":0,"159":0,"160":0,"161":0,"162":0,"163":0,"164":0,"165":0,"166":0,"169":0,"170":0,"171":0,"172":0,"173":0,"174":0,"175":0,"176":0,"177":0,"178":0,"179":0,"180":0,"181":0,"182":0,"183":0,"184":0,"185":0,"186":0,"187":0,"188":0,"189":0,"190":0,"191":0,"192":0,"193":0,"194":0,"195":0,"196":0,"197":0,"198":0,"199":0,"200":0,"201":0,"202":0,"203":0,"204":0,"207":0,"208":0,"209":0,"210":0,"211":0,"212":0,"213":0,"214":0,"215":0,"216":0,"217":0,"218":0,"219":0,"220":0,"221":0,"222":0,"223":0,"224":0,"225":0,"226":0,"227":0,"228":0,"229":0,"230":0,"231":0,"232":0,"233":0,"234":0,"235":0,"236":0,"237":0,"238":0,"239":0,"240":0,"241":0,"242":0,"245":0,"246":0,"247":0,"248":0,"249":0,"250":0,"251":0,"252":0,"253":0,"254":0,"255":0,"256":0,"257":0,"258":0,"259":0,"260":0,"261":0,"262":0,"263":0,"264":0,"265":0,"266":0,"267":0,"268":0,"269":0,"270":0,"271":0,"272":0,"273":0,"274":0,"275":0,"276":0,"277":0,"278":0,"279":0,"280":0,"281":0,"282":0,"283":0,"284":0,"287":0,"288":0,"290":0,"291":0,"292":0,"293":0,"294":0,"295":0,"297":0,"298":0,"299":0,"300":0,"301":0,"302":0,"303":0,"304":0,"305":0,"306":0,"307":0,"308":0,"309":0,"310":0,"311":0,"312":0,"313":0,"314":0,"315":0,"316":0,"317":0,"318":0,"319":0,"320":0,"321":0,"322":0,"323":0,"324":0,"325":0,"326":0,"327":0,"328":0,"329":0,"330":0,"333":0,"334":0,"335":0,"336":0,"337":0,"338":0,"339":0,"340":0,"341":0,"342":0,"343":0,"344":0,"345":0,"346":0,"347":0,"348":0,"349":0,"350":0,"351":0,"352":0,"353":0,"354":0,"355":0,"356":0,"357":0,"358":0,"359":0,"360":0,"361":0,"362":0,"363":0,"364":0,"365":0,"366":0,"367":0,"368":0,"371":0,"372":0,"373":0,"374":0,"375":0,"376":0,"377":0,"378":0,"379":0,"380":0,"381":0,"382":0,"383":0,"384":0,"385":0,"386":0,"387":0,"388":0,"389":0,"390":0,"391":0,"392":0,"393":0,"394":0,"395":0,"396":0,"397":0,"398":0,"399":0,"400":0,"401":0,"402":0,"403":0,"404":0,"405":0,"406":0,"409":0,"410":0,"411":0,"412":0,"413":0,"414":0,"415":0,"416":0,"417":0,"418":0,"419":0,"420":0,"421":0,"422":0,"423":0,"424":0,"425":0,"426":0,"427":0,"428":0,"429":0,"430":0,"431":0,"432":0,"433":0,"434":0,"435":0,"436":0,"437":0,"438":0,"439":0,"442":0,"443":0,"444":0,"445":0,"446":0,"447":0,"448":0,"449":0,"450":0,"451":0,"452":0,"453":0,"454":0,"455":0,"456":0,"457":0,"458":0,"459":0,"460":0,"461":0,"462":0,"463":0,"464":0,"465":0,"466":0,"467":0,"468":0,"469":0,"470":0,"471":0,"472":0,"475":0,"476":0,"477":0,"478":0,"479":0,"480":0,"481":0,"482":0,"483":0,"484":0,"485":0,"486":0,"487":0,"488":0,"489":0,"490":0,"491":0,"492":0,"493":0,"494":0,"495":0,"496":0,"497":0,"498":0,"499":0,"500":0,"501":0,"502":0,"503":0,"504":0,"505":0,"506":0,"507":0,"508":0,"509":0,"510":0,"515":0,"516":0,"517":0,"518":0,"519":0,"520":0,"521":0,"522":0,"523":0,"524":0,"526":0,"527":0,"528":0,"529":0,"530":0,"531":0,"532":0,"533":0,"534":0,"535":0,"537":0,"538":0,"541":0,"543":0,"544":0,"545":0,"546":0,"547":0,"548":0,"549":0,"551":0,"552":0,"553":0,"554":0,"555":0,"558":0,"559":0,"564":0,"565":0,"566":0,"567":0,"568":0,"569":0,"570":0,"571":0,"572":0,"573":0,"574":0,"575":0,"576":0,"577":0,"578":0,"579":0,"580":0,"581":0,"582":0,"583":0,"584":0,"587":0,"588":0,"589":0,"590":0,"591":0,"592":0,"593":0,"594":0,"595":0,"596":0,"597":0,"598":0,"599":0,"600":0,"601":0,"602":0,"603":0,"604":0,"605":0,"606":0,"607":0,"608":0,"609":0,"610":0,"611":0,"612":0,"613":0,"614":0,"615":0,"617":0,"619":0,"620":0,"621":0,"622":0,"623":0,"625":0,"627":0,"628":0,"629":0,"630":0,"631":0,"632":0,"634":0,"636":0,"637":0,"638":0,"639":0,"640":0,"641":0,"642":0,"643":0,"644":0,"645":0,"646":0,"647":0,"648":0,"649":0,"650":0,"651":0,"652":0,"653":0,"654":0,"655":0,"656":0,"657":0,"660":0,"661":0,"662":0,"663":0,"664":0,"665":0,"666":0,"667":0,"669":0,"670":0,"671":0,"672":0,"673":0,"674":0,"675":0,"676":0,"677":0,"678":0,"679":0,"681":0,"682":0,"683":0,"684":0,"685":0,"688":0,"689":0,"690":0,"691":0,"692":0,"693":0,"695":0,"697":0,"698":0,"699":0,"700":0,"701":0,"702":0,"703":0,"704":0,"705":0,"706":0,"707":0,"708":0,"709":0,"710":0,"711":0,"712":0,"713":0,"714":0,"715":0,"716":0,"717":0,"718":0,"719":0,"722":0,"723":0,"724":0,"725":0,"726":0,"727":0,"728":0,"729":0,"730":0,"731":0,"732":0,"733":0,"734":0,"735":0,"736":0,"737":0,"738":0,"739":0,"740":0,"741":0,"742":0,"743":0,"745":0,"746":0,"747":0,"748":0,"749":0,"750":0,"751":0,"752":0,"755":0,"756":0,"757":0,"758":0,"759":0,"760":0,"761":0,"762":0,"763":0,"764":0,"765":0,"767":0,"769":0,"770":0,"771":0,"772":0,"773":0,"774":0,"775":0,"776":0,"777":0,"778":0,"779":0,"780":0,"781":0,"783":0,"784":0,"785":0,"786":0,"787":0,"790":0,"793":0,"794":0,"795":0,"796":0,"797":0,"798":0,"800":0,"802":0,"803":0,"804":0,"805":0,"806":0,"807":0,"808":0,"809":0,"810":0,"811":0,"812":0,"813":0,"814":0,"815":0,"816":0,"817":0,"818":0,"819":0,"820":0,"821":0,"822":0,"827":0,"828":0,"829":0,"830":0,"831":0,"832":0,"833":0,"834":0,"835":0,"836":0,"837":0,"838":0,"839":0,"840":0,"841":0,"842":0,"843":0,"844":0,"845":0,"846":0,"847":0,"848":0,"849":0,"850":0,"853":0,"864":0,"865":0,"866":0,"867":0,"868":0,"870":0,"871":0,"872":0,"873":0,"874":0,"875":0,"876":0,"877":0,"879":0,"882":0,"883":0,"884":0,"885":0,"886":0,"887":0,"888":0,"889":0,"890":0,"891":0,"892":0,"894":0,"895":0,"896":0,"897":0,"898":0,"899":0,"900":0,"901":0,"902":0,"903":0,"904":0,"905":0,"906":0,"907":0,"908":0,"909":0,"910":0,"911":0,"912":0,"913":0,"914":0,"915":0,"916":0,"917":0,"918":0,"919":0,"920":0,"923":0,"924":0,"925":0,"926":0,"927":0,"928":0,"930":0,"933":0,"934":0,"935":0,"938":0,"939":0,"940":0,"941":0,"942":0,"945":0,"946":0,"947":0,"950":0,"951":0,"952":0,"953":0,"954":0,"955":0,"956":0,"958":0,"959":0,"960":0,"961":0,"962":0,"963":0,"964":0,"965":0,"966":0,"967":0,"968":0,"969":0,"970":0,"971":0,"972":0,"973":0,"974":0,"975":0,"976":0,"977":0,"980":0,"981":0,"982":0,"983":0,"984":0,"985":0,"986":0,"987":0,"988":0,"989":0,"990":0,"991":0,"993":0,"994":0,"995":0,"996":0,"997":0,"998":0,"999":0,"1000":0,"1001":0,"1002":0,"1003":0,"1005":0,"1006":0,"1007":0,"1008":0,"1009":0,"1010":0,"1011":0,"1012":0,"1013":0,"1015":0,"1016":0,"1017":0,"1018":0,"1019":0,"1020":0,"1021":0,"1022":0,"1023":0,"1024":0,"1025":0,"1026":0,"1027":0,"1028":0,"1029":0,"1030":0,"1031":0,"1032":0,"1033":0,"1034":0,"1035":0,"1036":0,"1037":0,"1038":0,"1039":0,"1042":0,"1043":0,"1044":0,"1045":0,"1046":0,"1047":0,"1048":0,"1049":0,"1050":0,"1051":0,"1052":0,"1053":0,"1054":0,"1055":0,"1056":0,"1057":0,"1058":0,"1059":0,"1060":0,"1061":0,"1062":0,"1063":0,"1064":0,"1065":0,"1066":0,"1068":0,"1069":0,"1071":0,"1072":0,"1073":0,"1074":0,"1075":0,"1076":0,"1077":0,"1078":0,"1079":0,"1081":0,"1082":0,"1083":0,"1084":0,"1085":0,"1086":0,"1087":0,"1089":0,"1091":0,"1092":0,"1093":0,"1094":0,"1095":0,"1096":0,"1097":0,"1098":0,"1099":0,"1101":0,"1102":0,"1103":0,"1104":0,"1105":0,"1106":0,"1108":0,"1109":0,"1110":0,"1111":0,"1112":0,"1113":0,"1114":0,"1115":0,"1116":0,"1117":0,"1118":0,"1119":0,"1120":0,"1121":0,"1122":0,"1123":0,"1124":0,"1125":0,"1126":0,"1127":0,"1128":0,"1129":0,"1130":0,"1131":0,"1132":0,"1136":0,"1138":0,"1140":0,"1142":0,"1143":0,"1145":0,"1146":0,"1147":0,"1148":0,"1150":0},"branchMap":{"0":{"type":"branch","line":1,"loc":{"start":{"line":1,"column":0},"end":{"line":1151,"column":-2010}},"locations":[{"start":{"line":1,"column":0},"end":{"line":1151,"column":-2010}}]}},"b":{"0":[0]},"fnMap":{"0":{"name":"(empty-report)","decl":{"start":{"line":1,"column":0},"end":{"line":1151,"column":-2010}},"loc":{"start":{"line":1,"column":0},"end":{"line":1151,"column":-2010}},"line":1}},"f":{"0":0}}}}
 % Coverage report from v8
-------------------|---------|----------|---------|---------|-------------------
File               | % Stmts | % Branch | % Funcs | % Lines | Uncovered Line #s 
-------------------|---------|----------|---------|---------|-------------------
All files          |    9.82 |    71.13 |      25 |    9.82 |                   
 mcp               |       0 |        0 |       0 |       0 |                   
  index.ts         |       0 |        0 |       0 |       0 | 1                 
 mcp/build         |       0 |        0 |       0 |       0 |                   
  index.js         |       0 |        0 |       0 |       0 | 1-716             
  test-simple.js   |       0 |        0 |       0 |       0 | 1-6               
 mcp/build/lib     |       0 |        0 |       0 |       0 |                   
  apiClient.js     |       0 |        0 |       0 |       0 | 1-616             
  ...tTemplates.js |       0 |        0 |       0 |       0 | 1-121             
 mcp/build/test    |       0 |        0 |       0 |       0 |                   
  ...mmary.test.js |       0 |        0 |       0 |       0 | 1-143             
  ...Label.test.js |       0 |        0 |       0 |       0 | 1-21              
  ...lates.test.js |       0 |        0 |       0 |       0 | 1-155             
  ...tatus.test.js |       0 |        0 |       0 |       0 | 1-83              
 mcp/src           |       0 |        0 |       0 |       0 |                   
  index.ts         |       0 |        0 |       0 |       0 | 1-1151            
 mcp/src/lib       |    29.5 |    79.31 |   31.57 |    29.5 |                   
  apiClient.ts     |   33.87 |    75.92 |      35 |   33.87 | ...9-962,968-1059 
  ...entFetcher.ts |    24.7 |    84.84 |   27.77 |    24.7 | ...5,764,866-1030 
-------------------|---------|----------|---------|---------|-------------------
