{
	"numTotalTestSuites": 215,
	"numPassedTestSuites": 210,
	"numFailedTestSuites": 5,
	"numPendingTestSuites": 0,
	"numTotalTests": 343,
	"numPassedTests": 339,
	"numFailedTests": 3,
	"numPendingTests": 1,
	"numTodoTests": 0,
	"snapshot": {
		"added": 0,
		"failure": false,
		"filesAdded": 0,
		"filesRemoved": 0,
		"filesRemovedList": [],
		"filesUnmatched": 0,
		"filesUpdated": 0,
		"matched": 0,
		"total": 0,
		"unchecked": 0,
		"uncheckedKeysByFile": [],
		"unmatched": 0,
		"updated": 0,
		"didUpdate": false
	},
	"startTime": 1749048460951,
	"success": false,
	"testResults": [
		{
			"assertionResults": [
				{
					"ancestorTitles": ["run-batch-manually script"],
					"fullName": "run-batch-manually script バッチ処理を正常に実行できること",
					"status": "passed",
					"title": "バッチ処理を正常に実行できること",
					"duration": 41.363541999999995,
					"failureMessages": [],
					"meta": {}
				},
				{
					"ancestorTitles": ["run-batch-manually script"],
					"fullName": "run-batch-manually script バッチ処理でエラーが発生した場合エラーログを出力すること",
					"status": "passed",
					"title": "バッチ処理でエラーが発生した場合エラーログを出力すること",
					"duration": 12.83604200000002,
					"failureMessages": [],
					"meta": {}
				}
			],
			"startTime": 1749048461170,
			"endTime": 1749048461223.836,
			"status": "passed",
			"message": "",
			"name": "/Users/r-horie/private/yomimono/main/api/scripts/run-batch-manually.test.ts"
		},
		{
			"assertionResults": [
				{
					"ancestorTitles": ["RSSBatchProcessor", "getActiveFeeds"],
					"fullName": "RSSBatchProcessor getActiveFeeds アクティブなフィードを正常に取得する",
					"status": "passed",
					"title": "アクティブなフィードを正常に取得する",
					"duration": 5.949374999999975,
					"failureMessages": [],
					"meta": {}
				},
				{
					"ancestorTitles": ["RSSBatchProcessor", "getActiveFeeds"],
					"fullName": "RSSBatchProcessor getActiveFeeds エラー時に例外をスローする",
					"status": "passed",
					"title": "エラー時に例外をスローする",
					"duration": 2.8029169999999795,
					"failureMessages": [],
					"meta": {}
				},
				{
					"ancestorTitles": ["RSSBatchProcessor", "logBatchComplete"],
					"fullName": "RSSBatchProcessor logBatchComplete バッチ完了ログを正常に記録する",
					"status": "passed",
					"title": "バッチ完了ログを正常に記録する",
					"duration": 1.046374999999955,
					"failureMessages": [],
					"meta": {}
				},
				{
					"ancestorTitles": ["RSSBatchProcessor", "logBatchComplete"],
					"fullName": "RSSBatchProcessor logBatchComplete エラー時に例外をスローする",
					"status": "passed",
					"title": "エラー時に例外をスローする",
					"duration": 0.3366669999999772,
					"failureMessages": [],
					"meta": {}
				},
				{
					"ancestorTitles": ["RSSBatchProcessor", "logBatchStart"],
					"fullName": "RSSBatchProcessor logBatchStart バッチ開始ログを正常に記録する",
					"status": "passed",
					"title": "バッチ開始ログを正常に記録する",
					"duration": 0.3697920000000181,
					"failureMessages": [],
					"meta": {}
				},
				{
					"ancestorTitles": ["RSSBatchProcessor", "logBatchStart"],
					"fullName": "RSSBatchProcessor logBatchStart エラー時に例外をスローする",
					"status": "passed",
					"title": "エラー時に例外をスローする",
					"duration": 0.45479199999999764,
					"failureMessages": [],
					"meta": {}
				},
				{
					"ancestorTitles": ["RSSBatchProcessor", "logFeedProcess"],
					"fullName": "RSSBatchProcessor logFeedProcess 成功時のフィード処理ログを記録する",
					"status": "passed",
					"title": "成功時のフィード処理ログを記録する",
					"duration": 0.971334000000013,
					"failureMessages": [],
					"meta": {}
				},
				{
					"ancestorTitles": ["RSSBatchProcessor", "logFeedProcess"],
					"fullName": "RSSBatchProcessor logFeedProcess エラー時のフィード処理ログを記録する",
					"status": "passed",
					"title": "エラー時のフィード処理ログを記録する",
					"duration": 0.16833299999996143,
					"failureMessages": [],
					"meta": {}
				},
				{
					"ancestorTitles": ["RSSBatchProcessor", "logFeedProcess"],
					"fullName": "RSSBatchProcessor logFeedProcess ログエラーを無視する",
					"status": "passed",
					"title": "ログエラーを無視する",
					"duration": 0.5250839999999926,
					"failureMessages": [],
					"meta": {}
				}
			],
			"startTime": 1749048461649,
			"endTime": 1749048461661.5251,
			"status": "passed",
			"message": "",
			"name": "/Users/r-horie/private/yomimono/main/api/src/services/batchProcessor.test.ts"
		},
		{
			"assertionResults": [
				{
					"ancestorTitles": ["FeedProcessor", "process"],
					"fullName": "FeedProcessor process 新着記事を正常に処理する",
					"status": "passed",
					"title": "新着記事を正常に処理する",
					"duration": 5.332750000000033,
					"failureMessages": [],
					"meta": {}
				},
				{
					"ancestorTitles": ["FeedProcessor", "process"],
					"fullName": "FeedProcessor process publishedAtが正しく保存される",
					"status": "passed",
					"title": "publishedAtが正しく保存される",
					"duration": 0.6095000000000255,
					"failureMessages": [],
					"meta": {}
				},
				{
					"ancestorTitles": ["FeedProcessor", "process"],
					"fullName": "FeedProcessor process 既存の記事を除外して処理する",
					"status": "passed",
					"title": "既存の記事を除外して処理する",
					"duration": 0.5008750000000077,
					"failureMessages": [],
					"meta": {}
				},
				{
					"ancestorTitles": ["FeedProcessor", "process"],
					"fullName": "FeedProcessor process エラー時にエラーログを記録する",
					"status": "passed",
					"title": "エラー時にエラーログを記録する",
					"duration": 1.1331250000000068,
					"failureMessages": [],
					"meta": {}
				},
				{
					"ancestorTitles": ["FeedProcessor", "process"],
					"fullName": "FeedProcessor process フィードの最終取得日時を更新する",
					"status": "passed",
					"title": "フィードの最終取得日時を更新する",
					"duration": 5.028208999999947,
					"failureMessages": [],
					"meta": {}
				},
				{
					"ancestorTitles": ["FeedProcessor", "filterNewArticles"],
					"fullName": "FeedProcessor filterNewArticles lastFetchedAtが設定されている場合、それ以降の記事のみフィルタする",
					"status": "passed",
					"title": "lastFetchedAtが設定されている場合、それ以降の記事のみフィルタする",
					"duration": 0.6246250000000373,
					"failureMessages": [],
					"meta": {}
				}
			],
			"startTime": 1749048461702,
			"endTime": 1749048461714.6245,
			"status": "passed",
			"message": "",
			"name": "/Users/r-horie/private/yomimono/main/api/src/services/feedProcessor.test.ts"
		},
		{
			"assertionResults": [
				{
					"ancestorTitles": ["RSS Types", "Article interface"],
					"fullName": "RSS Types Article interface 必須プロパティを含む記事オブジェクトを作成できること",
					"status": "passed",
					"title": "必須プロパティを含む記事オブジェクトを作成できること",
					"duration": 0.8589580000000012,
					"failureMessages": [],
					"meta": {}
				},
				{
					"ancestorTitles": ["RSS Types", "Article interface"],
					"fullName": "RSS Types Article interface オプショナルプロパティを含む完全な記事オブジェクトを作成できること",
					"status": "passed",
					"title": "オプショナルプロパティを含む完全な記事オブジェクトを作成できること",
					"duration": 0.43395799999998985,
					"failureMessages": [],
					"meta": {}
				},
				{
					"ancestorTitles": ["RSS Types", "Article interface"],
					"fullName": "RSS Types Article interface undefinedのオプショナルプロパティを含む記事オブジェクトを作成できること",
					"status": "passed",
					"title": "undefinedのオプショナルプロパティを含む記事オブジェクトを作成できること",
					"duration": 0.08216699999999832,
					"failureMessages": [],
					"meta": {}
				},
				{
					"ancestorTitles": [],
					"fullName": "Article型のタイプチェック",
					"status": "passed",
					"title": "Article型のタイプチェック",
					"duration": 0.04654199999998809,
					"failureMessages": [],
					"meta": {}
				}
			],
			"startTime": 1749048461995,
			"endTime": 1749048461996.0823,
			"status": "passed",
			"message": "",
			"name": "/Users/r-horie/private/yomimono/main/api/src/types/rss.test.ts"
		},
		{
			"assertionResults": [
				{
					"ancestorTitles": ["rssBatch"],
					"fullName": "rssBatch アクティブなフィードがない場合は早期に終了する",
					"status": "passed",
					"title": "アクティブなフィードがない場合は早期に終了する",
					"duration": 2.063416000000018,
					"failureMessages": [],
					"meta": {}
				},
				{
					"ancestorTitles": ["rssBatch"],
					"fullName": "rssBatch アクティブなフィードを正常に処理する",
					"status": "passed",
					"title": "アクティブなフィードを正常に処理する",
					"duration": 0.8295420000000036,
					"failureMessages": [],
					"meta": {}
				},
				{
					"ancestorTitles": ["rssBatch"],
					"fullName": "rssBatch 並行処理の制限が適用される",
					"status": "passed",
					"title": "並行処理の制限が適用される",
					"duration": 1.9868749999999977,
					"failureMessages": [],
					"meta": {}
				},
				{
					"ancestorTitles": ["rssBatch"],
					"fullName": "rssBatch 個別のフィードでエラーが発生しても処理は継続する",
					"status": "passed",
					"title": "個別のフィードでエラーが発生しても処理は継続する",
					"duration": 1.779958000000022,
					"failureMessages": [],
					"meta": {}
				},
				{
					"ancestorTitles": ["rssBatch"],
					"fullName": "rssBatch バッチ処理全体でエラーが発生した場合はエラーをスローする",
					"status": "passed",
					"title": "バッチ処理全体でエラーが発生した場合はエラーをスローする",
					"duration": 6.604666000000009,
					"failureMessages": [],
					"meta": {}
				},
				{
					"ancestorTitles": ["rssBatch"],
					"fullName": "rssBatch 個別のフィードで文字列エラーが発生しても処理は継続する",
					"status": "passed",
					"title": "個別のフィードで文字列エラーが発生しても処理は継続する",
					"duration": 0.40966600000001563,
					"failureMessages": [],
					"meta": {}
				}
			],
			"startTime": 1749048461715,
			"endTime": 1749048461729.4097,
			"status": "passed",
			"message": "",
			"name": "/Users/r-horie/private/yomimono/main/api/src/workers/rssBatch.test.ts"
		},
		{
			"assertionResults": [
				{
					"ancestorTitles": [
						"記事評価ポイント API↔DB 統合テスト",
						"評価作成→取得→更新→削除のフルワークフロー"
					],
					"fullName": "記事評価ポイント API↔DB 統合テスト 評価作成→取得→更新→削除のフルワークフロー 記事評価の完全なライフサイクルが正常に動作すること",
					"status": "passed",
					"title": "記事評価の完全なライフサイクルが正常に動作すること",
					"duration": 1.7644590000000164,
					"failureMessages": [],
					"meta": {}
				},
				{
					"ancestorTitles": [
						"記事評価ポイント API↔DB 統合テスト",
						"評価作成→取得→更新→削除のフルワークフロー"
					],
					"fullName": "記事評価ポイント API↔DB 統合テスト 評価作成→取得→更新→削除のフルワークフロー 複数の評価を作成して一覧取得ができること",
					"status": "passed",
					"title": "複数の評価を作成して一覧取得ができること",
					"duration": 0.7002499999999827,
					"failureMessages": [],
					"meta": {}
				},
				{
					"ancestorTitles": [
						"記事評価ポイント API↔DB 統合テスト",
						"評価作成→取得→更新→削除のフルワークフロー"
					],
					"fullName": "記事評価ポイント API↔DB 統合テスト 評価作成→取得→更新→削除のフルワークフロー 統計情報が正確に計算されること",
					"status": "passed",
					"title": "統計情報が正確に計算されること",
					"duration": 0.23416599999998766,
					"failureMessages": [],
					"meta": {}
				},
				{
					"ancestorTitles": [
						"記事評価ポイント API↔DB 統合テスト",
						"エラーハンドリング統合テスト"
					],
					"fullName": "記事評価ポイント API↔DB 統合テスト エラーハンドリング統合テスト 重複作成エラーが正しく処理されること",
					"status": "passed",
					"title": "重複作成エラーが正しく処理されること",
					"duration": 2.694708999999989,
					"failureMessages": [],
					"meta": {}
				},
				{
					"ancestorTitles": [
						"記事評価ポイント API↔DB 統合テスト",
						"エラーハンドリング統合テスト"
					],
					"fullName": "記事評価ポイント API↔DB 統合テスト エラーハンドリング統合テスト 存在しない評価の更新・削除エラーが正しく処理されること",
					"status": "passed",
					"title": "存在しない評価の更新・削除エラーが正しく処理されること",
					"duration": 0.421875,
					"failureMessages": [],
					"meta": {}
				},
				{
					"ancestorTitles": [
						"記事評価ポイント API↔DB 統合テスト",
						"エラーハンドリング統合テスト"
					],
					"fullName": "記事評価ポイント API↔DB 統合テスト エラーハンドリング統合テスト バリデーションエラーが正しく処理されること",
					"status": "passed",
					"title": "バリデーションエラーが正しく処理されること",
					"duration": 0.4234589999999798,
					"failureMessages": [],
					"meta": {}
				},
				{
					"ancestorTitles": [],
					"fullName": "API↔DB統合テストが正しく設定されている",
					"status": "passed",
					"title": "API↔DB統合テストが正しく設定されている",
					"duration": 0.037583000000012134,
					"failureMessages": [],
					"meta": {}
				}
			],
			"startTime": 1749048461643,
			"endTime": 1749048461649.4233,
			"status": "passed",
			"message": "",
			"name": "/Users/r-horie/private/yomimono/main/api/tests/integration/rating-api-db.test.ts"
		},
		{
			"assertionResults": [
				{
					"ancestorTitles": [
						"記事評価ポイント パフォーマンステスト",
						"大量データ処理パフォーマンス"
					],
					"fullName": "記事評価ポイント パフォーマンステスト 大量データ処理パフォーマンス 10,000件の評価データ検索が1秒以内に完了すること",
					"status": "passed",
					"title": "10,000件の評価データ検索が1秒以内に完了すること",
					"duration": 11.082750000000004,
					"failureMessages": [],
					"meta": {}
				},
				{
					"ancestorTitles": [
						"記事評価ポイント パフォーマンステスト",
						"大量データ処理パフォーマンス"
					],
					"fullName": "記事評価ポイント パフォーマンステスト 大量データ処理パフォーマンス 1,000件の評価データ統計計算が500ms以内に完了すること",
					"status": "passed",
					"title": "1,000件の評価データ統計計算が500ms以内に完了すること",
					"duration": 1.2618329999999958,
					"failureMessages": [],
					"meta": {}
				},
				{
					"ancestorTitles": [
						"記事評価ポイント パフォーマンステスト",
						"大量データ処理パフォーマンス"
					],
					"fullName": "記事評価ポイント パフォーマンステスト 大量データ処理パフォーマンス 100件の一括評価作成が200ms以内に完了すること",
					"status": "passed",
					"title": "100件の一括評価作成が200ms以内に完了すること",
					"duration": 0.6192499999999939,
					"failureMessages": [],
					"meta": {}
				},
				{
					"ancestorTitles": [
						"記事評価ポイント パフォーマンステスト",
						"メモリ使用量テスト"
					],
					"fullName": "記事評価ポイント パフォーマンステスト メモリ使用量テスト 大量データ処理時のメモリリークがないこと",
					"status": "passed",
					"title": "大量データ処理時のメモリリークがないこと",
					"duration": 2.046333000000004,
					"failureMessages": [],
					"meta": {}
				},
				{
					"ancestorTitles": [
						"記事評価ポイント パフォーマンステスト",
						"同時処理パフォーマンス"
					],
					"fullName": "記事評価ポイント パフォーマンステスト 同時処理パフォーマンス 10並列の評価作成が正常に処理されること",
					"status": "passed",
					"title": "10並列の評価作成が正常に処理されること",
					"duration": 0.233916000000022,
					"failureMessages": [],
					"meta": {}
				},
				{
					"ancestorTitles": [
						"記事評価ポイント パフォーマンステスト",
						"同時処理パフォーマンス"
					],
					"fullName": "記事評価ポイント パフォーマンステスト 同時処理パフォーマンス 混合処理（作成・更新・取得）が効率的に実行されること",
					"status": "passed",
					"title": "混合処理（作成・更新・取得）が効率的に実行されること",
					"duration": 0.6479159999999808,
					"failureMessages": [],
					"meta": {}
				},
				{
					"ancestorTitles": [
						"記事評価ポイント パフォーマンステスト",
						"レスポンス時間分析"
					],
					"fullName": "記事評価ポイント パフォーマンステスト レスポンス時間分析 P95レスポンス時間が許容範囲内であること",
					"status": "passed",
					"title": "P95レスポンス時間が許容範囲内であること",
					"duration": 26.79854099999997,
					"failureMessages": [],
					"meta": {}
				},
				{
					"ancestorTitles": [
						"記事評価ポイント パフォーマンステスト",
						"リソース使用効率テスト"
					],
					"fullName": "記事評価ポイント パフォーマンステスト リソース使用効率テスト CPU集約的な処理が効率的に実行されること",
					"status": "passed",
					"title": "CPU集約的な処理が効率的に実行されること",
					"duration": 3.626583000000039,
					"failureMessages": [],
					"meta": {}
				},
				{
					"ancestorTitles": [],
					"fullName": "パフォーマンステストが正しく設定されている",
					"status": "passed",
					"title": "パフォーマンステストが正しく設定されている",
					"duration": 0.16062500000003865,
					"failureMessages": [],
					"meta": {}
				}
			],
			"startTime": 1749048461203,
			"endTime": 1749048461250.1606,
			"status": "passed",
			"message": "",
			"name": "/Users/r-horie/private/yomimono/main/api/tests/performance/rating-performance.test.ts"
		},
		{
			"assertionResults": [
				{
					"ancestorTitles": [
						"記事評価ポイント セキュリティテスト",
						"SQLインジェクション対策"
					],
					"fullName": "記事評価ポイント セキュリティテスト SQLインジェクション対策 コメントフィールドのSQLインジェクション攻撃を防ぐこと",
					"status": "passed",
					"title": "コメントフィールドのSQLインジェクション攻撃を防ぐこと",
					"duration": 4.485540999999984,
					"failureMessages": [],
					"meta": {}
				},
				{
					"ancestorTitles": [
						"記事評価ポイント セキュリティテスト",
						"SQLインジェクション対策"
					],
					"fullName": "記事評価ポイント セキュリティテスト SQLインジェクション対策 UNIONベースのSQLインジェクション攻撃を防ぐこと",
					"status": "passed",
					"title": "UNIONベースのSQLインジェクション攻撃を防ぐこと",
					"duration": 0.4665830000000142,
					"failureMessages": [],
					"meta": {}
				},
				{
					"ancestorTitles": [
						"記事評価ポイント セキュリティテスト",
						"SQLインジェクション対策"
					],
					"fullName": "記事評価ポイント セキュリティテスト SQLインジェクション対策 論理演算子を使った認証回避攻撃を防ぐこと",
					"status": "passed",
					"title": "論理演算子を使った認証回避攻撃を防ぐこと",
					"duration": 0.29854199999999764,
					"failureMessages": [],
					"meta": {}
				},
				{
					"ancestorTitles": [
						"記事評価ポイント セキュリティテスト",
						"XSS（クロスサイトスクリプティング）対策"
					],
					"fullName": "記事評価ポイント セキュリティテスト XSS（クロスサイトスクリプティング）対策 スクリプトタグの埋め込み攻撃を防ぐこと",
					"status": "passed",
					"title": "スクリプトタグの埋め込み攻撃を防ぐこと",
					"duration": 0.32124999999999204,
					"failureMessages": [],
					"meta": {}
				},
				{
					"ancestorTitles": [
						"記事評価ポイント セキュリティテスト",
						"XSS（クロスサイトスクリプティング）対策"
					],
					"fullName": "記事評価ポイント セキュリティテスト XSS（クロスサイトスクリプティング）対策 JavaScript URL攻撃を防ぐこと",
					"status": "passed",
					"title": "JavaScript URL攻撃を防ぐこと",
					"duration": 0.31049999999999045,
					"failureMessages": [],
					"meta": {}
				},
				{
					"ancestorTitles": [
						"記事評価ポイント セキュリティテスト",
						"XSS（クロスサイトスクリプティング）対策"
					],
					"fullName": "記事評価ポイント セキュリティテスト XSS（クロスサイトスクリプティング）対策 イベントハンドラー攻撃を防ぐこと",
					"status": "passed",
					"title": "イベントハンドラー攻撃を防ぐこと",
					"duration": 0.19154199999999832,
					"failureMessages": [],
					"meta": {}
				},
				{
					"ancestorTitles": [
						"記事評価ポイント セキュリティテスト",
						"入力値検証セキュリティ"
					],
					"fullName": "記事評価ポイント セキュリティテスト 入力値検証セキュリティ 異常に大きな数値の入力を拒否すること",
					"status": "passed",
					"title": "異常に大きな数値の入力を拒否すること",
					"duration": 0.28974999999999795,
					"failureMessages": [],
					"meta": {}
				},
				{
					"ancestorTitles": [
						"記事評価ポイント セキュリティテスト",
						"入力値検証セキュリティ"
					],
					"fullName": "記事評価ポイント セキュリティテスト 入力値検証セキュリティ 負の数値の入力を拒否すること",
					"status": "passed",
					"title": "負の数値の入力を拒否すること",
					"duration": 0.1962910000000022,
					"failureMessages": [],
					"meta": {}
				},
				{
					"ancestorTitles": [
						"記事評価ポイント セキュリティテスト",
						"入力値検証セキュリティ"
					],
					"fullName": "記事評価ポイント セキュリティテスト 入力値検証セキュリティ NaN値の入力を拒否すること",
					"status": "passed",
					"title": "NaN値の入力を拒否すること",
					"duration": 1.5784999999999911,
					"failureMessages": [],
					"meta": {}
				},
				{
					"ancestorTitles": [
						"記事評価ポイント セキュリティテスト",
						"入力値検証セキュリティ"
					],
					"fullName": "記事評価ポイント セキュリティテスト 入力値検証セキュリティ 小数点値の入力を拒否すること",
					"status": "passed",
					"title": "小数点値の入力を拒否すること",
					"duration": 0.301415999999989,
					"failureMessages": [],
					"meta": {}
				},
				{
					"ancestorTitles": [
						"記事評価ポイント セキュリティテスト",
						"データサイズ制限セキュリティ"
					],
					"fullName": "記事評価ポイント セキュリティテスト データサイズ制限セキュリティ コメントの最大長制限を強制すること",
					"status": "passed",
					"title": "コメントの最大長制限を強制すること",
					"duration": 0.2167079999999828,
					"failureMessages": [],
					"meta": {}
				},
				{
					"ancestorTitles": [
						"記事評価ポイント セキュリティテスト",
						"データサイズ制限セキュリティ"
					],
					"fullName": "記事評価ポイント セキュリティテスト データサイズ制限セキュリティ 空文字列のコメントは受け入れること",
					"status": "passed",
					"title": "空文字列のコメントは受け入れること",
					"duration": 0.17370799999997644,
					"failureMessages": [],
					"meta": {}
				},
				{
					"ancestorTitles": [
						"記事評価ポイント セキュリティテスト",
						"データサイズ制限セキュリティ"
					],
					"fullName": "記事評価ポイント セキュリティテスト データサイズ制限セキュリティ null値のコメントは受け入れること",
					"status": "passed",
					"title": "null値のコメントは受け入れること",
					"duration": 0.06775000000001796,
					"failureMessages": [],
					"meta": {}
				},
				{
					"ancestorTitles": [
						"記事評価ポイント セキュリティテスト",
						"業務ロジック攻撃対策"
					],
					"fullName": "記事評価ポイント セキュリティテスト 業務ロジック攻撃対策 無効な記事IDでの操作を拒否すること",
					"status": "failed",
					"title": "無効な記事IDでの操作を拒否すること",
					"duration": 3.8274590000000046,
					"failureMessages": [
						"Error: promise resolved \"{ id: 1, articleId: +0, …(9) }\" instead of rejecting\n    at Assertion.__VITEST_REJECTS__ (file:///Users/r-horie/private/yomimono/main/api/node_modules/@vitest/expect/dist/index.js:1601:17)\n    at Assertion.propertyGetter (file:///Users/r-horie/private/yomimono/main/api/node_modules/chai/chai.js:1486:27)\n    at Reflect.get (<anonymous>)\n    at Object.proxyGetter [as get] (file:///Users/r-horie/private/yomimono/main/api/node_modules/chai/chai.js:1577:22)\n    at /Users/r-horie/private/yomimono/main/api/tests/security/rating-security.test.ts:347:4\n    at file:///Users/r-horie/private/yomimono/main/api/node_modules/@vitest/runner/dist/chunk-hooks.js:154:11\n    at file:///Users/r-horie/private/yomimono/main/api/node_modules/@vitest/runner/dist/chunk-hooks.js:751:26\n    at file:///Users/r-horie/private/yomimono/main/api/node_modules/@vitest/runner/dist/chunk-hooks.js:1886:20\n    at new Promise (<anonymous>)\n    at runWithTimeout (file:///Users/r-horie/private/yomimono/main/api/node_modules/@vitest/runner/dist/chunk-hooks.js:1852:10)"
					],
					"meta": {}
				},
				{
					"ancestorTitles": [
						"記事評価ポイント セキュリティテスト",
						"業務ロジック攻撃対策"
					],
					"fullName": "記事評価ポイント セキュリティテスト 業務ロジック攻撃対策 重複した評価作成の試行を防ぐこと",
					"status": "passed",
					"title": "重複した評価作成の試行を防ぐこと",
					"duration": 0.28666599999999676,
					"failureMessages": [],
					"meta": {}
				},
				{
					"ancestorTitles": [
						"記事評価ポイント セキュリティテスト",
						"業務ロジック攻撃対策"
					],
					"fullName": "記事評価ポイント セキュリティテスト 業務ロジック攻撃対策 存在しない評価の更新試行を適切に処理すること",
					"status": "passed",
					"title": "存在しない評価の更新試行を適切に処理すること",
					"duration": 0.19350000000000023,
					"failureMessages": [],
					"meta": {}
				},
				{
					"ancestorTitles": [
						"記事評価ポイント セキュリティテスト",
						"データ整合性セキュリティ"
					],
					"fullName": "記事評価ポイント セキュリティテスト データ整合性セキュリティ 更新時に必須フィールドの削除を防ぐこと",
					"status": "passed",
					"title": "更新時に必須フィールドの削除を防ぐこと",
					"duration": 0.22100000000000364,
					"failureMessages": [],
					"meta": {}
				},
				{
					"ancestorTitles": [
						"記事評価ポイント セキュリティテスト",
						"データ整合性セキュリティ"
					],
					"fullName": "記事評価ポイント セキュリティテスト データ整合性セキュリティ 総合スコアの手動変更を防ぐこと",
					"status": "failed",
					"title": "総合スコアの手動変更を防ぐこと",
					"duration": 0.6264170000000036,
					"failureMessages": [
						"AssertionError: expected 76 to be 80 // Object.is equality\n    at /Users/r-horie/private/yomimono/main/api/tests/security/rating-security.test.ts:426:32\n    at processTicksAndRejections (node:internal/process/task_queues:105:5)\n    at file:///Users/r-horie/private/yomimono/main/api/node_modules/@vitest/runner/dist/chunk-hooks.js:751:20"
					],
					"meta": {}
				},
				{
					"ancestorTitles": [
						"記事評価ポイント セキュリティテスト",
						"レート制限とDDoS対策"
					],
					"fullName": "記事評価ポイント セキュリティテスト レート制限とDDoS対策 短時間での大量リクエストを適切に処理すること",
					"status": "passed",
					"title": "短時間での大量リクエストを適切に処理すること",
					"duration": 0.6356250000000045,
					"failureMessages": [],
					"meta": {}
				},
				{
					"ancestorTitles": [
						"記事評価ポイント セキュリティテスト",
						"ログ記録とセキュリティ監査"
					],
					"fullName": "記事評価ポイント セキュリティテスト ログ記録とセキュリティ監査 セキュリティ関連の操作が適切にログ記録されること",
					"status": "passed",
					"title": "セキュリティ関連の操作が適切にログ記録されること",
					"duration": 0.23304099999998584,
					"failureMessages": [],
					"meta": {}
				},
				{
					"ancestorTitles": [
						"記事評価ポイント セキュリティテスト",
						"ログ記録とセキュリティ監査"
					],
					"fullName": "記事評価ポイント セキュリティテスト ログ記録とセキュリティ監査 実行されたクエリが記録されていること",
					"status": "failed",
					"title": "実行されたクエリが記録されていること",
					"duration": 1.0110830000000135,
					"failureMessages": [
						"AssertionError: expected 'SELECT * FROM article_ratings WHERE a…' to contain 'INSERT INTO article_ratings'\n    at /Users/r-horie/private/yomimono/main/api/tests/security/rating-security.test.ts:490:23\n    at processTicksAndRejections (node:internal/process/task_queues:105:5)\n    at file:///Users/r-horie/private/yomimono/main/api/node_modules/@vitest/runner/dist/chunk-hooks.js:751:20"
					],
					"meta": {}
				},
				{
					"ancestorTitles": [],
					"fullName": "セキュリティテストが正しく設定されている",
					"status": "passed",
					"title": "セキュリティテストが正しく設定されている",
					"duration": 0.06433299999997644,
					"failureMessages": [],
					"meta": {}
				}
			],
			"startTime": 1749048461205,
			"endTime": 1749048461223.0645,
			"status": "failed",
			"message": "",
			"name": "/Users/r-horie/private/yomimono/main/api/tests/security/rating-security.test.ts"
		},
		{
			"assertionResults": [
				{
					"ancestorTitles": ["ArticleLabelRepository", "findByArticleId"],
					"fullName": "ArticleLabelRepository findByArticleId 指定された記事IDに紐づく記事ラベルを取得できること",
					"status": "passed",
					"title": "指定された記事IDに紐づく記事ラベルを取得できること",
					"duration": 2.0950000000000273,
					"failureMessages": [],
					"meta": {}
				},
				{
					"ancestorTitles": ["ArticleLabelRepository", "findByArticleId"],
					"fullName": "ArticleLabelRepository findByArticleId 指定された記事IDに紐づく記事ラベルが存在しない場合、undefinedを返すこと",
					"status": "passed",
					"title": "指定された記事IDに紐づく記事ラベルが存在しない場合、undefinedを返すこと",
					"duration": 0.15020800000002055,
					"failureMessages": [],
					"meta": {}
				},
				{
					"ancestorTitles": ["ArticleLabelRepository", "create"],
					"fullName": "ArticleLabelRepository create 新しい記事とラベルの紐付けを作成できること",
					"status": "passed",
					"title": "新しい記事とラベルの紐付けを作成できること",
					"duration": 0.48416700000001356,
					"failureMessages": [],
					"meta": {}
				}
			],
			"startTime": 1749048462082,
			"endTime": 1749048462085.4841,
			"status": "passed",
			"message": "",
			"name": "/Users/r-horie/private/yomimono/main/api/tests/unit/repositories/articleLabel.test.ts"
		},
		{
			"assertionResults": [
				{
					"ancestorTitles": ["DrizzleArticleRatingRepository", "create"],
					"fullName": "DrizzleArticleRatingRepository create 記事の評価を正常に作成できること",
					"status": "passed",
					"title": "記事の評価を正常に作成できること",
					"duration": 2.1717080000000237,
					"failureMessages": [],
					"meta": {}
				},
				{
					"ancestorTitles": ["DrizzleArticleRatingRepository", "create"],
					"fullName": "DrizzleArticleRatingRepository create 作成に失敗した場合はエラーを投げること",
					"status": "passed",
					"title": "作成に失敗した場合はエラーを投げること",
					"duration": 2.5717089999999985,
					"failureMessages": [],
					"meta": {}
				},
				{
					"ancestorTitles": [
						"DrizzleArticleRatingRepository",
						"findByArticleId"
					],
					"fullName": "DrizzleArticleRatingRepository findByArticleId 記事IDで評価を正常に取得できること",
					"status": "passed",
					"title": "記事IDで評価を正常に取得できること",
					"duration": 0.3919999999999959,
					"failureMessages": [],
					"meta": {}
				},
				{
					"ancestorTitles": [
						"DrizzleArticleRatingRepository",
						"findByArticleId"
					],
					"fullName": "DrizzleArticleRatingRepository findByArticleId 評価が存在しない場合はnullを返すこと",
					"status": "passed",
					"title": "評価が存在しない場合はnullを返すこと",
					"duration": 0.07320799999996552,
					"failureMessages": [],
					"meta": {}
				},
				{
					"ancestorTitles": ["DrizzleArticleRatingRepository", "update"],
					"fullName": "DrizzleArticleRatingRepository update 記事の評価を正常に更新できること",
					"status": "passed",
					"title": "記事の評価を正常に更新できること",
					"duration": 0.3870420000000081,
					"failureMessages": [],
					"meta": {}
				},
				{
					"ancestorTitles": ["DrizzleArticleRatingRepository", "update"],
					"fullName": "DrizzleArticleRatingRepository update 存在しない記事IDの場合はnullを返すこと",
					"status": "passed",
					"title": "存在しない記事IDの場合はnullを返すこと",
					"duration": 0.0595000000000141,
					"failureMessages": [],
					"meta": {}
				},
				{
					"ancestorTitles": ["DrizzleArticleRatingRepository", "delete"],
					"fullName": "DrizzleArticleRatingRepository delete 記事の評価を正常に削除できること",
					"status": "passed",
					"title": "記事の評価を正常に削除できること",
					"duration": 0.11558400000001257,
					"failureMessages": [],
					"meta": {}
				},
				{
					"ancestorTitles": ["DrizzleArticleRatingRepository", "delete"],
					"fullName": "DrizzleArticleRatingRepository delete 存在しない記事IDの場合はfalseを返すこと",
					"status": "passed",
					"title": "存在しない記事IDの場合はfalseを返すこと",
					"duration": 0.0822909999999979,
					"failureMessages": [],
					"meta": {}
				},
				{
					"ancestorTitles": ["DrizzleArticleRatingRepository", "findMany"],
					"fullName": "DrizzleArticleRatingRepository findMany 評価一覧を正常に取得できること",
					"status": "passed",
					"title": "評価一覧を正常に取得できること",
					"duration": 0.31512499999996635,
					"failureMessages": [],
					"meta": {}
				},
				{
					"ancestorTitles": ["DrizzleArticleRatingRepository", "getStats"],
					"fullName": "DrizzleArticleRatingRepository getStats 評価統計情報を正常に取得できること",
					"status": "passed",
					"title": "評価統計情報を正常に取得できること",
					"duration": 0.3261669999999981,
					"failureMessages": [],
					"meta": {}
				},
				{
					"ancestorTitles": ["DrizzleArticleRatingRepository", "getStats"],
					"fullName": "DrizzleArticleRatingRepository getStats 統計データがnullの場合は0を返すこと",
					"status": "passed",
					"title": "統計データがnullの場合は0を返すこと",
					"duration": 0.16995800000000827,
					"failureMessages": [],
					"meta": {}
				},
				{
					"ancestorTitles": ["DrizzleArticleRatingRepository", "getStats"],
					"fullName": "DrizzleArticleRatingRepository getStats 統計情報取得時にエラーが発生した場合はエラーをスローすること",
					"status": "passed",
					"title": "統計情報取得時にエラーが発生した場合はエラーをスローすること",
					"duration": 2.6480419999999754,
					"failureMessages": [],
					"meta": {}
				}
			],
			"startTime": 1749048461677,
			"endTime": 1749048461686.648,
			"status": "passed",
			"message": "",
			"name": "/Users/r-horie/private/yomimono/main/api/tests/unit/repositories/articleRating.test.ts"
		},
		{
			"assertionResults": [
				{
					"ancestorTitles": [
						"DrizzleArticleRatingRepository - 追加カバレッジ",
						"findMany - hasCommentフィルター"
					],
					"fullName": "DrizzleArticleRatingRepository - 追加カバレッジ findMany - hasCommentフィルター hasComment=trueフィルターで正常に取得できること",
					"status": "passed",
					"title": "hasComment=trueフィルターで正常に取得できること",
					"duration": 1.4064169999999763,
					"failureMessages": [],
					"meta": {}
				},
				{
					"ancestorTitles": [
						"DrizzleArticleRatingRepository - 追加カバレッジ",
						"findMany - hasCommentフィルター"
					],
					"fullName": "DrizzleArticleRatingRepository - 追加カバレッジ findMany - hasCommentフィルター hasComment=falseフィルターで正常に取得できること",
					"status": "passed",
					"title": "hasComment=falseフィルターで正常に取得できること",
					"duration": 0.2823750000000018,
					"failureMessages": [],
					"meta": {}
				},
				{
					"ancestorTitles": [
						"DrizzleArticleRatingRepository - 追加カバレッジ",
						"findMany - hasCommentフィルター"
					],
					"fullName": "DrizzleArticleRatingRepository - 追加カバレッジ findMany - hasCommentフィルター 検索処理でエラーが発生した場合はエラーを投げること",
					"status": "passed",
					"title": "検索処理でエラーが発生した場合はエラーを投げること",
					"duration": 2.8579579999999964,
					"failureMessages": [],
					"meta": {}
				},
				{
					"ancestorTitles": [],
					"fullName": "追加カバレッジテストが正しく設定されている",
					"status": "passed",
					"title": "追加カバレッジテストが正しく設定されている",
					"duration": 0.08845800000000281,
					"failureMessages": [],
					"meta": {}
				}
			],
			"startTime": 1749048461881,
			"endTime": 1749048461885.0884,
			"status": "passed",
			"message": "",
			"name": "/Users/r-horie/private/yomimono/main/api/tests/unit/repositories/articleRatingCoverage.test.ts"
		},
		{
			"assertionResults": [
				{
					"ancestorTitles": [
						"バッチラベル付け関連のリポジトリメソッド",
						"ArticleLabelRepository - createMany"
					],
					"fullName": "バッチラベル付け関連のリポジトリメソッド ArticleLabelRepository - createMany 複数の記事ラベルを一括で作成できる",
					"status": "passed",
					"title": "複数の記事ラベルを一括で作成できる",
					"duration": 1.2911250000000223,
					"failureMessages": [],
					"meta": {}
				},
				{
					"ancestorTitles": [
						"バッチラベル付け関連のリポジトリメソッド",
						"ArticleLabelRepository - findExistingArticleIds"
					],
					"fullName": "バッチラベル付け関連のリポジトリメソッド ArticleLabelRepository - findExistingArticleIds 既にラベル付けされている記事IDのSetを返す",
					"status": "passed",
					"title": "既にラベル付けされている記事IDのSetを返す",
					"duration": 0.5451669999999922,
					"failureMessages": [],
					"meta": {}
				},
				{
					"ancestorTitles": [
						"バッチラベル付け関連のリポジトリメソッド",
						"DrizzleBookmarkRepository - findByIds"
					],
					"fullName": "バッチラベル付け関連のリポジトリメソッド DrizzleBookmarkRepository - findByIds 指定されたIDのブックマークをMapで返す",
					"status": "passed",
					"title": "指定されたIDのブックマークをMapで返す",
					"duration": 0.6815839999999866,
					"failureMessages": [],
					"meta": {}
				}
			],
			"startTime": 1749048462095,
			"endTime": 1749048462097.6816,
			"status": "passed",
			"message": "",
			"name": "/Users/r-horie/private/yomimono/main/api/tests/unit/repositories/batch-label.test.ts"
		},
		{
			"assertionResults": [
				{
					"ancestorTitles": [
						"ブックマークリポジトリ",
						"未読ブックマークの取得 (findUnread)"
					],
					"fullName": "ブックマークリポジトリ 未読ブックマークの取得 (findUnread) 未読ブックマークをラベル・お気に入り情報付きで全て取得できること",
					"status": "passed",
					"title": "未読ブックマークをラベル・お気に入り情報付きで全て取得できること",
					"duration": 2.322249999999997,
					"failureMessages": [],
					"meta": {}
				},
				{
					"ancestorTitles": [
						"ブックマークリポジトリ",
						"未読ブックマークの取得 (findUnread)"
					],
					"fullName": "ブックマークリポジトリ 未読ブックマークの取得 (findUnread) DBクエリ失敗時にエラーをスローすること",
					"status": "passed",
					"title": "DBクエリ失敗時にエラーをスローすること",
					"duration": 0.458958999999993,
					"failureMessages": [],
					"meta": {}
				},
				{
					"ancestorTitles": [
						"ブックマークリポジトリ",
						"URLリストによるブックマーク取得 (findByUrls)"
					],
					"fullName": "ブックマークリポジトリ URLリストによるブックマーク取得 (findByUrls) 複数URLを指定して該当するブックマークをラベル・お気に入り情報付きで取得できること",
					"status": "passed",
					"title": "複数URLを指定して該当するブックマークをラベル・お気に入り情報付きで取得できること",
					"duration": 0.38195899999999483,
					"failureMessages": [],
					"meta": {}
				},
				{
					"ancestorTitles": [
						"ブックマークリポジトリ",
						"URLリストによるブックマーク取得 (findByUrls)"
					],
					"fullName": "ブックマークリポジトリ URLリストによるブックマーク取得 (findByUrls) 空配列を渡した場合に空配列を返すこと",
					"status": "passed",
					"title": "空配列を渡した場合に空配列を返すこと",
					"duration": 0.07908400000002302,
					"failureMessages": [],
					"meta": {}
				},
				{
					"ancestorTitles": [
						"ブックマークリポジトリ",
						"URLリストによるブックマーク取得 (findByUrls)"
					],
					"fullName": "ブックマークリポジトリ URLリストによるブックマーク取得 (findByUrls) DBクエリ失敗時にエラーをスローすること",
					"status": "passed",
					"title": "DBクエリ失敗時にエラーをスローすること",
					"duration": 0.13279200000005176,
					"failureMessages": [],
					"meta": {}
				},
				{
					"ancestorTitles": [
						"ブックマークリポジトリ",
						"お気に入りブックマーク取得 (getFavoriteBookmarks)"
					],
					"fullName": "ブックマークリポジトリ お気に入りブックマーク取得 (getFavoriteBookmarks) お気に入りブックマークをラベル情報付きで取得できること",
					"status": "passed",
					"title": "お気に入りブックマークをラベル情報付きで取得できること",
					"duration": 0.3421669999999608,
					"failureMessages": [],
					"meta": {}
				},
				{
					"ancestorTitles": [
						"ブックマークリポジトリ",
						"お気に入りブックマーク取得 (getFavoriteBookmarks)"
					],
					"fullName": "ブックマークリポジトリ お気に入りブックマーク取得 (getFavoriteBookmarks) お気に入りが無い場合は空配列とtotal 0を返すこと",
					"status": "passed",
					"title": "お気に入りが無い場合は空配列とtotal 0を返すこと",
					"duration": 0.08183300000001736,
					"failureMessages": [],
					"meta": {}
				},
				{
					"ancestorTitles": [
						"ブックマークリポジトリ",
						"お気に入りブックマーク取得 (getFavoriteBookmarks)"
					],
					"fullName": "ブックマークリポジトリ お気に入りブックマーク取得 (getFavoriteBookmarks) DBクエリ失敗時にエラーをスローすること (count)",
					"status": "passed",
					"title": "DBクエリ失敗時にエラーをスローすること (count)",
					"duration": 3.180833000000007,
					"failureMessages": [],
					"meta": {}
				},
				{
					"ancestorTitles": [
						"ブックマークリポジトリ",
						"お気に入りブックマーク取得 (getFavoriteBookmarks)"
					],
					"fullName": "ブックマークリポジトリ お気に入りブックマーク取得 (getFavoriteBookmarks) DBクエリ失敗時にエラーをスローすること (main query)",
					"status": "passed",
					"title": "DBクエリ失敗時にエラーをスローすること (main query)",
					"duration": 0.4018750000000182,
					"failureMessages": [],
					"meta": {}
				},
				{
					"ancestorTitles": [
						"ブックマークリポジトリ",
						"最近読んだブックマーク取得 (findRecentlyRead)"
					],
					"fullName": "ブックマークリポジトリ 最近読んだブックマーク取得 (findRecentlyRead) 最近読んだブックマークをラベル・お気に入り情報付きで取得できること",
					"status": "passed",
					"title": "最近読んだブックマークをラベル・お気に入り情報付きで取得できること",
					"duration": 0.8688750000000027,
					"failureMessages": [],
					"meta": {}
				},
				{
					"ancestorTitles": [
						"ブックマークリポジトリ",
						"最近読んだブックマーク取得 (findRecentlyRead)"
					],
					"fullName": "ブックマークリポジトリ 最近読んだブックマーク取得 (findRecentlyRead) DBクエリ失敗時にエラーをスローすること",
					"status": "passed",
					"title": "DBクエリ失敗時にエラーをスローすること",
					"duration": 1.008542000000034,
					"failureMessages": [],
					"meta": {}
				},
				{
					"ancestorTitles": [
						"ブックマークリポジトリ",
						"未ラベルブックマーク取得 (findUnlabeled)"
					],
					"fullName": "ブックマークリポジトリ 未ラベルブックマーク取得 (findUnlabeled) ラベルが付与されていないブックマークのみ取得できること",
					"status": "passed",
					"title": "ラベルが付与されていないブックマークのみ取得できること",
					"duration": 0.2747919999999908,
					"failureMessages": [],
					"meta": {}
				},
				{
					"ancestorTitles": [
						"ブックマークリポジトリ",
						"未ラベルブックマーク取得 (findUnlabeled)"
					],
					"fullName": "ブックマークリポジトリ 未ラベルブックマーク取得 (findUnlabeled) 未ラベルのブックマークが存在しない場合、空配列を返すこと",
					"status": "passed",
					"title": "未ラベルのブックマークが存在しない場合、空配列を返すこと",
					"duration": 0.10816699999998036,
					"failureMessages": [],
					"meta": {}
				},
				{
					"ancestorTitles": [
						"ブックマークリポジトリ",
						"未ラベルブックマーク取得 (findUnlabeled)"
					],
					"fullName": "ブックマークリポジトリ 未ラベルブックマーク取得 (findUnlabeled) DBクエリ失敗時にエラーをスローすること",
					"status": "passed",
					"title": "DBクエリ失敗時にエラーをスローすること",
					"duration": 0.2401659999999879,
					"failureMessages": [],
					"meta": {}
				},
				{
					"ancestorTitles": [
						"ブックマークリポジトリ",
						"ラベル名によるブックマーク取得 (findByLabelName)"
					],
					"fullName": "ブックマークリポジトリ ラベル名によるブックマーク取得 (findByLabelName) 指定されたラベル名を持つブックマークをラベル・お気に入り情報付きで取得できること",
					"status": "passed",
					"title": "指定されたラベル名を持つブックマークをラベル・お気に入り情報付きで取得できること",
					"duration": 0.3352499999999736,
					"failureMessages": [],
					"meta": {}
				},
				{
					"ancestorTitles": [
						"ブックマークリポジトリ",
						"ラベル名によるブックマーク取得 (findByLabelName)"
					],
					"fullName": "ブックマークリポジトリ ラベル名によるブックマーク取得 (findByLabelName) 指定されたラベル名のブックマークが存在しない場合、空配列を返すこと",
					"status": "passed",
					"title": "指定されたラベル名のブックマークが存在しない場合、空配列を返すこと",
					"duration": 0.06774999999998954,
					"failureMessages": [],
					"meta": {}
				},
				{
					"ancestorTitles": [
						"ブックマークリポジトリ",
						"ラベル名によるブックマーク取得 (findByLabelName)"
					],
					"fullName": "ブックマークリポジトリ ラベル名によるブックマーク取得 (findByLabelName) DBクエリ失敗時にエラーをスローすること",
					"status": "passed",
					"title": "DBクエリ失敗時にエラーをスローすること",
					"duration": 0.21083300000003646,
					"failureMessages": [],
					"meta": {}
				},
				{
					"ancestorTitles": [
						"ブックマークリポジトリ",
						"IDによるブックマーク取得 (findById)"
					],
					"fullName": "ブックマークリポジトリ IDによるブックマーク取得 (findById) 指定されたIDのブックマークをラベル・お気に入り情報付きで取得できること",
					"status": "passed",
					"title": "指定されたIDのブックマークをラベル・お気に入り情報付きで取得できること",
					"duration": 0.18124999999997726,
					"failureMessages": [],
					"meta": {}
				},
				{
					"ancestorTitles": [
						"ブックマークリポジトリ",
						"IDによるブックマーク取得 (findById)"
					],
					"fullName": "ブックマークリポジトリ IDによるブックマーク取得 (findById) 指定されたIDのブックマークが存在しない場合、undefinedを返すこと",
					"status": "passed",
					"title": "指定されたIDのブックマークが存在しない場合、undefinedを返すこと",
					"duration": 0.10691700000000992,
					"failureMessages": [],
					"meta": {}
				},
				{
					"ancestorTitles": [
						"ブックマークリポジトリ",
						"IDによるブックマーク取得 (findById)"
					],
					"fullName": "ブックマークリポジトリ IDによるブックマーク取得 (findById) DBクエリ失敗時にエラーをスローすること",
					"status": "passed",
					"title": "DBクエリ失敗時にエラーをスローすること",
					"duration": 0.19191699999998946,
					"failureMessages": [],
					"meta": {}
				},
				{
					"ancestorTitles": [
						"ブックマークリポジトリ",
						"未読ブックマーク数取得 (countUnread)"
					],
					"fullName": "ブックマークリポジトリ 未読ブックマーク数取得 (countUnread) 未読ブックマーク数を取得できること",
					"status": "passed",
					"title": "未読ブックマーク数を取得できること",
					"duration": 0.20870800000000145,
					"failureMessages": [],
					"meta": {}
				},
				{
					"ancestorTitles": [
						"ブックマークリポジトリ",
						"未読ブックマーク数取得 (countUnread)"
					],
					"fullName": "ブックマークリポジトリ 未読ブックマーク数取得 (countUnread) DBクエリ失敗時にエラーをスローすること",
					"status": "passed",
					"title": "DBクエリ失敗時にエラーをスローすること",
					"duration": 0.27837500000003956,
					"failureMessages": [],
					"meta": {}
				},
				{
					"ancestorTitles": [
						"ブックマークリポジトリ",
						"未読ブックマーク数取得 (countUnread)"
					],
					"fullName": "ブックマークリポジトリ 未読ブックマーク数取得 (countUnread) 結果がnullの場合に0を返すこと",
					"status": "passed",
					"title": "結果がnullの場合に0を返すこと",
					"duration": 0.051250000000038654,
					"failureMessages": [],
					"meta": {}
				},
				{
					"ancestorTitles": [
						"ブックマークリポジトリ",
						"今日読んだブックマーク数取得 (countTodayRead)"
					],
					"fullName": "ブックマークリポジトリ 今日読んだブックマーク数取得 (countTodayRead) 今日読んだブックマーク数を取得できること",
					"status": "passed",
					"title": "今日読んだブックマーク数を取得できること",
					"duration": 0.30329100000000153,
					"failureMessages": [],
					"meta": {}
				},
				{
					"ancestorTitles": [
						"ブックマークリポジトリ",
						"今日読んだブックマーク数取得 (countTodayRead)"
					],
					"fullName": "ブックマークリポジトリ 今日読んだブックマーク数取得 (countTodayRead) DBクエリ失敗時にエラーをスローすること",
					"status": "passed",
					"title": "DBクエリ失敗時にエラーをスローすること",
					"duration": 0.2589999999999577,
					"failureMessages": [],
					"meta": {}
				},
				{
					"ancestorTitles": [
						"ブックマークリポジトリ",
						"今日読んだブックマーク数取得 (countTodayRead)"
					],
					"fullName": "ブックマークリポジトリ 今日読んだブックマーク数取得 (countTodayRead) 結果がnullの場合に0を返すこと",
					"status": "passed",
					"title": "結果がnullの場合に0を返すこと",
					"duration": 0.05025000000000546,
					"failureMessages": [],
					"meta": {}
				},
				{
					"ancestorTitles": [
						"ブックマークリポジトリ",
						"複数ブックマーク作成 (createMany)"
					],
					"fullName": "ブックマークリポジトリ 複数ブックマーク作成 (createMany) 複数のブックマークを作成できること",
					"status": "passed",
					"title": "複数のブックマークを作成できること",
					"duration": 0.14687500000002274,
					"failureMessages": [],
					"meta": {}
				},
				{
					"ancestorTitles": [
						"ブックマークリポジトリ",
						"複数ブックマーク作成 (createMany)"
					],
					"fullName": "ブックマークリポジトリ 複数ブックマーク作成 (createMany) 空配列を渡した場合、即座に処理を終了すること",
					"status": "passed",
					"title": "空配列を渡した場合、即座に処理を終了すること",
					"duration": 0.04899999999997817,
					"failureMessages": [],
					"meta": {}
				},
				{
					"ancestorTitles": [
						"ブックマークリポジトリ",
						"複数ブックマーク作成 (createMany)"
					],
					"fullName": "ブックマークリポジトリ 複数ブックマーク作成 (createMany) DBエラー時にエラーをスローすること",
					"status": "passed",
					"title": "DBエラー時にエラーをスローすること",
					"duration": 0.5330000000000155,
					"failureMessages": [],
					"meta": {}
				},
				{
					"ancestorTitles": [
						"ブックマークリポジトリ",
						"ブックマークを既読にマーク (markAsRead)"
					],
					"fullName": "ブックマークリポジトリ ブックマークを既読にマーク (markAsRead) 存在するブックマークを既読にできること",
					"status": "passed",
					"title": "存在するブックマークを既読にできること",
					"duration": 1.2075420000000463,
					"failureMessages": [],
					"meta": {}
				},
				{
					"ancestorTitles": [
						"ブックマークリポジトリ",
						"ブックマークを既読にマーク (markAsRead)"
					],
					"fullName": "ブックマークリポジトリ ブックマークを既読にマーク (markAsRead) 存在しないブックマークのIDが指定された場合にfalseを返すこと",
					"status": "passed",
					"title": "存在しないブックマークのIDが指定された場合にfalseを返すこと",
					"duration": 0.12349999999997863,
					"failureMessages": [],
					"meta": {}
				},
				{
					"ancestorTitles": [
						"ブックマークリポジトリ",
						"ブックマークを既読にマーク (markAsRead)"
					],
					"fullName": "ブックマークリポジトリ ブックマークを既読にマーク (markAsRead) DBエラー時にエラーをスローすること",
					"status": "passed",
					"title": "DBエラー時にエラーをスローすること",
					"duration": 0.28504200000003266,
					"failureMessages": [],
					"meta": {}
				},
				{
					"ancestorTitles": [
						"ブックマークリポジトリ",
						"ブックマークを既読にマーク (markAsRead)"
					],
					"fullName": "ブックマークリポジトリ ブックマークを既読にマーク (markAsRead) 更新中にDBエラーが発生した場合にエラーをスローすること",
					"status": "passed",
					"title": "更新中にDBエラーが発生した場合にエラーをスローすること",
					"duration": 0.259666999999979,
					"failureMessages": [],
					"meta": {}
				},
				{
					"ancestorTitles": [
						"ブックマークリポジトリ",
						"お気に入りに追加 (addToFavorites)"
					],
					"fullName": "ブックマークリポジトリ お気に入りに追加 (addToFavorites) ブックマークをお気に入りに追加できること",
					"status": "passed",
					"title": "ブックマークをお気に入りに追加できること",
					"duration": 0.3090419999999767,
					"failureMessages": [],
					"meta": {}
				},
				{
					"ancestorTitles": [
						"ブックマークリポジトリ",
						"お気に入りに追加 (addToFavorites)"
					],
					"fullName": "ブックマークリポジトリ お気に入りに追加 (addToFavorites) 存在しないブックマークIDの場合にエラーをスローすること",
					"status": "passed",
					"title": "存在しないブックマークIDの場合にエラーをスローすること",
					"duration": 0.9841250000000059,
					"failureMessages": [],
					"meta": {}
				},
				{
					"ancestorTitles": [
						"ブックマークリポジトリ",
						"お気に入りに追加 (addToFavorites)"
					],
					"fullName": "ブックマークリポジトリ お気に入りに追加 (addToFavorites) 既にお気に入りに追加されている場合にエラーをスローすること",
					"status": "passed",
					"title": "既にお気に入りに追加されている場合にエラーをスローすること",
					"duration": 0.19737499999996544,
					"failureMessages": [],
					"meta": {}
				},
				{
					"ancestorTitles": [
						"ブックマークリポジトリ",
						"お気に入りに追加 (addToFavorites)"
					],
					"fullName": "ブックマークリポジトリ お気に入りに追加 (addToFavorites) DBエラー時にエラーをスローすること",
					"status": "passed",
					"title": "DBエラー時にエラーをスローすること",
					"duration": 0.1555829999999787,
					"failureMessages": [],
					"meta": {}
				},
				{
					"ancestorTitles": [
						"ブックマークリポジトリ",
						"お気に入りから削除 (removeFromFavorites)"
					],
					"fullName": "ブックマークリポジトリ お気に入りから削除 (removeFromFavorites) ブックマークをお気に入りから削除できること",
					"status": "passed",
					"title": "ブックマークをお気に入りから削除できること",
					"duration": 0.14533299999999372,
					"failureMessages": [],
					"meta": {}
				},
				{
					"ancestorTitles": [
						"ブックマークリポジトリ",
						"お気に入りから削除 (removeFromFavorites)"
					],
					"fullName": "ブックマークリポジトリ お気に入りから削除 (removeFromFavorites) お気に入りに存在しないブックマークIDの場合にエラーをスローすること",
					"status": "passed",
					"title": "お気に入りに存在しないブックマークIDの場合にエラーをスローすること",
					"duration": 0.16170800000003283,
					"failureMessages": [],
					"meta": {}
				},
				{
					"ancestorTitles": [
						"ブックマークリポジトリ",
						"お気に入りから削除 (removeFromFavorites)"
					],
					"fullName": "ブックマークリポジトリ お気に入りから削除 (removeFromFavorites) DBエラー時にエラーをスローすること",
					"status": "passed",
					"title": "DBエラー時にエラーをスローすること",
					"duration": 0.19612500000005184,
					"failureMessages": [],
					"meta": {}
				},
				{
					"ancestorTitles": [
						"ブックマークリポジトリ",
						"お気に入り状態確認 (isFavorite)"
					],
					"fullName": "ブックマークリポジトリ お気に入り状態確認 (isFavorite) お気に入りに追加されているブックマークIDの場合にtrueを返すこと",
					"status": "passed",
					"title": "お気に入りに追加されているブックマークIDの場合にtrueを返すこと",
					"duration": 0.12245799999999463,
					"failureMessages": [],
					"meta": {}
				},
				{
					"ancestorTitles": [
						"ブックマークリポジトリ",
						"お気に入り状態確認 (isFavorite)"
					],
					"fullName": "ブックマークリポジトリ お気に入り状態確認 (isFavorite) お気に入りに追加されていないブックマークIDの場合にfalseを返すこと",
					"status": "passed",
					"title": "お気に入りに追加されていないブックマークIDの場合にfalseを返すこと",
					"duration": 0.09950000000003456,
					"failureMessages": [],
					"meta": {}
				},
				{
					"ancestorTitles": [
						"ブックマークリポジトリ",
						"お気に入り状態確認 (isFavorite)"
					],
					"fullName": "ブックマークリポジトリ お気に入り状態確認 (isFavorite) DBエラー時にエラーをスローすること",
					"status": "passed",
					"title": "DBエラー時にエラーをスローすること",
					"duration": 0.37216699999999037,
					"failureMessages": [],
					"meta": {}
				}
			],
			"startTime": 1749048461427,
			"endTime": 1749048461444.372,
			"status": "passed",
			"message": "",
			"name": "/Users/r-horie/private/yomimono/main/api/tests/unit/repositories/bookmark.test.ts"
		},
		{
			"assertionResults": [
				{
					"ancestorTitles": ["LabelRepository", "findAllWithArticleCount"],
					"fullName": "LabelRepository findAllWithArticleCount 全てのラベルとそれに対応する記事数を取得できること",
					"status": "passed",
					"title": "全てのラベルとそれに対応する記事数を取得できること",
					"duration": 2.436583999999982,
					"failureMessages": [],
					"meta": {}
				},
				{
					"ancestorTitles": ["LabelRepository", "findByName"],
					"fullName": "LabelRepository findByName 指定された名前のラベルを取得できること",
					"status": "passed",
					"title": "指定された名前のラベルを取得できること",
					"duration": 0.2652079999999728,
					"failureMessages": [],
					"meta": {}
				},
				{
					"ancestorTitles": ["LabelRepository", "findByName"],
					"fullName": "LabelRepository findByName 指定された名前のラベルが存在しない場合、undefinedを返すこと",
					"status": "passed",
					"title": "指定された名前のラベルが存在しない場合、undefinedを返すこと",
					"duration": 0.15825000000000955,
					"failureMessages": [],
					"meta": {}
				},
				{
					"ancestorTitles": ["LabelRepository", "findById"],
					"fullName": "LabelRepository findById 指定されたIDのラベルを取得できること",
					"status": "passed",
					"title": "指定されたIDのラベルを取得できること",
					"duration": 0.2952910000000202,
					"failureMessages": [],
					"meta": {}
				},
				{
					"ancestorTitles": ["LabelRepository", "findById"],
					"fullName": "LabelRepository findById 指定されたIDのラベルが存在しない場合、undefinedを返すこと",
					"status": "passed",
					"title": "指定されたIDのラベルが存在しない場合、undefinedを返すこと",
					"duration": 0.1445410000000038,
					"failureMessages": [],
					"meta": {}
				},
				{
					"ancestorTitles": ["LabelRepository", "create"],
					"fullName": "LabelRepository create 新しいラベルを作成できること",
					"status": "passed",
					"title": "新しいラベルを作成できること",
					"duration": 0.42950000000001864,
					"failureMessages": [],
					"meta": {}
				},
				{
					"ancestorTitles": ["LabelRepository", "updateDescription"],
					"fullName": "LabelRepository updateDescription ラベルの説明文を更新できること",
					"status": "passed",
					"title": "ラベルの説明文を更新できること",
					"duration": 0.2406249999999659,
					"failureMessages": [],
					"meta": {}
				},
				{
					"ancestorTitles": ["LabelRepository", "updateDescription"],
					"fullName": "LabelRepository updateDescription nullを指定して説明文を削除できること",
					"status": "passed",
					"title": "nullを指定して説明文を削除できること",
					"duration": 0.09816599999999198,
					"failureMessages": [],
					"meta": {}
				},
				{
					"ancestorTitles": ["LabelRepository", "updateDescription"],
					"fullName": "LabelRepository updateDescription 更新対象が存在しない場合、undefinedを返すこと",
					"status": "passed",
					"title": "更新対象が存在しない場合、undefinedを返すこと",
					"duration": 0.12145799999996143,
					"failureMessages": [],
					"meta": {}
				},
				{
					"ancestorTitles": ["LabelRepository", "deleteById"],
					"fullName": "LabelRepository deleteById 指定されたIDのラベルを削除できること",
					"status": "passed",
					"title": "指定されたIDのラベルを削除できること",
					"duration": 0.18608399999999392,
					"failureMessages": [],
					"meta": {}
				},
				{
					"ancestorTitles": ["LabelRepository", "deleteById"],
					"fullName": "LabelRepository deleteById 存在しないIDの場合、falseを返すこと",
					"status": "passed",
					"title": "存在しないIDの場合、falseを返すこと",
					"duration": 0.0885420000000181,
					"failureMessages": [],
					"meta": {}
				}
			],
			"startTime": 1749048461698,
			"endTime": 1749048461702.2407,
			"status": "passed",
			"message": "",
			"name": "/Users/r-horie/private/yomimono/main/api/tests/unit/repositories/label.test.ts"
		},
		{
			"assertionResults": [
				{
					"ancestorTitles": ["markAsUnread メソッド"],
					"fullName": "markAsUnread メソッド ブックマークを未読に戻せること",
					"status": "passed",
					"title": "ブックマークを未読に戻せること",
					"duration": 2.6805840000000103,
					"failureMessages": [],
					"meta": {}
				},
				{
					"ancestorTitles": ["markAsUnread メソッド"],
					"fullName": "markAsUnread メソッド 存在しないブックマークのIDが指定された場合にfalseを返すこと",
					"status": "passed",
					"title": "存在しないブックマークのIDが指定された場合にfalseを返すこと",
					"duration": 0.21733299999999645,
					"failureMessages": [],
					"meta": {}
				},
				{
					"ancestorTitles": ["markAsUnread メソッド"],
					"fullName": "markAsUnread メソッド DBエラー時にエラーをスローすること",
					"status": "passed",
					"title": "DBエラー時にエラーをスローすること",
					"duration": 2.5951670000000036,
					"failureMessages": [],
					"meta": {}
				},
				{
					"ancestorTitles": ["markAsUnread メソッド"],
					"fullName": "markAsUnread メソッド 更新中にDBエラーが発生した場合にエラーをスローすること",
					"status": "passed",
					"title": "更新中にDBエラーが発生した場合にエラーをスローすること",
					"duration": 0.28291699999999764,
					"failureMessages": [],
					"meta": {}
				}
			],
			"startTime": 1749048461639,
			"endTime": 1749048461645.283,
			"status": "passed",
			"message": "",
			"name": "/Users/r-horie/private/yomimono/main/api/tests/unit/repositories/markAsUnread.test.ts"
		},
		{
			"assertionResults": [
				{
					"ancestorTitles": ["Bookmark Repository - Read Status", "findRead"],
					"fullName": "Bookmark Repository - Read Status findRead 既読のブックマークを取得できる",
					"status": "passed",
					"title": "既読のブックマークを取得できる",
					"duration": 2.601292000000001,
					"failureMessages": [],
					"meta": {}
				},
				{
					"ancestorTitles": ["Bookmark Repository - Read Status", "findRead"],
					"fullName": "Bookmark Repository - Read Status findRead 既読のブックマークがない場合空配列を返す",
					"status": "passed",
					"title": "既読のブックマークがない場合空配列を返す",
					"duration": 0.30224999999995816,
					"failureMessages": [],
					"meta": {}
				}
			],
			"startTime": 1749048462118,
			"endTime": 1749048462121.3022,
			"status": "passed",
			"message": "",
			"name": "/Users/r-horie/private/yomimono/main/api/tests/unit/repositories/readStatus.test.ts"
		},
		{
			"assertionResults": [
				{
					"ancestorTitles": ["RssBatchLogRepository", "create"],
					"fullName": "RssBatchLogRepository create 新しいバッチログを作成できる",
					"status": "passed",
					"title": "新しいバッチログを作成できる",
					"duration": 1.7859170000000404,
					"failureMessages": [],
					"meta": {}
				},
				{
					"ancestorTitles": ["RssBatchLogRepository", "update"],
					"fullName": "RssBatchLogRepository update バッチログを更新できる",
					"status": "passed",
					"title": "バッチログを更新できる",
					"duration": 0.43754100000001017,
					"failureMessages": [],
					"meta": {}
				},
				{
					"ancestorTitles": ["RssBatchLogRepository", "findByFeedId"],
					"fullName": "RssBatchLogRepository findByFeedId フィードIDでバッチログを取得できる",
					"status": "passed",
					"title": "フィードIDでバッチログを取得できる",
					"duration": 0.24720800000000054,
					"failureMessages": [],
					"meta": {}
				},
				{
					"ancestorTitles": ["RssBatchLogRepository", "findLatestByFeedId"],
					"fullName": "RssBatchLogRepository findLatestByFeedId フィードIDで最新のバッチログを取得できる",
					"status": "passed",
					"title": "フィードIDで最新のバッチログを取得できる",
					"duration": 0.21325000000001637,
					"failureMessages": [],
					"meta": {}
				}
			],
			"startTime": 1749048462061,
			"endTime": 1749048462064.2473,
			"status": "passed",
			"message": "",
			"name": "/Users/r-horie/private/yomimono/main/api/tests/unit/repositories/rssBatchLog.test.ts"
		},
		{
			"assertionResults": [
				{
					"ancestorTitles": ["RssFeedRepository", "findAll"],
					"fullName": "RssFeedRepository findAll すべてのRSSフィードを取得できる",
					"status": "passed",
					"title": "すべてのRSSフィードを取得できる",
					"duration": 1.8583340000000135,
					"failureMessages": [],
					"meta": {}
				},
				{
					"ancestorTitles": ["RssFeedRepository", "findById"],
					"fullName": "RssFeedRepository findById 指定されたIDのRSSフィードを取得できる",
					"status": "passed",
					"title": "指定されたIDのRSSフィードを取得できる",
					"duration": 0.41458399999999074,
					"failureMessages": [],
					"meta": {}
				},
				{
					"ancestorTitles": ["RssFeedRepository", "create"],
					"fullName": "RssFeedRepository create 新しいRSSフィードを作成できる",
					"status": "passed",
					"title": "新しいRSSフィードを作成できる",
					"duration": 0.222041000000047,
					"failureMessages": [],
					"meta": {}
				},
				{
					"ancestorTitles": ["RssFeedRepository", "update"],
					"fullName": "RssFeedRepository update RSSフィードを更新できる",
					"status": "passed",
					"title": "RSSフィードを更新できる",
					"duration": 0.36725000000001273,
					"failureMessages": [],
					"meta": {}
				},
				{
					"ancestorTitles": ["RssFeedRepository", "delete"],
					"fullName": "RssFeedRepository delete RSSフィードを削除できる",
					"status": "passed",
					"title": "RSSフィードを削除できる",
					"duration": 0.20724999999998772,
					"failureMessages": [],
					"meta": {}
				},
				{
					"ancestorTitles": ["RssFeedRepository", "delete"],
					"fullName": "RssFeedRepository delete 削除時にエラーが発生した場合falseを返す",
					"status": "passed",
					"title": "削除時にエラーが発生した場合falseを返す",
					"duration": 0.10662500000000819,
					"failureMessages": [],
					"meta": {}
				},
				{
					"ancestorTitles": ["RssFeedRepository", "findByUrl"],
					"fullName": "RssFeedRepository findByUrl URLによってRSSフィードを取得できる",
					"status": "passed",
					"title": "URLによってRSSフィードを取得できる",
					"duration": 0.11062500000002728,
					"failureMessages": [],
					"meta": {}
				},
				{
					"ancestorTitles": ["RssFeedRepository", "findAllActive"],
					"fullName": "RssFeedRepository findAllActive アクティブなRSSフィードを全て取得できる",
					"status": "skipped",
					"title": "アクティブなRSSフィードを全て取得できる",
					"failureMessages": [],
					"meta": {}
				}
			],
			"startTime": 1749048462039,
			"endTime": 1749048462043.1106,
			"status": "passed",
			"message": "",
			"name": "/Users/r-horie/private/yomimono/main/api/tests/unit/repositories/rssFeed.test.ts"
		},
		{
			"assertionResults": [
				{
					"ancestorTitles": ["RssFeedItemRepository", "create"],
					"fullName": "RssFeedItemRepository create 新しいRSSフィードアイテムを作成できる",
					"status": "passed",
					"title": "新しいRSSフィードアイテムを作成できる",
					"duration": 2.12579199999999,
					"failureMessages": [],
					"meta": {}
				},
				{
					"ancestorTitles": ["RssFeedItemRepository", "findByFeedIdAndGuid"],
					"fullName": "RssFeedItemRepository findByFeedIdAndGuid フィードIDとGUIDでアイテムを取得できる",
					"status": "passed",
					"title": "フィードIDとGUIDでアイテムを取得できる",
					"duration": 0.5081250000000068,
					"failureMessages": [],
					"meta": {}
				},
				{
					"ancestorTitles": ["RssFeedItemRepository", "findByFeedId"],
					"fullName": "RssFeedItemRepository findByFeedId フィードIDでアイテムを取得できる",
					"status": "passed",
					"title": "フィードIDでアイテムを取得できる",
					"duration": 0.27933300000000827,
					"failureMessages": [],
					"meta": {}
				},
				{
					"ancestorTitles": ["RssFeedItemRepository", "createMany"],
					"fullName": "RssFeedItemRepository createMany 複数のアイテムを一括作成できる",
					"status": "passed",
					"title": "複数のアイテムを一括作成できる",
					"duration": 0.1978340000000003,
					"failureMessages": [],
					"meta": {}
				}
			],
			"startTime": 1749048462069,
			"endTime": 1749048462072.2793,
			"status": "passed",
			"message": "",
			"name": "/Users/r-horie/private/yomimono/main/api/tests/unit/repositories/rssFeedItem.test.ts"
		},
		{
			"assertionResults": [
				{
					"ancestorTitles": ["PUT /bookmarks/batch-label", "正常系"],
					"fullName": "PUT /bookmarks/batch-label 正常系 複数の記事に一括でラベルを付与できる",
					"status": "passed",
					"title": "複数の記事に一括でラベルを付与できる",
					"duration": 6.104624999999999,
					"failureMessages": [],
					"meta": {}
				},
				{
					"ancestorTitles": ["PUT /bookmarks/batch-label", "異常系"],
					"fullName": "PUT /bookmarks/batch-label 異常系 articleIdsが指定されていない場合は400を返す",
					"status": "passed",
					"title": "articleIdsが指定されていない場合は400を返す",
					"duration": 0.7751660000000129,
					"failureMessages": [],
					"meta": {}
				},
				{
					"ancestorTitles": ["PUT /bookmarks/batch-label", "異常系"],
					"fullName": "PUT /bookmarks/batch-label 異常系 articleIdsが空の配列の場合は400を返す",
					"status": "passed",
					"title": "articleIdsが空の配列の場合は400を返す",
					"duration": 0.6183749999999577,
					"failureMessages": [],
					"meta": {}
				},
				{
					"ancestorTitles": ["PUT /bookmarks/batch-label", "異常系"],
					"fullName": "PUT /bookmarks/batch-label 異常系 labelNameが指定されていない場合は400を返す",
					"status": "passed",
					"title": "labelNameが指定されていない場合は400を返す",
					"duration": 0.4752080000000092,
					"failureMessages": [],
					"meta": {}
				},
				{
					"ancestorTitles": ["PUT /bookmarks/batch-label", "異常系"],
					"fullName": "PUT /bookmarks/batch-label 異常系 articleIdsに数値以外が含まれている場合は400を返す",
					"status": "passed",
					"title": "articleIdsに数値以外が含まれている場合は400を返す",
					"duration": 0.8742919999999685,
					"failureMessages": [],
					"meta": {}
				},
				{
					"ancestorTitles": ["PUT /bookmarks/batch-label", "異常系"],
					"fullName": "PUT /bookmarks/batch-label 異常系 サービスでエラーが発生した場合は500を返す",
					"status": "passed",
					"title": "サービスでエラーが発生した場合は500を返す",
					"duration": 3.5886659999999893,
					"failureMessages": [],
					"meta": {}
				}
			],
			"startTime": 1749048461228,
			"endTime": 1749048461240.5886,
			"status": "passed",
			"message": "",
			"name": "/Users/r-horie/private/yomimono/main/api/tests/unit/routes/batch-label.test.ts"
		},
		{
			"assertionResults": [
				{
					"ancestorTitles": [
						"Bookmark Unread Endpoint",
						"PATCH /api/bookmarks/:id/unread"
					],
					"fullName": "Bookmark Unread Endpoint PATCH /api/bookmarks/:id/unread ブックマークを未読に戻せること",
					"status": "passed",
					"title": "ブックマークを未読に戻せること",
					"duration": 5.419624999999996,
					"failureMessages": [],
					"meta": {}
				},
				{
					"ancestorTitles": [
						"Bookmark Unread Endpoint",
						"PATCH /api/bookmarks/:id/unread"
					],
					"fullName": "Bookmark Unread Endpoint PATCH /api/bookmarks/:id/unread 存在しないブックマークの場合404を返すこと",
					"status": "passed",
					"title": "存在しないブックマークの場合404を返すこと",
					"duration": 0.6570410000000209,
					"failureMessages": [],
					"meta": {}
				},
				{
					"ancestorTitles": [
						"Bookmark Unread Endpoint",
						"PATCH /api/bookmarks/:id/unread"
					],
					"fullName": "Bookmark Unread Endpoint PATCH /api/bookmarks/:id/unread エラー時に500を返すこと",
					"status": "passed",
					"title": "エラー時に500を返すこと",
					"duration": 2.5727500000000134,
					"failureMessages": [],
					"meta": {}
				}
			],
			"startTime": 1749048461443,
			"endTime": 1749048461451.5728,
			"status": "passed",
			"message": "",
			"name": "/Users/r-horie/private/yomimono/main/api/tests/unit/routes/bookmarks-unread.test.ts"
		},
		{
			"assertionResults": [
				{
					"ancestorTitles": ["BookmarkRouter", "GET /api/bookmarks/"],
					"fullName": "BookmarkRouter GET /api/bookmarks/ クエリパラメータなしの場合、未読ブックマーク一覧と総数、当日の既読数を取得できること",
					"status": "passed",
					"title": "クエリパラメータなしの場合、未読ブックマーク一覧と総数、当日の既読数を取得できること",
					"duration": 5.644874999999985,
					"failureMessages": [],
					"meta": {}
				},
				{
					"ancestorTitles": ["BookmarkRouter", "GET /api/bookmarks/"],
					"fullName": "BookmarkRouter GET /api/bookmarks/ labelクエリパラメータがある場合、ラベルでフィルタリングされたブックマーク一覧を取得できること",
					"status": "passed",
					"title": "labelクエリパラメータがある場合、ラベルでフィルタリングされたブックマーク一覧を取得できること",
					"duration": 1.1568340000000035,
					"failureMessages": [],
					"meta": {}
				},
				{
					"ancestorTitles": ["BookmarkRouter", "GET /api/bookmarks/"],
					"fullName": "BookmarkRouter GET /api/bookmarks/ サービスでエラーが発生した場合、500エラーレスポンスを返すこと",
					"status": "passed",
					"title": "サービスでエラーが発生した場合、500エラーレスポンスを返すこと",
					"duration": 5.754374999999982,
					"failureMessages": [],
					"meta": {}
				},
				{
					"ancestorTitles": ["BookmarkRouter", "GET /api/bookmarks/"],
					"fullName": "BookmarkRouter GET /api/bookmarks/ ラベルフィルタリング時にサービスでエラーが発生した場合、500エラーレスポンスを返すこと",
					"status": "passed",
					"title": "ラベルフィルタリング時にサービスでエラーが発生した場合、500エラーレスポンスを返すこと",
					"duration": 0.6256669999999929,
					"failureMessages": [],
					"meta": {}
				},
				{
					"ancestorTitles": ["BookmarkRouter", "GET /api/bookmarks/unlabeled"],
					"fullName": "BookmarkRouter GET /api/bookmarks/unlabeled 未ラベルのブックマーク一覧を取得できること",
					"status": "passed",
					"title": "未ラベルのブックマーク一覧を取得できること",
					"duration": 0.5670000000000073,
					"failureMessages": [],
					"meta": {}
				},
				{
					"ancestorTitles": ["BookmarkRouter", "GET /api/bookmarks/unlabeled"],
					"fullName": "BookmarkRouter GET /api/bookmarks/unlabeled サービスでエラーが発生した場合、500エラーレスポンスを返すこと",
					"status": "passed",
					"title": "サービスでエラーが発生した場合、500エラーレスポンスを返すこと",
					"duration": 0.6025829999999814,
					"failureMessages": [],
					"meta": {}
				},
				{
					"ancestorTitles": ["BookmarkRouter", "PUT /api/bookmarks/:id/label"],
					"fullName": "BookmarkRouter PUT /api/bookmarks/:id/label 指定したブックマークにラベルを付与できること",
					"status": "passed",
					"title": "指定したブックマークにラベルを付与できること",
					"duration": 0.5909170000000188,
					"failureMessages": [],
					"meta": {}
				},
				{
					"ancestorTitles": ["BookmarkRouter", "PUT /api/bookmarks/:id/label"],
					"fullName": "BookmarkRouter PUT /api/bookmarks/:id/label 無効なIDの場合400を返すこと",
					"status": "passed",
					"title": "無効なIDの場合400を返すこと",
					"duration": 0.6966669999999908,
					"failureMessages": [],
					"meta": {}
				},
				{
					"ancestorTitles": ["BookmarkRouter", "PUT /api/bookmarks/:id/label"],
					"fullName": "BookmarkRouter PUT /api/bookmarks/:id/label リクエストボディが空の場合400を返すこと",
					"status": "passed",
					"title": "リクエストボディが空の場合400を返すこと",
					"duration": 0.8104160000000036,
					"failureMessages": [],
					"meta": {}
				},
				{
					"ancestorTitles": ["BookmarkRouter", "PUT /api/bookmarks/:id/label"],
					"fullName": "BookmarkRouter PUT /api/bookmarks/:id/label labelNameが空文字列の場合400を返すこと",
					"status": "passed",
					"title": "labelNameが空文字列の場合400を返すこと",
					"duration": 2.1237079999999935,
					"failureMessages": [],
					"meta": {}
				},
				{
					"ancestorTitles": ["BookmarkRouter", "PUT /api/bookmarks/:id/label"],
					"fullName": "BookmarkRouter PUT /api/bookmarks/:id/label サービスがBookmark not foundエラーを投げた場合404を返すこと",
					"status": "passed",
					"title": "サービスがBookmark not foundエラーを投げた場合404を返すこと",
					"duration": 0.9151659999999993,
					"failureMessages": [],
					"meta": {}
				},
				{
					"ancestorTitles": ["BookmarkRouter", "PUT /api/bookmarks/:id/label"],
					"fullName": "BookmarkRouter PUT /api/bookmarks/:id/label サービスがAlready labeledエラーを投げた場合409を返すこと",
					"status": "passed",
					"title": "サービスがAlready labeledエラーを投げた場合409を返すこと",
					"duration": 0.531958000000003,
					"failureMessages": [],
					"meta": {}
				},
				{
					"ancestorTitles": ["BookmarkRouter", "PUT /api/bookmarks/:id/label"],
					"fullName": "BookmarkRouter PUT /api/bookmarks/:id/label サービスがその他のエラーを投げた場合500を返すこと",
					"status": "passed",
					"title": "サービスがその他のエラーを投げた場合500を返すこと",
					"duration": 0.650874999999985,
					"failureMessages": [],
					"meta": {}
				},
				{
					"ancestorTitles": [
						"BookmarkRouter",
						"お気に入り機能 (app.request)",
						"POST /api/bookmarks/:id/favorite"
					],
					"fullName": "BookmarkRouter お気に入り機能 (app.request) POST /api/bookmarks/:id/favorite お気に入りに追加できること",
					"status": "passed",
					"title": "お気に入りに追加できること",
					"duration": 0.49579199999999446,
					"failureMessages": [],
					"meta": {}
				},
				{
					"ancestorTitles": [
						"BookmarkRouter",
						"お気に入り機能 (app.request)",
						"POST /api/bookmarks/:id/favorite"
					],
					"fullName": "BookmarkRouter お気に入り機能 (app.request) POST /api/bookmarks/:id/favorite 存在しないブックマークの場合404を返すこと",
					"status": "passed",
					"title": "存在しないブックマークの場合404を返すこと",
					"duration": 0.25233299999999304,
					"failureMessages": [],
					"meta": {}
				},
				{
					"ancestorTitles": [
						"BookmarkRouter",
						"お気に入り機能 (app.request)",
						"DELETE /api/bookmarks/:id/favorite"
					],
					"fullName": "BookmarkRouter お気に入り機能 (app.request) DELETE /api/bookmarks/:id/favorite お気に入りから削除できること",
					"status": "passed",
					"title": "お気に入りから削除できること",
					"duration": 0.2854579999999771,
					"failureMessages": [],
					"meta": {}
				},
				{
					"ancestorTitles": [
						"BookmarkRouter",
						"お気に入り機能 (app.request)",
						"DELETE /api/bookmarks/:id/favorite"
					],
					"fullName": "BookmarkRouter お気に入り機能 (app.request) DELETE /api/bookmarks/:id/favorite 存在しないお気に入りの場合404を返すこと",
					"status": "passed",
					"title": "存在しないお気に入りの場合404を返すこと",
					"duration": 0.2186670000000106,
					"failureMessages": [],
					"meta": {}
				},
				{
					"ancestorTitles": [
						"BookmarkRouter",
						"お気に入り機能 (app.request)",
						"GET /api/bookmarks/favorites"
					],
					"fullName": "BookmarkRouter お気に入り機能 (app.request) GET /api/bookmarks/favorites お気に入り一覧を取得できること",
					"status": "passed",
					"title": "お気に入り一覧を取得できること",
					"duration": 0.3189999999999884,
					"failureMessages": [],
					"meta": {}
				},
				{
					"ancestorTitles": [
						"BookmarkRouter",
						"お気に入り機能 (app.request)",
						"GET /api/bookmarks/favorites"
					],
					"fullName": "BookmarkRouter お気に入り機能 (app.request) GET /api/bookmarks/favorites エラー時に500を返すこと",
					"status": "passed",
					"title": "エラー時に500を返すこと",
					"duration": 0.4049590000000194,
					"failureMessages": [],
					"meta": {}
				},
				{
					"ancestorTitles": ["BookmarkRouter", "POST /api/bookmarks/bulk"],
					"fullName": "BookmarkRouter POST /api/bookmarks/bulk 複数のブックマークを作成できること",
					"status": "passed",
					"title": "複数のブックマークを作成できること",
					"duration": 0.490415999999982,
					"failureMessages": [],
					"meta": {}
				},
				{
					"ancestorTitles": ["BookmarkRouter", "POST /api/bookmarks/bulk"],
					"fullName": "BookmarkRouter POST /api/bookmarks/bulk エラー時に500を返すこと",
					"status": "passed",
					"title": "エラー時に500を返すこと",
					"duration": 0.40829199999996035,
					"failureMessages": [],
					"meta": {}
				},
				{
					"ancestorTitles": ["BookmarkRouter", "PATCH /api/bookmarks/:id/read"],
					"fullName": "BookmarkRouter PATCH /api/bookmarks/:id/read ブックマークを既読にできること",
					"status": "passed",
					"title": "ブックマークを既読にできること",
					"duration": 0.2331659999999829,
					"failureMessages": [],
					"meta": {}
				},
				{
					"ancestorTitles": ["BookmarkRouter", "PATCH /api/bookmarks/:id/read"],
					"fullName": "BookmarkRouter PATCH /api/bookmarks/:id/read 存在しないブックマークの場合404を返すこと",
					"status": "passed",
					"title": "存在しないブックマークの場合404を返すこと",
					"duration": 0.18295899999998255,
					"failureMessages": [],
					"meta": {}
				},
				{
					"ancestorTitles": ["BookmarkRouter", "PATCH /api/bookmarks/:id/read"],
					"fullName": "BookmarkRouter PATCH /api/bookmarks/:id/read エラー時に500を返すこと",
					"status": "passed",
					"title": "エラー時に500を返すこと",
					"duration": 0.4060000000000059,
					"failureMessages": [],
					"meta": {}
				},
				{
					"ancestorTitles": ["BookmarkRouter", "GET /api/bookmarks/recent"],
					"fullName": "BookmarkRouter GET /api/bookmarks/recent 最近読んだブックマークを取得できること",
					"status": "passed",
					"title": "最近読んだブックマークを取得できること",
					"duration": 0.23416600000001608,
					"failureMessages": [],
					"meta": {}
				},
				{
					"ancestorTitles": ["BookmarkRouter", "GET /api/bookmarks/recent"],
					"fullName": "BookmarkRouter GET /api/bookmarks/recent エラー時に500を返すこと",
					"status": "passed",
					"title": "エラー時に500を返すこと",
					"duration": 0.3599999999999568,
					"failureMessages": [],
					"meta": {}
				}
			],
			"startTime": 1749048461207,
			"endTime": 1749048461232.36,
			"status": "passed",
			"message": "",
			"name": "/Users/r-horie/private/yomimono/main/api/tests/unit/routes/bookmarks.test.ts"
		},
		{
			"assertionResults": [
				{
					"ancestorTitles": ["開発用エンドポイント", "GET /api/dev/test"],
					"fullName": "開発用エンドポイント GET /api/dev/test APIの動作確認メッセージを返す",
					"status": "passed",
					"title": "APIの動作確認メッセージを返す",
					"duration": 8.207583,
					"failureMessages": [],
					"meta": {}
				},
				{
					"ancestorTitles": ["開発用エンドポイント", "GET /api/dev/db-test"],
					"fullName": "開発用エンドポイント GET /api/dev/db-test データベース接続テストが成功する",
					"status": "passed",
					"title": "データベース接続テストが成功する",
					"duration": 1.3618339999999307,
					"failureMessages": [],
					"meta": {}
				},
				{
					"ancestorTitles": ["開発用エンドポイント", "GET /api/dev/db-test"],
					"fullName": "開発用エンドポイント GET /api/dev/db-test データベース接続エラー時にエラーを返す",
					"status": "passed",
					"title": "データベース接続エラー時にエラーを返す",
					"duration": 1.0899160000000165,
					"failureMessages": [],
					"meta": {}
				},
				{
					"ancestorTitles": ["開発用エンドポイント", "GET /api/dev/batch-logs"],
					"fullName": "開発用エンドポイント GET /api/dev/batch-logs バッチログを取得できる",
					"status": "passed",
					"title": "バッチログを取得できる",
					"duration": 1.6800829999999678,
					"failureMessages": [],
					"meta": {}
				},
				{
					"ancestorTitles": ["開発用エンドポイント", "GET /api/dev/batch-logs"],
					"fullName": "開発用エンドポイント GET /api/dev/batch-logs エラー時にエラーレスポンスを返す",
					"status": "passed",
					"title": "エラー時にエラーレスポンスを返す",
					"duration": 1.4894160000000056,
					"failureMessages": [],
					"meta": {}
				},
				{
					"ancestorTitles": [
						"開発用エンドポイント",
						"GET /api/dev/recent-bookmarks"
					],
					"fullName": "開発用エンドポイント GET /api/dev/recent-bookmarks 最新のブックマークを取得できる",
					"status": "passed",
					"title": "最新のブックマークを取得できる",
					"duration": 4.038583000000017,
					"failureMessages": [],
					"meta": {}
				},
				{
					"ancestorTitles": [
						"開発用エンドポイント",
						"GET /api/dev/recent-bookmarks"
					],
					"fullName": "開発用エンドポイント GET /api/dev/recent-bookmarks エラー時にエラーレスポンスを返す",
					"status": "passed",
					"title": "エラー時にエラーレスポンスを返す",
					"duration": 6.303833000000054,
					"failureMessages": [],
					"meta": {}
				},
				{
					"ancestorTitles": [
						"開発用エンドポイント",
						"POST /api/dev/rss-batch/run"
					],
					"fullName": "開発用エンドポイント POST /api/dev/rss-batch/run バッチ処理を正常に実行できる",
					"status": "passed",
					"title": "バッチ処理を正常に実行できる",
					"duration": 1.9128749999999854,
					"failureMessages": [],
					"meta": {}
				},
				{
					"ancestorTitles": [
						"開発用エンドポイント",
						"POST /api/dev/rss-batch/run"
					],
					"fullName": "開発用エンドポイント POST /api/dev/rss-batch/run バッチ処理エラー時にエラーレスポンスを返す",
					"status": "passed",
					"title": "バッチ処理エラー時にエラーレスポンスを返す",
					"duration": 4.038208000000054,
					"failureMessages": [],
					"meta": {}
				}
			],
			"startTime": 1749048461503,
			"endTime": 1749048461533.038,
			"status": "passed",
			"message": "",
			"name": "/Users/r-horie/private/yomimono/main/api/tests/unit/routes/dev.test.ts"
		},
		{
			"assertionResults": [
				{
					"ancestorTitles": ["Labels Route", "GET /api/labels"],
					"fullName": "Labels Route GET /api/labels 全てのラベルを取得し、成功レスポンスを返すこと",
					"status": "passed",
					"title": "全てのラベルを取得し、成功レスポンスを返すこと",
					"duration": 5.05570800000001,
					"failureMessages": [],
					"meta": {}
				},
				{
					"ancestorTitles": ["Labels Route", "GET /api/labels"],
					"fullName": "Labels Route GET /api/labels サービスでエラーが発生した場合、500エラーレスポンスを返すこと",
					"status": "passed",
					"title": "サービスでエラーが発生した場合、500エラーレスポンスを返すこと",
					"duration": 4.996583000000015,
					"failureMessages": [],
					"meta": {}
				},
				{
					"ancestorTitles": ["Labels Route", "POST /api/labels"],
					"fullName": "Labels Route POST /api/labels 新しいラベルを作成し、成功レスポンス（201）を返すこと",
					"status": "passed",
					"title": "新しいラベルを作成し、成功レスポンス（201）を返すこと",
					"duration": 2.870584000000008,
					"failureMessages": [],
					"meta": {}
				},
				{
					"ancestorTitles": ["Labels Route", "POST /api/labels"],
					"fullName": "Labels Route POST /api/labels リクエストボディにnameがない場合、400エラーレスポンスを返すこと",
					"status": "passed",
					"title": "リクエストボディにnameがない場合、400エラーレスポンスを返すこと",
					"duration": 0.8412499999999739,
					"failureMessages": [],
					"meta": {}
				},
				{
					"ancestorTitles": ["Labels Route", "POST /api/labels"],
					"fullName": "Labels Route POST /api/labels リクエストボディのnameが空文字列の場合、400エラーレスポンスを返すこと",
					"status": "passed",
					"title": "リクエストボディのnameが空文字列の場合、400エラーレスポンスを返すこと",
					"duration": 0.932042000000024,
					"failureMessages": [],
					"meta": {}
				},
				{
					"ancestorTitles": ["Labels Route", "POST /api/labels"],
					"fullName": "Labels Route POST /api/labels サービスでラベルが既に存在すると判断された場合、409エラーレスポンスを返すこと",
					"status": "passed",
					"title": "サービスでラベルが既に存在すると判断された場合、409エラーレスポンスを返すこと",
					"duration": 0.8352500000000305,
					"failureMessages": [],
					"meta": {}
				},
				{
					"ancestorTitles": ["Labels Route", "POST /api/labels"],
					"fullName": "Labels Route POST /api/labels サービスで予期せぬエラーが発生した場合、500エラーレスポンスを返すこと",
					"status": "passed",
					"title": "サービスで予期せぬエラーが発生した場合、500エラーレスポンスを返すこと",
					"duration": 0.7185420000000136,
					"failureMessages": [],
					"meta": {}
				},
				{
					"ancestorTitles": ["Labels Route", "GET /api/labels/:id"],
					"fullName": "Labels Route GET /api/labels/:id 指定されたIDのラベルを取得し、成功レスポンスを返すこと",
					"status": "passed",
					"title": "指定されたIDのラベルを取得し、成功レスポンスを返すこと",
					"duration": 0.7207500000000095,
					"failureMessages": [],
					"meta": {}
				},
				{
					"ancestorTitles": ["Labels Route", "GET /api/labels/:id"],
					"fullName": "Labels Route GET /api/labels/:id 不正なID形式の場合、400エラーレスポンスを返すこと",
					"status": "passed",
					"title": "不正なID形式の場合、400エラーレスポンスを返すこと",
					"duration": 0.6956250000000068,
					"failureMessages": [],
					"meta": {}
				},
				{
					"ancestorTitles": ["Labels Route", "GET /api/labels/:id"],
					"fullName": "Labels Route GET /api/labels/:id 存在しないラベルの場合、404エラーレスポンスを返すこと",
					"status": "passed",
					"title": "存在しないラベルの場合、404エラーレスポンスを返すこと",
					"duration": 0.3632500000000505,
					"failureMessages": [],
					"meta": {}
				},
				{
					"ancestorTitles": ["Labels Route", "GET /api/labels/:id"],
					"fullName": "Labels Route GET /api/labels/:id サービスでエラーが発生した場合、500エラーレスポンスを返すこと",
					"status": "passed",
					"title": "サービスでエラーが発生した場合、500エラーレスポンスを返すこと",
					"duration": 0.5605830000000083,
					"failureMessages": [],
					"meta": {}
				},
				{
					"ancestorTitles": ["Labels Route", "PATCH /api/labels/:id"],
					"fullName": "Labels Route PATCH /api/labels/:id ラベルの説明文を更新し、成功レスポンスを返すこと",
					"status": "passed",
					"title": "ラベルの説明文を更新し、成功レスポンスを返すこと",
					"duration": 0.5230419999999754,
					"failureMessages": [],
					"meta": {}
				},
				{
					"ancestorTitles": ["Labels Route", "PATCH /api/labels/:id"],
					"fullName": "Labels Route PATCH /api/labels/:id nullを指定して説明文を削除できること",
					"status": "passed",
					"title": "nullを指定して説明文を削除できること",
					"duration": 0.37916699999999537,
					"failureMessages": [],
					"meta": {}
				},
				{
					"ancestorTitles": ["Labels Route", "PATCH /api/labels/:id"],
					"fullName": "Labels Route PATCH /api/labels/:id リクエストボディにdescriptionがない場合、400エラーレスポンスを返すこと",
					"status": "passed",
					"title": "リクエストボディにdescriptionがない場合、400エラーレスポンスを返すこと",
					"duration": 0.20129200000002356,
					"failureMessages": [],
					"meta": {}
				},
				{
					"ancestorTitles": ["Labels Route", "PATCH /api/labels/:id"],
					"fullName": "Labels Route PATCH /api/labels/:id 不正なID形式の場合、400エラーレスポンスを返すこと",
					"status": "passed",
					"title": "不正なID形式の場合、400エラーレスポンスを返すこと",
					"duration": 3.710790999999972,
					"failureMessages": [],
					"meta": {}
				},
				{
					"ancestorTitles": ["Labels Route", "PATCH /api/labels/:id"],
					"fullName": "Labels Route PATCH /api/labels/:id 存在しないラベルの場合、404エラーレスポンスを返すこと",
					"status": "passed",
					"title": "存在しないラベルの場合、404エラーレスポンスを返すこと",
					"duration": 1.0148339999999507,
					"failureMessages": [],
					"meta": {}
				},
				{
					"ancestorTitles": ["Labels Route", "PATCH /api/labels/:id"],
					"fullName": "Labels Route PATCH /api/labels/:id サービスでエラーが発生した場合、500エラーレスポンスを返すこと",
					"status": "passed",
					"title": "サービスでエラーが発生した場合、500エラーレスポンスを返すこと",
					"duration": 0.3487079999999878,
					"failureMessages": [],
					"meta": {}
				},
				{
					"ancestorTitles": ["Labels Route", "DELETE /api/labels/:id"],
					"fullName": "Labels Route DELETE /api/labels/:id ラベルを削除し、成功レスポンスを返すこと",
					"status": "passed",
					"title": "ラベルを削除し、成功レスポンスを返すこと",
					"duration": 0.26558399999998983,
					"failureMessages": [],
					"meta": {}
				},
				{
					"ancestorTitles": ["Labels Route", "DELETE /api/labels/:id"],
					"fullName": "Labels Route DELETE /api/labels/:id 不正なID形式の場合、400エラーレスポンスを返すこと",
					"status": "passed",
					"title": "不正なID形式の場合、400エラーレスポンスを返すこと",
					"duration": 0.17816699999997354,
					"failureMessages": [],
					"meta": {}
				},
				{
					"ancestorTitles": ["Labels Route", "DELETE /api/labels/:id"],
					"fullName": "Labels Route DELETE /api/labels/:id 存在しないラベルの場合、404エラーレスポンスを返すこと",
					"status": "passed",
					"title": "存在しないラベルの場合、404エラーレスポンスを返すこと",
					"duration": 0.23754100000002154,
					"failureMessages": [],
					"meta": {}
				},
				{
					"ancestorTitles": ["Labels Route", "DELETE /api/labels/:id"],
					"fullName": "Labels Route DELETE /api/labels/:id サービスでエラーが発生した場合、500エラーレスポンスを返すこと",
					"status": "passed",
					"title": "サービスでエラーが発生した場合、500エラーレスポンスを返すこと",
					"duration": 0.4075419999999781,
					"failureMessages": [],
					"meta": {}
				}
			],
			"startTime": 1749048461211,
			"endTime": 1749048461237.4075,
			"status": "passed",
			"message": "",
			"name": "/Users/r-horie/private/yomimono/main/api/tests/unit/routes/labels.test.ts"
		},
		{
			"assertionResults": [
				{
					"ancestorTitles": ["RatingsRouter", "POST /bookmarks/:id/rating"],
					"fullName": "RatingsRouter POST /bookmarks/:id/rating 正常な評価作成リクエストで201を返すこと",
					"status": "passed",
					"title": "正常な評価作成リクエストで201を返すこと",
[...]
					"line": 62,
					"loc": {
						"start": { "line": 62, "column": 12 },
						"end": { "line": 63, "column": 23 }
					},
					"locations": [
						{
							"start": { "line": 62, "column": 12 },
							"end": { "line": 63, "column": 23 }
						}
					]
				},
				"16": {
					"type": "branch",
					"line": 77,
					"loc": {
						"start": { "line": 77, "column": 9 },
						"end": { "line": 109, "column": 2 }
					},
					"locations": [
						{
							"start": { "line": 77, "column": 9 },
							"end": { "line": 109, "column": 2 }
						}
					]
				},
				"17": {
					"type": "branch",
					"line": 78,
					"loc": {
						"start": { "line": 78, "column": 42 },
						"end": { "line": 78, "column": 59 }
					},
					"locations": [
						{
							"start": { "line": 78, "column": 42 },
							"end": { "line": 78, "column": 59 }
						}
					]
				},
				"18": {
					"type": "branch",
					"line": 81,
					"loc": {
						"start": { "line": 81, "column": 37 },
						"end": { "line": 108, "column": 3 }
					},
					"locations": [
						{
							"start": { "line": 81, "column": 37 },
							"end": { "line": 108, "column": 3 }
						}
					]
				},
				"19": {
					"type": "branch",
					"line": 86,
					"loc": {
						"start": { "line": 86, "column": 23 },
						"end": { "line": 86, "column": 48 }
					},
					"locations": [
						{
							"start": { "line": 86, "column": 23 },
							"end": { "line": 86, "column": 48 }
						}
					]
				},
				"20": {
					"type": "branch",
					"line": 99,
					"loc": {
						"start": { "line": 99, "column": 13 },
						"end": { "line": 100, "column": 24 }
					},
					"locations": [
						{
							"start": { "line": 99, "column": 13 },
							"end": { "line": 100, "column": 24 }
						}
					]
				},
				"21": {
					"type": "branch",
					"line": 103,
					"loc": {
						"start": { "line": 103, "column": 5 },
						"end": { "line": 103, "column": 52 }
					},
					"locations": [
						{
							"start": { "line": 103, "column": 5 },
							"end": { "line": 103, "column": 52 }
						}
					]
				},
				"22": {
					"type": "branch",
					"line": 103,
					"loc": {
						"start": { "line": 103, "column": 31 },
						"end": { "line": 103, "column": 48 }
					},
					"locations": [
						{
							"start": { "line": 103, "column": 31 },
							"end": { "line": 103, "column": 48 }
						}
					]
				},
				"23": {
					"type": "branch",
					"line": 103,
					"loc": {
						"start": { "line": 103, "column": 40 },
						"end": { "line": 103, "column": 52 }
					},
					"locations": [
						{
							"start": { "line": 103, "column": 40 },
							"end": { "line": 103, "column": 52 }
						}
					]
				},
				"24": {
					"type": "branch",
					"line": 117,
					"loc": {
						"start": { "line": 117, "column": 9 },
						"end": { "line": 125, "column": 2 }
					},
					"locations": [
						{
							"start": { "line": 117, "column": 9 },
							"end": { "line": 125, "column": 2 }
						}
					]
				},
				"25": {
					"type": "branch",
					"line": 118,
					"loc": {
						"start": { "line": 118, "column": 32 },
						"end": { "line": 120, "column": 3 }
					},
					"locations": [
						{
							"start": { "line": 118, "column": 32 },
							"end": { "line": 120, "column": 3 }
						}
					]
				},
				"26": {
					"type": "branch",
					"line": 121,
					"loc": {
						"start": { "line": 121, "column": 27 },
						"end": { "line": 123, "column": 3 }
					},
					"locations": [
						{
							"start": { "line": 121, "column": 27 },
							"end": { "line": 123, "column": 3 }
						}
					]
				},
				"27": {
					"type": "branch",
					"line": 124,
					"loc": {
						"start": { "line": 124, "column": 22 },
						"end": { "line": 124, "column": 40 }
					},
					"locations": [
						{
							"start": { "line": 124, "column": 22 },
							"end": { "line": 124, "column": 40 }
						}
					]
				},
				"28": {
					"type": "branch",
					"line": 124,
					"loc": {
						"start": { "line": 124, "column": 32 },
						"end": { "line": 124, "column": 43 }
					},
					"locations": [
						{
							"start": { "line": 124, "column": 32 },
							"end": { "line": 124, "column": 43 }
						}
					]
				}
			},
			"b": {
				"0": [5],
				"1": [5],
				"2": [5],
				"3": [2],
				"4": [2],
				"5": [3],
				"6": [1],
				"7": [2],
				"8": [2],
				"9": [1],
				"10": [1],
				"11": [3],
				"12": [0],
				"13": [1],
				"14": [1],
				"15": [0],
				"16": [1],
				"17": [0],
				"18": [1],
				"19": [0],
				"20": [0],
				"21": [2],
				"22": [0],
				"23": [0],
				"24": [1],
				"25": [0],
				"26": [0],
				"27": [0],
				"28": [0]
			},
			"fnMap": {
				"0": {
					"name": "<instance_members_initializer>",
					"decl": {
						"start": { "line": 8, "column": 9 },
						"end": { "line": 8, "column": 27 }
					},
					"loc": {
						"start": { "line": 8, "column": 9 },
						"end": { "line": 8, "column": 27 }
					},
					"line": 8
				},
				"1": {
					"name": "RSSParser",
					"decl": {
						"start": { "line": 10, "column": 1 },
						"end": { "line": 15, "column": 2 }
					},
					"loc": {
						"start": { "line": 10, "column": 1 },
						"end": { "line": 15, "column": 2 }
					},
					"line": 10
				},
				"2": {
					"name": "parseFeed",
					"decl": {
						"start": { "line": 23, "column": 1 },
						"end": { "line": 35, "column": 2 }
					},
					"loc": {
						"start": { "line": 23, "column": 1 },
						"end": { "line": 35, "column": 2 }
					},
					"line": 23
				},
				"3": {
					"name": "parseRSS2",
					"decl": {
						"start": { "line": 43, "column": 9 },
						"end": { "line": 69, "column": 2 }
					},
					"loc": {
						"start": { "line": 43, "column": 9 },
						"end": { "line": 69, "column": 2 }
					},
					"line": 43
				},
				"4": {
					"name": "parseAtom",
					"decl": {
						"start": { "line": 77, "column": 9 },
						"end": { "line": 109, "column": 2 }
					},
					"loc": {
						"start": { "line": 77, "column": 9 },
						"end": { "line": 109, "column": 2 }
					},
					"line": 77
				},
				"5": {
					"name": "getAtomLink",
					"decl": {
						"start": { "line": 117, "column": 9 },
						"end": { "line": 125, "column": 2 }
					},
					"loc": {
						"start": { "line": 117, "column": 9 },
						"end": { "line": 125, "column": 2 }
					},
					"line": 117
				}
			},
			"f": { "0": 5, "1": 5, "2": 5, "3": 2, "4": 1, "5": 1 }
		},
		"/Users/r-horie/private/yomimono/main/api/src/workers/rssBatch.ts": {
			"path": "/Users/r-horie/private/yomimono/main/api/src/workers/rssBatch.ts",
			"all": false,
			"statementMap": {
				"1": {
					"start": { "line": 2, "column": 0 },
					"end": { "line": 2, "column": 63 }
				},
				"2": {
					"start": { "line": 3, "column": 0 },
					"end": { "line": 3, "column": 58 }
				},
				"9": {
					"start": { "line": 10, "column": 0 },
					"end": { "line": 10, "column": 16 }
				},
				"10": {
					"start": { "line": 11, "column": 0 },
					"end": { "line": 11, "column": 17 }
				},
				"11": {
					"start": { "line": 12, "column": 0 },
					"end": { "line": 12, "column": 34 }
				},
				"12": {
					"start": { "line": 13, "column": 0 },
					"end": { "line": 13, "column": 11 }
				},
				"13": {
					"start": { "line": 14, "column": 0 },
					"end": { "line": 14, "column": 24 }
				},
				"14": {
					"start": { "line": 15, "column": 0 },
					"end": { "line": 15, "column": 19 }
				},
				"15": {
					"start": { "line": 16, "column": 0 },
					"end": { "line": 16, "column": 29 }
				},
				"17": {
					"start": { "line": 18, "column": 0 },
					"end": { "line": 18, "column": 20 }
				},
				"18": {
					"start": { "line": 19, "column": 0 },
					"end": { "line": 19, "column": 46 }
				},
				"20": {
					"start": { "line": 21, "column": 0 },
					"end": { "line": 21, "column": 7 }
				},
				"21": {
					"start": { "line": 22, "column": 0 },
					"end": { "line": 22, "column": 25 }
				},
				"23": {
					"start": { "line": 24, "column": 0 },
					"end": { "line": 24, "column": 64 }
				},
				"24": {
					"start": { "line": 25, "column": 0 },
					"end": { "line": 25, "column": 41 }
				},
				"27": {
					"start": { "line": 28, "column": 0 },
					"end": { "line": 28, "column": 36 }
				},
				"28": {
					"start": { "line": 29, "column": 0 },
					"end": { "line": 29, "column": 56 }
				},
				"29": {
					"start": { "line": 30, "column": 0 },
					"end": { "line": 30, "column": 53 }
				},
				"31": {
					"start": { "line": 32, "column": 0 },
					"end": { "line": 32, "column": 34 }
				},
				"32": {
					"start": { "line": 33, "column": 0 },
					"end": { "line": 33, "column": 35 }
				},
				"33": {
					"start": { "line": 34, "column": 0 },
					"end": { "line": 34, "column": 71 }
				},
				"34": {
					"start": { "line": 35, "column": 0 },
					"end": { "line": 35, "column": 11 }
				},
				"35": {
					"start": { "line": 36, "column": 0 },
					"end": { "line": 36, "column": 4 }
				},
				"38": {
					"start": { "line": 39, "column": 0 },
					"end": { "line": 39, "column": 24 }
				},
				"39": {
					"start": { "line": 40, "column": 0 },
					"end": { "line": 40, "column": 22 }
				},
				"40": {
					"start": { "line": 41, "column": 0 },
					"end": { "line": 41, "column": 31 }
				},
				"43": {
					"start": { "line": 44, "column": 0 },
					"end": { "line": 44, "column": 36 }
				},
				"44": {
					"start": { "line": 45, "column": 0 },
					"end": { "line": 45, "column": 46 }
				},
				"45": {
					"start": { "line": 46, "column": 0 },
					"end": { "line": 46, "column": 54 }
				},
				"47": {
					"start": { "line": 48, "column": 0 },
					"end": { "line": 48, "column": 9 }
				},
				"48": {
					"start": { "line": 49, "column": 0 },
					"end": { "line": 49, "column": 35 }
				},
				"49": {
					"start": { "line": 50, "column": 0 },
					"end": { "line": 50, "column": 20 }
				},
				"50": {
					"start": { "line": 51, "column": 0 },
					"end": { "line": 51, "column": 47 }
				},
				"51": {
					"start": { "line": 52, "column": 0 },
					"end": { "line": 52, "column": 21 }
				},
				"52": {
					"start": { "line": 53, "column": 0 },
					"end": { "line": 53, "column": 18 }
				},
				"53": {
					"start": { "line": 54, "column": 0 },
					"end": { "line": 54, "column": 59 }
				},
				"54": {
					"start": { "line": 55, "column": 0 },
					"end": { "line": 55, "column": 60 }
				},
				"55": {
					"start": { "line": 56, "column": 0 },
					"end": { "line": 56, "column": 8 }
				},
				"56": {
					"start": { "line": 57, "column": 0 },
					"end": { "line": 57, "column": 33 }
				},
				"57": {
					"start": { "line": 58, "column": 0 },
					"end": { "line": 58, "column": 31 }
				},
				"58": {
					"start": { "line": 59, "column": 0 },
					"end": { "line": 59, "column": 5 }
				},
				"59": {
					"start": { "line": 60, "column": 0 },
					"end": { "line": 60, "column": 4 }
				},
				"62": {
					"start": { "line": 63, "column": 0 },
					"end": { "line": 63, "column": 36 }
				},
				"63": {
					"start": { "line": 64, "column": 0 },
					"end": { "line": 64, "column": 15 }
				},
				"64": {
					"start": { "line": 65, "column": 0 },
					"end": { "line": 65, "column": 53 }
				},
				"65": {
					"start": { "line": 66, "column": 0 },
					"end": { "line": 66, "column": 23 }
				},
				"66": {
					"start": { "line": 67, "column": 0 },
					"end": { "line": 67, "column": 17 }
				},
				"67": {
					"start": { "line": 68, "column": 0 },
					"end": { "line": 68, "column": 15 }
				},
				"68": {
					"start": { "line": 69, "column": 0 },
					"end": { "line": 69, "column": 5 }
				},
				"70": {
					"start": { "line": 71, "column": 0 },
					"end": { "line": 71, "column": 15 }
				},
				"71": {
					"start": { "line": 72, "column": 0 },
					"end": { "line": 72, "column": 79 }
				},
				"72": {
					"start": { "line": 73, "column": 0 },
					"end": { "line": 73, "column": 5 }
				},
				"73": {
					"start": { "line": 74, "column": 0 },
					"end": { "line": 74, "column": 19 }
				},
				"74": {
					"start": { "line": 75, "column": 0 },
					"end": { "line": 75, "column": 37 }
				},
				"75": {
					"start": { "line": 76, "column": 0 },
					"end": { "line": 76, "column": 15 }
				},
				"76": {
					"start": { "line": 77, "column": 0 },
					"end": { "line": 77, "column": 3 }
				},
				"77": {
					"start": { "line": 78, "column": 0 },
					"end": { "line": 78, "column": 3 }
				},
				"78": {
					"start": { "line": 79, "column": 0 },
					"end": { "line": 79, "column": 2 }
				}
			},
			"s": {
				"1": 1,
				"2": 1,
				"9": 1,
				"10": 1,
				"11": 6,
				"12": 6,
				"13": 6,
				"14": 6,
				"15": 6,
				"17": 6,
				"18": 6,
				"20": 6,
				"21": 6,
				"23": 6,
				"24": 6,
				"27": 6,
				"28": 6,
				"29": 5,
				"31": 6,
				"32": 1,
				"33": 1,
				"34": 1,
				"35": 1,
				"38": 4,
				"39": 4,
				"40": 4,
				"43": 6,
				"44": 27,
				"45": 27,
				"47": 27,
				"48": 27,
				"49": 25,
				"50": 25,
				"51": 27,
				"52": 2,
				"53": 2,
				"54": 2,
				"55": 2,
				"56": 2,
				"57": 2,
				"58": 2,
				"59": 27,
				"62": 4,
				"63": 4,
				"64": 6,
				"65": 6,
				"66": 6,
				"67": 6,
				"68": 6,
				"70": 4,
				"71": 4,
				"72": 4,
				"73": 6,
				"74": 1,
				"75": 1,
				"76": 1,
				"77": 6,
				"78": 1
			},
			"branchMap": {
				"0": {
					"type": "branch",
					"line": 11,
					"loc": {
						"start": { "line": 11, "column": 1 },
						"end": { "line": 78, "column": 3 }
					},
					"locations": [
						{
							"start": { "line": 11, "column": 1 },
							"end": { "line": 78, "column": 3 }
						}
					]
				},
				"1": {
					"type": "branch",
					"line": 29,
					"loc": {
						"start": { "line": 29, "column": 54 },
						"end": { "line": 32, "column": 33 }
					},
					"locations": [
						{
							"start": { "line": 29, "column": 54 },
							"end": { "line": 32, "column": 33 }
						}
					]
				},
				"2": {
					"type": "branch",
					"line": 32,
					"loc": {
						"start": { "line": 32, "column": 33 },
						"end": { "line": 36, "column": 4 }
					},
					"locations": [
						{
							"start": { "line": 32, "column": 33 },
							"end": { "line": 36, "column": 4 }
						}
					]
				},
				"3": {
					"type": "branch",
					"line": 36,
					"loc": {
						"start": { "line": 36, "column": 3 },
						"end": { "line": 44, "column": 35 }
					},
					"locations": [
						{
							"start": { "line": 36, "column": 3 },
							"end": { "line": 44, "column": 35 }
						}
					]
				},
				"4": {
					"type": "branch",
					"line": 44,
					"loc": {
						"start": { "line": 44, "column": 35 },
						"end": { "line": 60, "column": 4 }
					},
					"locations": [
						{
							"start": { "line": 44, "column": 35 },
							"end": { "line": 60, "column": 4 }
						}
					]
				},
				"5": {
					"type": "branch",
					"line": 49,
					"loc": {
						"start": { "line": 49, "column": 33 },
						"end": { "line": 52, "column": 13 }
					},
					"locations": [
						{
							"start": { "line": 49, "column": 33 },
							"end": { "line": 52, "column": 13 }
						}
					]
				},
				"6": {
					"type": "branch",
					"line": 52,
					"loc": {
						"start": { "line": 52, "column": 4 },
						"end": { "line": 59, "column": 5 }
					},
					"locations": [
						{
							"start": { "line": 52, "column": 4 },
							"end": { "line": 59, "column": 5 }
						}
					]
				},
				"7": {
					"type": "branch",
					"line": 55,
					"loc": {
						"start": { "line": 55, "column": 23 },
						"end": { "line": 55, "column": 47 }
					},
					"locations": [
						{
							"start": { "line": 55, "column": 23 },
							"end": { "line": 55, "column": 47 }
						}
					]
				},
				"8": {
					"type": "branch",
					"line": 55,
					"loc": {
						"start": { "line": 55, "column": 37 },
						"end": { "line": 55, "column": 60 }
					},
					"locations": [
						{
							"start": { "line": 55, "column": 37 },
							"end": { "line": 55, "column": 60 }
						}
					]
				},
				"9": {
					"type": "branch",
					"line": 60,
					"loc": {
						"start": { "line": 60, "column": 3 },
						"end": { "line": 65, "column": 21 }
					},
					"locations": [
						{
							"start": { "line": 60, "column": 3 },
							"end": { "line": 65, "column": 21 }
						}
					]
				},
				"10": {
					"type": "branch",
					"line": 65,
					"loc": {
						"start": { "line": 65, "column": 17 },
						"end": { "line": 65, "column": 41 }
					},
					"locations": [
						{
							"start": { "line": 65, "column": 17 },
							"end": { "line": 65, "column": 41 }
						}
					]
				},
				"11": {
					"type": "branch",
					"line": 65,
					"loc": {
						"start": { "line": 65, "column": 21 },
						"end": { "line": 65, "column": 53 }
					},
					"locations": [
						{
							"start": { "line": 65, "column": 21 },
							"end": { "line": 65, "column": 53 }
						}
					]
				},
				"12": {
					"type": "branch",
					"line": 69,
					"loc": {
						"start": { "line": 69, "column": 3 },
						"end": { "line": 74, "column": 11 }
					},
					"locations": [
						{
							"start": { "line": 69, "column": 3 },
							"end": { "line": 74, "column": 11 }
						}
					]
				},
				"13": {
					"type": "branch",
					"line": 74,
					"loc": {
						"start": { "line": 74, "column": 2 },
						"end": { "line": 77, "column": 3 }
					},
					"locations": [
						{
							"start": { "line": 74, "column": 2 },
							"end": { "line": 77, "column": 3 }
						}
					]
				}
			},
			"b": {
				"0": [6],
				"1": [5],
				"2": [1],
				"3": [4],
				"4": [27],
				"5": [25],
				"6": [2],
				"7": [1],
				"8": [1],
				"9": [4],
				"10": [2],
				"11": [2],
				"12": [4],
				"13": [1]
			},
			"fnMap": {
				"0": {
					"name": "scheduled",
					"decl": {
						"start": { "line": 11, "column": 1 },
						"end": { "line": 78, "column": 3 }
					},
					"loc": {
						"start": { "line": 11, "column": 1 },
						"end": { "line": 78, "column": 3 }
					},
					"line": 11
				}
			},
			"f": { "0": 6 }
		},
		"/Users/r-horie/private/yomimono/main/api/tests/test-utils.ts": {
			"path": "/Users/r-horie/private/yomimono/main/api/tests/test-utils.ts",
			"all": false,
			"statementMap": {
				"1": {
					"start": { "line": 2, "column": 0 },
					"end": { "line": 2, "column": 28 }
				},
				"3": {
					"start": { "line": 4, "column": 0 },
					"end": { "line": 4, "column": 30 }
				},
				"4": {
					"start": { "line": 5, "column": 0 },
					"end": { "line": 5, "column": 61 }
				},
				"5": {
					"start": { "line": 6, "column": 0 },
					"end": { "line": 6, "column": 2 }
				},
				"7": {
					"start": { "line": 8, "column": 0 },
					"end": { "line": 8, "column": 73 }
				}
			},
			"s": { "1": 1, "3": 1, "4": 1, "5": 1, "7": 1 },
			"branchMap": {},
			"b": {},
			"fnMap": {
				"0": {
					"name": "text",
					"decl": {
						"start": { "line": 5, "column": 7 },
						"end": { "line": 5, "column": 61 }
					},
					"loc": {
						"start": { "line": 5, "column": 7 },
						"end": { "line": 5, "column": 61 }
					},
					"line": 5
				}
			},
			"f": { "0": 0 }
		},
		"/Users/r-horie/private/yomimono/main/api/src/types/rss.ts": {
			"path": "/Users/r-horie/private/yomimono/main/api/src/types/rss.ts",
			"all": true,
			"statementMap": {},
			"s": {},
			"branchMap": {
				"0": {
					"type": "branch",
					"line": 1,
					"loc": {
						"start": { "line": 1, "column": 193 },
						"end": { "line": 12, "column": 1 }
					},
					"locations": [
						{
							"start": { "line": 1, "column": 193 },
							"end": { "line": 12, "column": 1 }
						}
					]
				}
			},
			"b": { "0": [1] },
			"fnMap": {
				"0": {
					"name": "(empty-report)",
					"decl": {
						"start": { "line": 1, "column": 193 },
						"end": { "line": 12, "column": 1 }
					},
					"loc": {
						"start": { "line": 1, "column": 193 },
						"end": { "line": 12, "column": 1 }
					},
					"line": 1
				}
			},
			"f": { "0": 1 }
		}
	}
}
